============================= test session starts ==============================
platform linux -- Python 3.10.12, pytest-8.3.3, pluggy-1.5.0
benchmark: 4.0.0 (defaults: timer=time.perf_counter disable_gc=False min_rounds=5 min_time=0.000005 max_time=1.0 calibration_precision=10 warmup=False warmup_iterations=100000)
rootdir: /testbed
configfile: pyproject.toml
plugins: benchmark-4.0.0, metadata-3.1.1, cov-5.0.0, json-report-1.5.0
collected 150 items / 10 deselected / 140 selected

tests/test_condition.py .....................                            [ 15%]
tests/test_environment.py ......                                         [ 19%]
tests/test_event.py .........                                            [ 25%]
tests/test_exceptions.py ..........                                      [ 32%]
tests/test_interrupts.py ..........                                      [ 40%]
tests/test_process.py .........                                          [ 46%]
tests/test_resources.py ........................................         [ 75%]
tests/test_rt.py .........                                               [ 81%]
tests/test_timeout.py .....                                              [ 85%]
tests/test_util.py ....................                                  [ 99%]
tests/test_version.py .                                                  [100%]

--------------------------------- JSON report ----------------------------------
report saved to: report.json
====================== 140 passed, 10 deselected in 2.00s ======================
