============================= test session starts ==============================
platform linux -- Python 3.10.12, pytest-8.3.3, pluggy-1.5.0
rootdir: /testbed
configfile: setup.cfg
plugins: metadata-3.1.1, cov-5.0.0, json-report-1.5.0
collected 171 items

tests/test.py ..                                                         [  1%]
tests/test_deprecated.py .........................................       [ 25%]
tests/test_deprecated_class.py .......                                   [ 29%]
tests/test_deprecated_metaclass.py ....                                  [ 31%]
tests/test_sphinx.py ................................................... [ 61%]
...........................................                              [ 86%]
tests/test_sphinx_adapter.py ............                                [ 93%]
tests/test_sphinx_class.py .......                                       [ 97%]
tests/test_sphinx_metaclass.py ....                                      [100%]

=============================== warnings summary ===============================
tests/test.py:2
  /testbed/tests/test.py:2: DeprecationWarning: pkg_resources is deprecated as an API. See https://setuptools.pypa.io/en/latest/pkg_resources.html
    import pkg_resources

.venv/lib/python3.10/site-packages/pkg_resources/__init__.py:3154
  /testbed/.venv/lib/python3.10/site-packages/pkg_resources/__init__.py:3154: DeprecationWarning: Deprecated call to `pkg_resources.declare_namespace('sphinxcontrib')`.
  Implementing implicit namespace packages (as specified in PEP 420) is preferred to `pkg_resources.declare_namespace`. See https://setuptools.pypa.io/en/latest/references/keywords.html#keyword-namespace-packages
    declare_namespace(pkg)

tests/test_deprecated_class.py::test_simple_class_deprecation_with_args
  /testbed/tests/test_deprecated_class.py:148: DeprecationWarning: Call to deprecated class MyClass. (kwargs class)
    MyClass(5)

tests/test_sphinx_class.py::test_isinstance_deprecated
  /testbed/tests/test_sphinx_class.py:134: DeprecationWarning: Call to deprecated class DeprecatedChildCls. (some reason) -- Deprecated since version Y.Z.
    instance = DeprecatedChildCls()

tests/test_sphinx_class.py::test_isinstance_deprecated
  /testbed/deprecated/classic.py:173: DeprecationWarning: Call to deprecated class DeprecatedCls. (some reason) -- Deprecated since version X.Y.
    return old_new1(cls, *args, **kwargs)

-- Docs: https://docs.pytest.org/en/stable/how-to/capture-warnings.html
--------------------------------- JSON report ----------------------------------
report saved to: report.json
======================= 171 passed, 5 warnings in 0.43s ========================
