============================= test session starts ==============================
platform linux -- Python 3.12.6, pytest-8.3.3, pluggy-1.5.0
rootdir: /testbed
configfile: tox.ini
plugins: metadata-3.1.1, json-report-1.5.0, cov-5.0.0
collected 1 item / 9 errors

tests/test_exceptions.py .                                               [100%]

==================================== ERRORS ====================================
___________________ ERROR collecting tests/test_advisory.py ____________________
ImportError while importing test module '/testbed/tests/test_advisory.py'.
Hint: make sure your test modules/packages have valid Python names.
Traceback:
/root/.local/share/uv/python/cpython-3.12.6-linux-x86_64-gnu/lib/python3.12/importlib/__init__.py:90: in import_module
    return _bootstrap._gcd_import(name[level:], package, level)
tests/test_advisory.py:3: in <module>
    import jwt
jwt/__init__.py:1: in <module>
    from .api_jwk import PyJWK, PyJWKSet
jwt/api_jwk.py:5: in <module>
    from .algorithms import get_default_algorithms, has_crypto, requires_cryptography
jwt/algorithms.py:10: in <module>
    from .utils import base64url_decode, base64url_encode, der_to_raw_signature, force_bytes, from_base64url_uint, is_pem_format, is_ssh_key, raw_to_der_signature, to_base64url_uint
E   ImportError: cannot import name 'base64url_decode' from 'jwt.utils' (/testbed/jwt/utils.py)
__________________ ERROR collecting tests/test_algorithms.py ___________________
ImportError while importing test module '/testbed/tests/test_algorithms.py'.
Hint: make sure your test modules/packages have valid Python names.
Traceback:
/root/.local/share/uv/python/cpython-3.12.6-linux-x86_64-gnu/lib/python3.12/importlib/__init__.py:90: in import_module
    return _bootstrap._gcd_import(name[level:], package, level)
tests/test_algorithms.py:7: in <module>
    from jwt.algorithms import HMACAlgorithm, NoneAlgorithm, has_crypto
jwt/__init__.py:1: in <module>
    from .api_jwk import PyJWK, PyJWKSet
jwt/api_jwk.py:5: in <module>
    from .algorithms import get_default_algorithms, has_crypto, requires_cryptography
jwt/algorithms.py:10: in <module>
    from .utils import base64url_decode, base64url_encode, der_to_raw_signature, force_bytes, from_base64url_uint, is_pem_format, is_ssh_key, raw_to_der_signature, to_base64url_uint
E   ImportError: cannot import name 'base64url_decode' from 'jwt.utils' (/testbed/jwt/utils.py)
____________________ ERROR collecting tests/test_api_jwk.py ____________________
ImportError while importing test module '/testbed/tests/test_api_jwk.py'.
Hint: make sure your test modules/packages have valid Python names.
Traceback:
/root/.local/share/uv/python/cpython-3.12.6-linux-x86_64-gnu/lib/python3.12/importlib/__init__.py:90: in import_module
    return _bootstrap._gcd_import(name[level:], package, level)
tests/test_api_jwk.py:5: in <module>
    from jwt.algorithms import has_crypto
jwt/__init__.py:1: in <module>
    from .api_jwk import PyJWK, PyJWKSet
jwt/api_jwk.py:5: in <module>
    from .algorithms import get_default_algorithms, has_crypto, requires_cryptography
jwt/algorithms.py:10: in <module>
    from .utils import base64url_decode, base64url_encode, der_to_raw_signature, force_bytes, from_base64url_uint, is_pem_format, is_ssh_key, raw_to_der_signature, to_base64url_uint
E   ImportError: cannot import name 'base64url_decode' from 'jwt.utils' (/testbed/jwt/utils.py)
____________________ ERROR collecting tests/test_api_jws.py ____________________
ImportError while importing test module '/testbed/tests/test_api_jws.py'.
Hint: make sure your test modules/packages have valid Python names.
Traceback:
/root/.local/share/uv/python/cpython-3.12.6-linux-x86_64-gnu/lib/python3.12/importlib/__init__.py:90: in import_module
    return _bootstrap._gcd_import(name[level:], package, level)
tests/test_api_jws.py:6: in <module>
    from jwt.algorithms import NoneAlgorithm, has_crypto
jwt/__init__.py:1: in <module>
    from .api_jwk import PyJWK, PyJWKSet
jwt/api_jwk.py:5: in <module>
    from .algorithms import get_default_algorithms, has_crypto, requires_cryptography
jwt/algorithms.py:10: in <module>
    from .utils import base64url_decode, base64url_encode, der_to_raw_signature, force_bytes, from_base64url_uint, is_pem_format, is_ssh_key, raw_to_der_signature, to_base64url_uint
E   ImportError: cannot import name 'base64url_decode' from 'jwt.utils' (/testbed/jwt/utils.py)
____________________ ERROR collecting tests/test_api_jwt.py ____________________
ImportError while importing test module '/testbed/tests/test_api_jwt.py'.
Hint: make sure your test modules/packages have valid Python names.
Traceback:
/root/.local/share/uv/python/cpython-3.12.6-linux-x86_64-gnu/lib/python3.12/importlib/__init__.py:90: in import_module
    return _bootstrap._gcd_import(name[level:], package, level)
tests/test_api_jwt.py:9: in <module>
    from jwt.api_jwt import PyJWT
jwt/__init__.py:1: in <module>
    from .api_jwk import PyJWK, PyJWKSet
jwt/api_jwk.py:5: in <module>
    from .algorithms import get_default_algorithms, has_crypto, requires_cryptography
jwt/algorithms.py:10: in <module>
    from .utils import base64url_decode, base64url_encode, der_to_raw_signature, force_bytes, from_base64url_uint, is_pem_format, is_ssh_key, raw_to_der_signature, to_base64url_uint
E   ImportError: cannot import name 'base64url_decode' from 'jwt.utils' (/testbed/jwt/utils.py)
________________ ERROR collecting tests/test_compressed_jwt.py _________________
ImportError while importing test module '/testbed/tests/test_compressed_jwt.py'.
Hint: make sure your test modules/packages have valid Python names.
Traceback:
/root/.local/share/uv/python/cpython-3.12.6-linux-x86_64-gnu/lib/python3.12/importlib/__init__.py:90: in import_module
    return _bootstrap._gcd_import(name[level:], package, level)
tests/test_compressed_jwt.py:4: in <module>
    from jwt import PyJWT
jwt/__init__.py:1: in <module>
    from .api_jwk import PyJWK, PyJWKSet
jwt/api_jwk.py:5: in <module>
    from .algorithms import get_default_algorithms, has_crypto, requires_cryptography
jwt/algorithms.py:10: in <module>
    from .utils import base64url_decode, base64url_encode, der_to_raw_signature, force_bytes, from_base64url_uint, is_pem_format, is_ssh_key, raw_to_der_signature, to_base64url_uint
E   ImportError: cannot import name 'base64url_decode' from 'jwt.utils' (/testbed/jwt/utils.py)
__________________ ERROR collecting tests/test_jwks_client.py __________________
ImportError while importing test module '/testbed/tests/test_jwks_client.py'.
Hint: make sure your test modules/packages have valid Python names.
Traceback:
/root/.local/share/uv/python/cpython-3.12.6-linux-x86_64-gnu/lib/python3.12/importlib/__init__.py:90: in import_module
    return _bootstrap._gcd_import(name[level:], package, level)
tests/test_jwks_client.py:10: in <module>
    import jwt
jwt/__init__.py:1: in <module>
    from .api_jwk import PyJWK, PyJWKSet
jwt/api_jwk.py:5: in <module>
    from .algorithms import get_default_algorithms, has_crypto, requires_cryptography
jwt/algorithms.py:10: in <module>
    from .utils import base64url_decode, base64url_encode, der_to_raw_signature, force_bytes, from_base64url_uint, is_pem_format, is_ssh_key, raw_to_der_signature, to_base64url_uint
E   ImportError: cannot import name 'base64url_decode' from 'jwt.utils' (/testbed/jwt/utils.py)
______________________ ERROR collecting tests/test_jwt.py ______________________
ImportError while importing test module '/testbed/tests/test_jwt.py'.
Hint: make sure your test modules/packages have valid Python names.
Traceback:
/root/.local/share/uv/python/cpython-3.12.6-linux-x86_64-gnu/lib/python3.12/importlib/__init__.py:90: in import_module
    return _bootstrap._gcd_import(name[level:], package, level)
tests/test_jwt.py:1: in <module>
    import jwt
jwt/__init__.py:1: in <module>
    from .api_jwk import PyJWK, PyJWKSet
jwt/api_jwk.py:5: in <module>
    from .algorithms import get_default_algorithms, has_crypto, requires_cryptography
jwt/algorithms.py:10: in <module>
    from .utils import base64url_decode, base64url_encode, der_to_raw_signature, force_bytes, from_base64url_uint, is_pem_format, is_ssh_key, raw_to_der_signature, to_base64url_uint
E   ImportError: cannot import name 'base64url_decode' from 'jwt.utils' (/testbed/jwt/utils.py)
_____________________ ERROR collecting tests/test_utils.py _____________________
ImportError while importing test module '/testbed/tests/test_utils.py'.
Hint: make sure your test modules/packages have valid Python names.
Traceback:
/root/.local/share/uv/python/cpython-3.12.6-linux-x86_64-gnu/lib/python3.12/importlib/__init__.py:90: in import_module
    return _bootstrap._gcd_import(name[level:], package, level)
tests/test_utils.py:3: in <module>
    from jwt.utils import force_bytes, from_base64url_uint, to_base64url_uint
E   ImportError: cannot import name 'force_bytes' from 'jwt.utils' (/testbed/jwt/utils.py)
--------------------------------- JSON report ----------------------------------
report saved to: report.json
=========================== short test summary info ============================
ERROR tests/test_advisory.py
ERROR tests/test_algorithms.py
ERROR tests/test_api_jwk.py
ERROR tests/test_api_jws.py
ERROR tests/test_api_jwt.py
ERROR tests/test_compressed_jwt.py
ERROR tests/test_jwks_client.py
ERROR tests/test_jwt.py
ERROR tests/test_utils.py
========================= 1 passed, 9 errors in 0.48s ==========================
