============================= test session starts ==============================
platform linux -- Python 3.10.12, pytest-8.3.3, pluggy-1.5.0
rootdir: /testbed
configfile: pyproject.toml
plugins: json-report-1.5.0, cov-5.0.0, metadata-3.1.1
collected 0 items / 18 errors

==================================== ERRORS ====================================
__________________ ERROR collecting tests/imapclient_test.py ___________________
ImportError while importing test module '/testbed/tests/imapclient_test.py'.
Hint: make sure your test modules/packages have valid Python names.
Traceback:
/usr/lib/python3.10/importlib/__init__.py:126: in import_module
    return _bootstrap._gcd_import(name[level:], package, level)
tests/imapclient_test.py:3: in <module>
    from imapclient.testable_imapclient import TestableIMAPClient as IMAPClient
imapclient/__init__.py:8: in <module>
    from .imapclient import *  # noqa: F401,F403
imapclient/imapclient.py:15: in <module>
    from . import exceptions, imap4, response_lexer, tls
imapclient/response_lexer.py:8: in <module>
    from .util import assert_imap_protocol
E   ImportError: cannot import name 'assert_imap_protocol' from 'imapclient.util' (/testbed/imapclient/util.py)
_____________________ ERROR collecting tests/test_auth.py ______________________
ImportError while importing test module '/testbed/tests/test_auth.py'.
Hint: make sure your test modules/packages have valid Python names.
Traceback:
/usr/lib/python3.10/importlib/__init__.py:126: in import_module
    return _bootstrap._gcd_import(name[level:], package, level)
tests/test_auth.py:7: in <module>
    from .imapclient_test import IMAPClientTest
tests/imapclient_test.py:3: in <module>
    from imapclient.testable_imapclient import TestableIMAPClient as IMAPClient
imapclient/__init__.py:8: in <module>
    from .imapclient import *  # noqa: F401,F403
imapclient/imapclient.py:15: in <module>
    from . import exceptions, imap4, response_lexer, tls
imapclient/response_lexer.py:8: in <module>
    from .util import assert_imap_protocol
E   ImportError: cannot import name 'assert_imap_protocol' from 'imapclient.util' (/testbed/imapclient/util.py)
_________________ ERROR collecting tests/test_datetime_util.py _________________
ImportError while importing test module '/testbed/tests/test_datetime_util.py'.
Hint: make sure your test modules/packages have valid Python names.
Traceback:
/usr/lib/python3.10/importlib/__init__.py:126: in import_module
    return _bootstrap._gcd_import(name[level:], package, level)
tests/test_datetime_util.py:9: in <module>
    from imapclient.datetime_util import (
imapclient/__init__.py:8: in <module>
    from .imapclient import *  # noqa: F401,F403
imapclient/imapclient.py:15: in <module>
    from . import exceptions, imap4, response_lexer, tls
imapclient/response_lexer.py:8: in <module>
    from .util import assert_imap_protocol
E   ImportError: cannot import name 'assert_imap_protocol' from 'imapclient.util' (/testbed/imapclient/util.py)
____________________ ERROR collecting tests/test_enable.py _____________________
ImportError while importing test module '/testbed/tests/test_enable.py'.
Hint: make sure your test modules/packages have valid Python names.
Traceback:
/usr/lib/python3.10/importlib/__init__.py:126: in import_module
    return _bootstrap._gcd_import(name[level:], package, level)
tests/test_enable.py:9: in <module>
    from .imapclient_test import IMAPClientTest
tests/imapclient_test.py:3: in <module>
    from imapclient.testable_imapclient import TestableIMAPClient as IMAPClient
imapclient/__init__.py:8: in <module>
    from .imapclient import *  # noqa: F401,F403
imapclient/imapclient.py:15: in <module>
    from . import exceptions, imap4, response_lexer, tls
imapclient/response_lexer.py:8: in <module>
    from .util import assert_imap_protocol
E   ImportError: cannot import name 'assert_imap_protocol' from 'imapclient.util' (/testbed/imapclient/util.py)
_________________ ERROR collecting tests/test_fixed_offset.py __________________
ImportError while importing test module '/testbed/tests/test_fixed_offset.py'.
Hint: make sure your test modules/packages have valid Python names.
Traceback:
/usr/lib/python3.10/importlib/__init__.py:126: in import_module
    return _bootstrap._gcd_import(name[level:], package, level)
tests/test_fixed_offset.py:9: in <module>
    from imapclient.fixed_offset import FixedOffset
imapclient/__init__.py:8: in <module>
    from .imapclient import *  # noqa: F401,F403
imapclient/imapclient.py:15: in <module>
    from . import exceptions, imap4, response_lexer, tls
imapclient/response_lexer.py:8: in <module>
    from .util import assert_imap_protocol
E   ImportError: cannot import name 'assert_imap_protocol' from 'imapclient.util' (/testbed/imapclient/util.py)
_________________ ERROR collecting tests/test_folder_status.py _________________
ImportError while importing test module '/testbed/tests/test_folder_status.py'.
Hint: make sure your test modules/packages have valid Python names.
Traceback:
/usr/lib/python3.10/importlib/__init__.py:126: in import_module
    return _bootstrap._gcd_import(name[level:], package, level)
tests/test_folder_status.py:7: in <module>
    from .imapclient_test import IMAPClientTest
tests/imapclient_test.py:3: in <module>
    from imapclient.testable_imapclient import TestableIMAPClient as IMAPClient
imapclient/__init__.py:8: in <module>
    from .imapclient import *  # noqa: F401,F403
imapclient/imapclient.py:15: in <module>
    from . import exceptions, imap4, response_lexer, tls
imapclient/response_lexer.py:8: in <module>
    from .util import assert_imap_protocol
E   ImportError: cannot import name 'assert_imap_protocol' from 'imapclient.util' (/testbed/imapclient/util.py)
___________________ ERROR collecting tests/test_imap_utf7.py ___________________
ImportError while importing test module '/testbed/tests/test_imap_utf7.py'.
Hint: make sure your test modules/packages have valid Python names.
Traceback:
/usr/lib/python3.10/importlib/__init__.py:126: in import_module
    return _bootstrap._gcd_import(name[level:], package, level)
tests/test_imap_utf7.py:7: in <module>
    from imapclient.imap_utf7 import decode, encode
imapclient/__init__.py:8: in <module>
    from .imapclient import *  # noqa: F401,F403
imapclient/imapclient.py:15: in <module>
    from . import exceptions, imap4, response_lexer, tls
imapclient/response_lexer.py:8: in <module>
    from .util import assert_imap_protocol
E   ImportError: cannot import name 'assert_imap_protocol' from 'imapclient.util' (/testbed/imapclient/util.py)
__________________ ERROR collecting tests/test_imapclient.py ___________________
ImportError while importing test module '/testbed/tests/test_imapclient.py'.
Hint: make sure your test modules/packages have valid Python names.
Traceback:
/usr/lib/python3.10/importlib/__init__.py:126: in import_module
    return _bootstrap._gcd_import(name[level:], package, level)
tests/test_imapclient.py:16: in <module>
    from imapclient.fixed_offset import FixedOffset
imapclient/__init__.py:8: in <module>
    from .imapclient import *  # noqa: F401,F403
imapclient/imapclient.py:15: in <module>
    from . import exceptions, imap4, response_lexer, tls
imapclient/response_lexer.py:8: in <module>
    from .util import assert_imap_protocol
E   ImportError: cannot import name 'assert_imap_protocol' from 'imapclient.util' (/testbed/imapclient/util.py)
_____________________ ERROR collecting tests/test_init.py ______________________
ImportError while importing test module '/testbed/tests/test_init.py'.
Hint: make sure your test modules/packages have valid Python names.
Traceback:
/usr/lib/python3.10/importlib/__init__.py:126: in import_module
    return _bootstrap._gcd_import(name[level:], package, level)
tests/test_init.py:8: in <module>
    from imapclient.imapclient import IMAPClient, SocketTimeout
imapclient/__init__.py:8: in <module>
    from .imapclient import *  # noqa: F401,F403
imapclient/imapclient.py:15: in <module>
    from . import exceptions, imap4, response_lexer, tls
imapclient/response_lexer.py:8: in <module>
    from .util import assert_imap_protocol
E   ImportError: cannot import name 'assert_imap_protocol' from 'imapclient.util' (/testbed/imapclient/util.py)
________________ ERROR collecting tests/test_response_lexer.py _________________
ImportError while importing test module '/testbed/tests/test_response_lexer.py'.
Hint: make sure your test modules/packages have valid Python names.
Traceback:
/usr/lib/python3.10/importlib/__init__.py:126: in import_module
    return _bootstrap._gcd_import(name[level:], package, level)
tests/test_response_lexer.py:7: in <module>
    from imapclient.response_lexer import TokenSource
imapclient/__init__.py:8: in <module>
    from .imapclient import *  # noqa: F401,F403
imapclient/imapclient.py:15: in <module>
    from . import exceptions, imap4, response_lexer, tls
imapclient/response_lexer.py:8: in <module>
    from .util import assert_imap_protocol
E   ImportError: cannot import name 'assert_imap_protocol' from 'imapclient.util' (/testbed/imapclient/util.py)
________________ ERROR collecting tests/test_response_parser.py ________________
ImportError while importing test module '/testbed/tests/test_response_parser.py'.
Hint: make sure your test modules/packages have valid Python names.
Traceback:
/usr/lib/python3.10/importlib/__init__.py:126: in import_module
    return _bootstrap._gcd_import(name[level:], package, level)
tests/test_response_parser.py:13: in <module>
    from imapclient.datetime_util import datetime_to_native
imapclient/__init__.py:8: in <module>
    from .imapclient import *  # noqa: F401,F403
imapclient/imapclient.py:15: in <module>
    from . import exceptions, imap4, response_lexer, tls
imapclient/response_lexer.py:8: in <module>
    from .util import assert_imap_protocol
E   ImportError: cannot import name 'assert_imap_protocol' from 'imapclient.util' (/testbed/imapclient/util.py)
____________________ ERROR collecting tests/test_search.py _____________________
ImportError while importing test module '/testbed/tests/test_search.py'.
Hint: make sure your test modules/packages have valid Python names.
Traceback:
/usr/lib/python3.10/importlib/__init__.py:126: in import_module
    return _bootstrap._gcd_import(name[level:], package, level)
tests/test_search.py:10: in <module>
    from imapclient.imapclient import _quoted
imapclient/__init__.py:8: in <module>
    from .imapclient import *  # noqa: F401,F403
imapclient/imapclient.py:15: in <module>
    from . import exceptions, imap4, response_lexer, tls
imapclient/response_lexer.py:8: in <module>
    from .util import assert_imap_protocol
E   ImportError: cannot import name 'assert_imap_protocol' from 'imapclient.util' (/testbed/imapclient/util.py)
_____________________ ERROR collecting tests/test_sort.py ______________________
ImportError while importing test module '/testbed/tests/test_sort.py'.
Hint: make sure your test modules/packages have valid Python names.
Traceback:
/usr/lib/python3.10/importlib/__init__.py:126: in import_module
    return _bootstrap._gcd_import(name[level:], package, level)
tests/test_sort.py:9: in <module>
    from .imapclient_test import IMAPClientTest
tests/imapclient_test.py:3: in <module>
    from imapclient.testable_imapclient import TestableIMAPClient as IMAPClient
imapclient/__init__.py:8: in <module>
    from .imapclient import *  # noqa: F401,F403
imapclient/imapclient.py:15: in <module>
    from . import exceptions, imap4, response_lexer, tls
imapclient/response_lexer.py:8: in <module>
    from .util import assert_imap_protocol
E   ImportError: cannot import name 'assert_imap_protocol' from 'imapclient.util' (/testbed/imapclient/util.py)
___________________ ERROR collecting tests/test_starttls.py ____________________
ImportError while importing test module '/testbed/tests/test_starttls.py'.
Hint: make sure your test modules/packages have valid Python names.
Traceback:
/usr/lib/python3.10/importlib/__init__.py:126: in import_module
    return _bootstrap._gcd_import(name[level:], package, level)
tests/test_starttls.py:8: in <module>
    from imapclient.imapclient import IMAPClient
imapclient/__init__.py:8: in <module>
    from .imapclient import *  # noqa: F401,F403
imapclient/imapclient.py:15: in <module>
    from . import exceptions, imap4, response_lexer, tls
imapclient/response_lexer.py:8: in <module>
    from .util import assert_imap_protocol
E   ImportError: cannot import name 'assert_imap_protocol' from 'imapclient.util' (/testbed/imapclient/util.py)
_____________________ ERROR collecting tests/test_store.py _____________________
ImportError while importing test module '/testbed/tests/test_store.py'.
Hint: make sure your test modules/packages have valid Python names.
Traceback:
/usr/lib/python3.10/importlib/__init__.py:126: in import_module
    return _bootstrap._gcd_import(name[level:], package, level)
tests/test_store.py:8: in <module>
    from imapclient.imapclient import ANSWERED, DELETED, DRAFT, FLAGGED, RECENT, SEEN
imapclient/__init__.py:8: in <module>
    from .imapclient import *  # noqa: F401,F403
imapclient/imapclient.py:15: in <module>
    from . import exceptions, imap4, response_lexer, tls
imapclient/response_lexer.py:8: in <module>
    from .util import assert_imap_protocol
E   ImportError: cannot import name 'assert_imap_protocol' from 'imapclient.util' (/testbed/imapclient/util.py)
____________________ ERROR collecting tests/test_thread.py _____________________
ImportError while importing test module '/testbed/tests/test_thread.py'.
Hint: make sure your test modules/packages have valid Python names.
Traceback:
/usr/lib/python3.10/importlib/__init__.py:126: in import_module
    return _bootstrap._gcd_import(name[level:], package, level)
tests/test_thread.py:9: in <module>
    from .imapclient_test import IMAPClientTest
tests/imapclient_test.py:3: in <module>
    from imapclient.testable_imapclient import TestableIMAPClient as IMAPClient
imapclient/__init__.py:8: in <module>
    from .imapclient import *  # noqa: F401,F403
imapclient/imapclient.py:15: in <module>
    from . import exceptions, imap4, response_lexer, tls
imapclient/response_lexer.py:8: in <module>
    from .util import assert_imap_protocol
E   ImportError: cannot import name 'assert_imap_protocol' from 'imapclient.util' (/testbed/imapclient/util.py)
________________ ERROR collecting tests/test_util_functions.py _________________
ImportError while importing test module '/testbed/tests/test_util_functions.py'.
Hint: make sure your test modules/packages have valid Python names.
Traceback:
/usr/lib/python3.10/importlib/__init__.py:126: in import_module
    return _bootstrap._gcd_import(name[level:], package, level)
tests/test_util_functions.py:8: in <module>
    from imapclient.imapclient import (
imapclient/__init__.py:8: in <module>
    from .imapclient import *  # noqa: F401,F403
imapclient/imapclient.py:15: in <module>
    from . import exceptions, imap4, response_lexer, tls
imapclient/response_lexer.py:8: in <module>
    from .util import assert_imap_protocol
E   ImportError: cannot import name 'assert_imap_protocol' from 'imapclient.util' (/testbed/imapclient/util.py)
____________________ ERROR collecting tests/test_version.py ____________________
ImportError while importing test module '/testbed/tests/test_version.py'.
Hint: make sure your test modules/packages have valid Python names.
Traceback:
/usr/lib/python3.10/importlib/__init__.py:126: in import_module
    return _bootstrap._gcd_import(name[level:], package, level)
tests/test_version.py:7: in <module>
    from imapclient.version import _imapclient_version_string
imapclient/__init__.py:8: in <module>
    from .imapclient import *  # noqa: F401,F403
imapclient/imapclient.py:15: in <module>
    from . import exceptions, imap4, response_lexer, tls
imapclient/response_lexer.py:8: in <module>
    from .util import assert_imap_protocol
E   ImportError: cannot import name 'assert_imap_protocol' from 'imapclient.util' (/testbed/imapclient/util.py)
--------------------------------- JSON report ----------------------------------
report saved to: report.json
=========================== short test summary info ============================
ERROR tests/imapclient_test.py
ERROR tests/test_auth.py
ERROR tests/test_datetime_util.py
ERROR tests/test_enable.py
ERROR tests/test_fixed_offset.py
ERROR tests/test_folder_status.py
ERROR tests/test_imap_utf7.py
ERROR tests/test_imapclient.py
ERROR tests/test_init.py
ERROR tests/test_response_lexer.py
ERROR tests/test_response_parser.py
ERROR tests/test_search.py
ERROR tests/test_sort.py
ERROR tests/test_starttls.py
ERROR tests/test_store.py
ERROR tests/test_thread.py
ERROR tests/test_util_functions.py
ERROR tests/test_version.py
============================== 18 errors in 0.49s ==============================
