============================= test session starts ==============================
platform linux -- Python 3.10.12, pytest-8.3.3, pluggy-1.5.0 -- /testbed/.venv/bin/python3
cachedir: .pytest_cache
metadata: {'Python': '3.10.12', 'Platform': 'Linux-4.4.0-x86_64-with-glibc2.35', 'Packages': {'pytest': '8.3.3', 'pluggy': '1.5.0'}, 'Plugins': {'json-report': '1.5.0', 'metadata': '3.1.1', 'cov': '5.0.0'}}
rootdir: /testbed
configfile: pyproject.toml
plugins: json-report-1.5.0, metadata-3.1.1, cov-5.0.0
collecting ... collected 1229 items

tests/test_decorators.py::test_decorated_processors[True] PASSED         [  0%]
tests/test_decorators.py::test_decorated_processors[False] PASSED        [  0%]
tests/test_decorators.py::test_decorated_processor_returning_none[exclude] PASSED [  0%]
tests/test_decorators.py::test_decorated_processor_returning_none[include] PASSED [  0%]
tests/test_decorators.py::test_decorated_processor_returning_none[raise] PASSED [  0%]
tests/test_decorators.py::TestPassOriginal::test_pass_original_single PASSED [  0%]
tests/test_decorators.py::TestPassOriginal::test_pass_original_many PASSED [  0%]
tests/test_decorators.py::test_decorated_processor_inheritance PASSED    [  0%]
tests/test_decorators.py::test_pre_dump_is_invoked_before_implicit_field_generation PASSED [  0%]
tests/test_decorators.py::TestValidatesDecorator::test_validates PASSED  [  0%]
tests/test_decorators.py::TestValidatesDecorator::test_validates_with_attribute PASSED [  0%]
tests/test_decorators.py::TestValidatesDecorator::test_validates_decorator PASSED [  0%]
tests/test_decorators.py::TestValidatesDecorator::test_field_not_present PASSED [  1%]
tests/test_decorators.py::TestValidatesDecorator::test_precedence PASSED [  1%]
tests/test_decorators.py::TestValidatesDecorator::test_validates_with_data_key PASSED [  1%]
tests/test_decorators.py::TestValidatesSchemaDecorator::test_validator_nested_many_invalid_data PASSED [  1%]
tests/test_decorators.py::TestValidatesSchemaDecorator::test_validator_nested_many_schema_error PASSED [  1%]
tests/test_decorators.py::TestValidatesSchemaDecorator::test_validator_nested_many_field_error PASSED [  1%]
tests/test_decorators.py::TestValidatesSchemaDecorator::test_validator_nested_many_pass_original_and_pass_many[True-expected_data0-expected_original_data0-data0] PASSED [  1%]
tests/test_decorators.py::TestValidatesSchemaDecorator::test_validator_nested_many_pass_original_and_pass_many[False-expected_data1-expected_original_data1-data0] PASSED [  1%]
tests/test_decorators.py::TestValidatesSchemaDecorator::test_decorated_validators PASSED [  1%]
tests/test_decorators.py::TestValidatesSchemaDecorator::test_multiple_validators PASSED [  1%]
tests/test_decorators.py::TestValidatesSchemaDecorator::test_multiple_validators_merge_dict_errors PASSED [  1%]
tests/test_decorators.py::TestValidatesSchemaDecorator::test_passing_original_data PASSED [  1%]
tests/test_decorators.py::TestValidatesSchemaDecorator::test_allow_reporting_field_errors_in_schema_validator PASSED [  2%]
tests/test_decorators.py::TestValidatesSchemaDecorator::test_allow_arbitrary_field_names_in_error PASSED [  2%]
tests/test_decorators.py::TestValidatesSchemaDecorator::test_skip_on_field_errors PASSED [  2%]
tests/test_decorators.py::test_decorator_error_handling PASSED           [  2%]
tests/test_decorators.py::test_decorator_error_handling_with_load[pre_load] PASSED [  2%]
tests/test_decorators.py::test_decorator_error_handling_with_load[post_load] PASSED [  2%]
tests/test_decorators.py::test_decorator_error_handling_with_load_dict_error[pre_load] PASSED [  2%]
tests/test_decorators.py::test_decorator_error_handling_with_load_dict_error[post_load] PASSED [  2%]
tests/test_decorators.py::test_decorator_error_handling_with_dump[pre_dump] PASSED [  2%]
tests/test_decorators.py::test_decorator_error_handling_with_dump[post_dump] PASSED [  2%]
tests/test_decorators.py::test_decorator_post_dump_with_nested_original_and_pass_many[data0-expected_data0-expected_original_data0] PASSED [  2%]
tests/test_decorators.py::test_decorator_post_load_with_nested_original_and_pass_many[data0-expected_data0-expected_original_data0] PASSED [  2%]
tests/test_deserialization.py::TestDeserializingNone::test_fields_allow_none_deserialize_to_none[String] PASSED [  3%]
tests/test_deserialization.py::TestDeserializingNone::test_fields_allow_none_deserialize_to_none[Integer] PASSED [  3%]
tests/test_deserialization.py::TestDeserializingNone::test_fields_allow_none_deserialize_to_none[Boolean] PASSED [  3%]
tests/test_deserialization.py::TestDeserializingNone::test_fields_allow_none_deserialize_to_none[Float] PASSED [  3%]
tests/test_deserialization.py::TestDeserializingNone::test_fields_allow_none_deserialize_to_none[Number] PASSED [  3%]
tests/test_deserialization.py::TestDeserializingNone::test_fields_allow_none_deserialize_to_none[DateTime] PASSED [  3%]
tests/test_deserialization.py::TestDeserializingNone::test_fields_allow_none_deserialize_to_none[Time] PASSED [  3%]
tests/test_deserialization.py::TestDeserializingNone::test_fields_allow_none_deserialize_to_none[Date] PASSED [  3%]
tests/test_deserialization.py::TestDeserializingNone::test_fields_allow_none_deserialize_to_none[TimeDelta] PASSED [  3%]
tests/test_deserialization.py::TestDeserializingNone::test_fields_allow_none_deserialize_to_none[Dict] PASSED [  3%]
tests/test_deserialization.py::TestDeserializingNone::test_fields_allow_none_deserialize_to_none[Url] PASSED [  3%]
tests/test_deserialization.py::TestDeserializingNone::test_fields_allow_none_deserialize_to_none[Email] PASSED [  3%]
tests/test_deserialization.py::TestDeserializingNone::test_fields_allow_none_deserialize_to_none[UUID] PASSED [  3%]
tests/test_deserialization.py::TestDeserializingNone::test_fields_allow_none_deserialize_to_none[Decimal] PASSED [  4%]
tests/test_deserialization.py::TestDeserializingNone::test_fields_allow_none_deserialize_to_none[IP] PASSED [  4%]
tests/test_deserialization.py::TestDeserializingNone::test_fields_allow_none_deserialize_to_none[IPv4] PASSED [  4%]
tests/test_deserialization.py::TestDeserializingNone::test_fields_allow_none_deserialize_to_none[IPv6] PASSED [  4%]
tests/test_deserialization.py::TestDeserializingNone::test_fields_allow_none_deserialize_to_none[IPInterface] PASSED [  4%]
tests/test_deserialization.py::TestDeserializingNone::test_fields_allow_none_deserialize_to_none[IPv4Interface] PASSED [  4%]
tests/test_deserialization.py::TestDeserializingNone::test_fields_allow_none_deserialize_to_none[IPv6Interface] PASSED [  4%]
tests/test_deserialization.py::TestDeserializingNone::test_fields_allow_none_deserialize_to_none[FieldClass20] PASSED [  4%]
tests/test_deserialization.py::TestDeserializingNone::test_fields_allow_none_deserialize_to_none[FieldClass21] PASSED [  4%]
tests/test_deserialization.py::TestDeserializingNone::test_fields_allow_none_deserialize_to_none[FieldClass22] PASSED [  4%]
tests/test_deserialization.py::TestDeserializingNone::test_fields_dont_allow_none_by_default[String] PASSED [  4%]
tests/test_deserialization.py::TestDeserializingNone::test_fields_dont_allow_none_by_default[Integer] PASSED [  4%]
tests/test_deserialization.py::TestDeserializingNone::test_fields_dont_allow_none_by_default[Boolean] PASSED [  5%]
tests/test_deserialization.py::TestDeserializingNone::test_fields_dont_allow_none_by_default[Float] PASSED [  5%]
tests/test_deserialization.py::TestDeserializingNone::test_fields_dont_allow_none_by_default[Number] PASSED [  5%]
tests/test_deserialization.py::TestDeserializingNone::test_fields_dont_allow_none_by_default[DateTime] PASSED [  5%]
tests/test_deserialization.py::TestDeserializingNone::test_fields_dont_allow_none_by_default[Time] PASSED [  5%]
tests/test_deserialization.py::TestDeserializingNone::test_fields_dont_allow_none_by_default[Date] PASSED [  5%]
tests/test_deserialization.py::TestDeserializingNone::test_fields_dont_allow_none_by_default[TimeDelta] PASSED [  5%]
tests/test_deserialization.py::TestDeserializingNone::test_fields_dont_allow_none_by_default[Dict] PASSED [  5%]
tests/test_deserialization.py::TestDeserializingNone::test_fields_dont_allow_none_by_default[Url] PASSED [  5%]
tests/test_deserialization.py::TestDeserializingNone::test_fields_dont_allow_none_by_default[Email] PASSED [  5%]
tests/test_deserialization.py::TestDeserializingNone::test_fields_dont_allow_none_by_default[UUID] PASSED [  5%]
tests/test_deserialization.py::TestDeserializingNone::test_fields_dont_allow_none_by_default[Decimal] PASSED [  5%]
tests/test_deserialization.py::TestDeserializingNone::test_fields_dont_allow_none_by_default[IP] PASSED [  6%]
tests/test_deserialization.py::TestDeserializingNone::test_fields_dont_allow_none_by_default[IPv4] PASSED [  6%]
tests/test_deserialization.py::TestDeserializingNone::test_fields_dont_allow_none_by_default[IPv6] PASSED [  6%]
tests/test_deserialization.py::TestDeserializingNone::test_fields_dont_allow_none_by_default[IPInterface] PASSED [  6%]
tests/test_deserialization.py::TestDeserializingNone::test_fields_dont_allow_none_by_default[IPv4Interface] PASSED [  6%]
tests/test_deserialization.py::TestDeserializingNone::test_fields_dont_allow_none_by_default[IPv6Interface] PASSED [  6%]
tests/test_deserialization.py::TestDeserializingNone::test_fields_dont_allow_none_by_default[FieldClass20] PASSED [  6%]
tests/test_deserialization.py::TestDeserializingNone::test_fields_dont_allow_none_by_default[FieldClass21] PASSED [  6%]
tests/test_deserialization.py::TestDeserializingNone::test_fields_dont_allow_none_by_default[FieldClass22] PASSED [  6%]
tests/test_deserialization.py::TestDeserializingNone::test_allow_none_is_true_if_missing_is_true PASSED [  6%]
tests/test_deserialization.py::TestDeserializingNone::test_list_field_deserialize_none_to_none PASSED [  6%]
tests/test_deserialization.py::TestDeserializingNone::test_tuple_field_deserialize_none_to_none PASSED [  6%]
tests/test_deserialization.py::TestDeserializingNone::test_list_of_nested_allow_none_deserialize_none_to_none PASSED [  6%]
tests/test_deserialization.py::TestDeserializingNone::test_list_of_nested_non_allow_none_deserialize_none_to_validation_error PASSED [  7%]
tests/test_deserialization.py::TestFieldDeserialization::test_float_field_deserialization PASSED [  7%]
tests/test_deserialization.py::TestFieldDeserialization::test_invalid_float_field_deserialization[bad] PASSED [  7%]
tests/test_deserialization.py::TestFieldDeserialization::test_invalid_float_field_deserialization[] PASSED [  7%]
tests/test_deserialization.py::TestFieldDeserialization::test_invalid_float_field_deserialization[in_val2] PASSED [  7%]
tests/test_deserialization.py::TestFieldDeserialization::test_invalid_float_field_deserialization[True] PASSED [  7%]
tests/test_deserialization.py::TestFieldDeserialization::test_invalid_float_field_deserialization[False] PASSED [  7%]
tests/test_deserialization.py::TestFieldDeserialization::test_float_field_overflow PASSED [  7%]
tests/test_deserialization.py::TestFieldDeserialization::test_integer_field_deserialization PASSED [  7%]
tests/test_deserialization.py::TestFieldDeserialization::test_strict_integer_field_deserialization PASSED [  7%]
tests/test_deserialization.py::TestFieldDeserialization::test_decimal_field_deserialization PASSED [  7%]
tests/test_deserialization.py::TestFieldDeserialization::test_decimal_field_with_places PASSED [  7%]
tests/test_deserialization.py::TestFieldDeserialization::test_decimal_field_with_places_and_rounding PASSED [  8%]
tests/test_deserialization.py::TestFieldDeserialization::test_decimal_field_deserialization_string PASSED [  8%]
tests/test_deserialization.py::TestFieldDeserialization::test_decimal_field_special_values PASSED [  8%]
tests/test_deserialization.py::TestFieldDeserialization::test_decimal_field_special_values_not_permitted PASSED [  8%]
tests/test_deserialization.py::TestFieldDeserialization::test_float_field_allow_nan[nan-None] PASSED [  8%]
tests/test_deserialization.py::TestFieldDeserialization::test_float_field_allow_nan[nan-False] PASSED [  8%]
tests/test_deserialization.py::TestFieldDeserialization::test_float_field_allow_nan[nan-True] PASSED [  8%]
tests/test_deserialization.py::TestFieldDeserialization::test_float_field_allow_nan[-nan-None] PASSED [  8%]
tests/test_deserialization.py::TestFieldDeserialization::test_float_field_allow_nan[-nan-False] PASSED [  8%]
tests/test_deserialization.py::TestFieldDeserialization::test_float_field_allow_nan[-nan-True] PASSED [  8%]
tests/test_deserialization.py::TestFieldDeserialization::test_float_field_allow_nan[inf-None] PASSED [  8%]
tests/test_deserialization.py::TestFieldDeserialization::test_float_field_allow_nan[inf-False] PASSED [  8%]
tests/test_deserialization.py::TestFieldDeserialization::test_float_field_allow_nan[inf-True] PASSED [  9%]
tests/test_deserialization.py::TestFieldDeserialization::test_float_field_allow_nan[-inf-None] PASSED [  9%]
tests/test_deserialization.py::TestFieldDeserialization::test_float_field_allow_nan[-inf-False] PASSED [  9%]
tests/test_deserialization.py::TestFieldDeserialization::test_float_field_allow_nan[-inf-True] PASSED [  9%]
tests/test_deserialization.py::TestFieldDeserialization::test_string_field_deserialization PASSED [  9%]
tests/test_deserialization.py::TestFieldDeserialization::test_boolean_field_deserialization PASSED [  9%]
tests/test_deserialization.py::TestFieldDeserialization::test_boolean_field_deserialization_with_custom_truthy_values PASSED [  9%]
tests/test_deserialization.py::TestFieldDeserialization::test_boolean_field_deserialization_with_custom_truthy_values_invalid[notvalid] PASSED [  9%]
tests/test_deserialization.py::TestFieldDeserialization::test_boolean_field_deserialization_with_custom_truthy_values_invalid[123] PASSED [  9%]
tests/test_deserialization.py::TestFieldDeserialization::test_boolean_field_deserialization_with_empty_truthy PASSED [  9%]
tests/test_deserialization.py::TestFieldDeserialization::test_boolean_field_deserialization_with_custom_falsy_values PASSED [  9%]
tests/test_deserialization.py::TestFieldDeserialization::test_field_toggle_show_invalid_value_in_error_message PASSED [  9%]
tests/test_deserialization.py::TestFieldDeserialization::test_invalid_datetime_deserialization[not-a-datetime] PASSED [ 10%]
tests/test_deserialization.py::TestFieldDeserialization::test_invalid_datetime_deserialization[42] PASSED [ 10%]
tests/test_deserialization.py::TestFieldDeserialization::test_invalid_datetime_deserialization[True] PASSED [ 10%]
tests/test_deserialization.py::TestFieldDeserialization::test_invalid_datetime_deserialization[False] PASSED [ 10%]
tests/test_deserialization.py::TestFieldDeserialization::test_invalid_datetime_deserialization[0] PASSED [ 10%]
tests/test_deserialization.py::TestFieldDeserialization::test_invalid_datetime_deserialization[] PASSED [ 10%]
tests/test_deserialization.py::TestFieldDeserialization::test_invalid_datetime_deserialization[in_value6] PASSED [ 10%]
tests/test_deserialization.py::TestFieldDeserialization::test_invalid_datetime_deserialization[2018] PASSED [ 10%]
tests/test_deserialization.py::TestFieldDeserialization::test_invalid_datetime_deserialization[2018-01-01] PASSED [ 10%]
tests/test_deserialization.py::TestFieldDeserialization::test_invalid_datetime_deserialization[22:14:50 2024-09-24] PASSED [ 10%]
tests/test_deserialization.py::TestFieldDeserialization::test_invalid_datetime_deserialization[09-24-2024 22:14:50] PASSED [ 10%]
tests/test_deserialization.py::TestFieldDeserialization::test_custom_date_format_datetime_field_deserialization PASSED [ 10%]
tests/test_deserialization.py::TestFieldDeserialization::test_rfc_datetime_field_deserialization[Sun, 10 Nov 2013 01:23:45 -0000-expected0-False-rfc] PASSED [ 10%]
tests/test_deserialization.py::TestFieldDeserialization::test_rfc_datetime_field_deserialization[Sun, 10 Nov 2013 01:23:45 -0000-expected0-False-rfc822] PASSED [ 11%]
tests/test_deserialization.py::TestFieldDeserialization::test_rfc_datetime_field_deserialization[Sun, 10 Nov 2013 01:23:45 +0000-expected1-True-rfc] PASSED [ 11%]
tests/test_deserialization.py::TestFieldDeserialization::test_rfc_datetime_field_deserialization[Sun, 10 Nov 2013 01:23:45 +0000-expected1-True-rfc822] PASSED [ 11%]
tests/test_deserialization.py::TestFieldDeserialization::test_rfc_datetime_field_deserialization[Sun, 10 Nov 2013 01:23:45 -0600-expected2-True-rfc] PASSED [ 11%]
tests/test_deserialization.py::TestFieldDeserialization::test_rfc_datetime_field_deserialization[Sun, 10 Nov 2013 01:23:45 -0600-expected2-True-rfc822] PASSED [ 11%]
tests/test_deserialization.py::TestFieldDeserialization::test_iso_datetime_field_deserialization[2013-11-10T01:23:45-expected0-False-iso] PASSED [ 11%]
tests/test_deserialization.py::TestFieldDeserialization::test_iso_datetime_field_deserialization[2013-11-10T01:23:45-expected0-False-iso8601] PASSED [ 11%]
tests/test_deserialization.py::TestFieldDeserialization::test_iso_datetime_field_deserialization[2013-11-10T01:23:45+00:00-expected1-True-iso] PASSED [ 11%]
tests/test_deserialization.py::TestFieldDeserialization::test_iso_datetime_field_deserialization[2013-11-10T01:23:45+00:00-expected1-True-iso8601] PASSED [ 11%]
tests/test_deserialization.py::TestFieldDeserialization::test_iso_datetime_field_deserialization[2013-11-10T01:23:45.123+00:00-expected2-True-iso] PASSED [ 11%]
tests/test_deserialization.py::TestFieldDeserialization::test_iso_datetime_field_deserialization[2013-11-10T01:23:45.123+00:00-expected2-True-iso8601] PASSED [ 11%]
tests/test_deserialization.py::TestFieldDeserialization::test_iso_datetime_field_deserialization[2013-11-10T01:23:45.123456+00:00-expected3-True-iso] PASSED [ 11%]
tests/test_deserialization.py::TestFieldDeserialization::test_iso_datetime_field_deserialization[2013-11-10T01:23:45.123456+00:00-expected3-True-iso8601] PASSED [ 12%]
tests/test_deserialization.py::TestFieldDeserialization::test_iso_datetime_field_deserialization[2013-11-10T01:23:45-06:00-expected4-True-iso] PASSED [ 12%]
tests/test_deserialization.py::TestFieldDeserialization::test_iso_datetime_field_deserialization[2013-11-10T01:23:45-06:00-expected4-True-iso8601] PASSED [ 12%]
tests/test_deserialization.py::TestFieldDeserialization::test_timestamp_field_deserialization[timestamp-1384043025-expected0] PASSED [ 12%]
tests/test_deserialization.py::TestFieldDeserialization::test_timestamp_field_deserialization[timestamp-1384043025-expected1] PASSED [ 12%]
tests/test_deserialization.py::TestFieldDeserialization::test_timestamp_field_deserialization[timestamp-1384043025-expected2] PASSED [ 12%]
tests/test_deserialization.py::TestFieldDeserialization::test_timestamp_field_deserialization[timestamp-1384043025.12-expected3] PASSED [ 12%]
tests/test_deserialization.py::TestFieldDeserialization::test_timestamp_field_deserialization[timestamp-1384043025.123456-expected4] PASSED [ 12%]
tests/test_deserialization.py::TestFieldDeserialization::test_timestamp_field_deserialization[timestamp-1-expected5] PASSED [ 12%]
tests/test_deserialization.py::TestFieldDeserialization::test_timestamp_field_deserialization[timestamp_ms-1384043025000-expected6] PASSED [ 12%]
tests/test_deserialization.py::TestFieldDeserialization::test_timestamp_field_deserialization[timestamp_ms-1000-expected7] PASSED [ 12%]
tests/test_deserialization.py::TestFieldDeserialization::test_invalid_timestamp_field_deserialization[-timestamp] PASSED [ 12%]
tests/test_deserialization.py::TestFieldDeserialization::test_invalid_timestamp_field_deserialization[-timestamp_ms] PASSED [ 13%]
tests/test_deserialization.py::TestFieldDeserialization::test_invalid_timestamp_field_deserialization[!@#-timestamp] PASSED [ 13%]
tests/test_deserialization.py::TestFieldDeserialization::test_invalid_timestamp_field_deserialization[!@#-timestamp_ms] PASSED [ 13%]
tests/test_deserialization.py::TestFieldDeserialization::test_invalid_timestamp_field_deserialization[-1-timestamp] PASSED [ 13%]
tests/test_deserialization.py::TestFieldDeserialization::test_invalid_timestamp_field_deserialization[-1-timestamp_ms] PASSED [ 13%]
tests/test_deserialization.py::TestFieldDeserialization::test_invalid_timestamp_field_deserialization[in_value3-timestamp] PASSED [ 13%]
tests/test_deserialization.py::TestFieldDeserialization::test_invalid_timestamp_field_deserialization[in_value3-timestamp_ms] PASSED [ 13%]
tests/test_deserialization.py::TestFieldDeserialization::test_oversized_timestamp_field_deserialization[MockDateTimeOSError-timestamp] PASSED [ 13%]
tests/test_deserialization.py::TestFieldDeserialization::test_oversized_timestamp_field_deserialization[MockDateTimeOSError-timestamp_ms] PASSED [ 13%]
tests/test_deserialization.py::TestFieldDeserialization::test_oversized_timestamp_field_deserialization[MockDateTimeOverflowError-timestamp] PASSED [ 13%]
tests/test_deserialization.py::TestFieldDeserialization::test_oversized_timestamp_field_deserialization[MockDateTimeOverflowError-timestamp_ms] PASSED [ 13%]
tests/test_deserialization.py::TestFieldDeserialization::test_naive_datetime_with_timezone[iso-None-2013-11-10T01:23:45-expected0] PASSED [ 13%]
tests/test_deserialization.py::TestFieldDeserialization::test_naive_datetime_with_timezone[iso-timezone1-2013-11-10T01:23:45+00:00-expected1] PASSED [ 13%]
tests/test_deserialization.py::TestFieldDeserialization::test_naive_datetime_with_timezone[iso-timezone2-2013-11-10T01:23:45-03:00-expected2] PASSED [ 14%]
tests/test_deserialization.py::TestFieldDeserialization::test_naive_datetime_with_timezone[rfc-None-Sun, 10 Nov 2013 01:23:45 -0000-expected3] PASSED [ 14%]
tests/test_deserialization.py::TestFieldDeserialization::test_naive_datetime_with_timezone[rfc-timezone4-Sun, 10 Nov 2013 01:23:45 +0000-expected4] PASSED [ 14%]
tests/test_deserialization.py::TestFieldDeserialization::test_naive_datetime_with_timezone[rfc-timezone5-Sun, 10 Nov 2013 01:23:45 -0300-expected5] PASSED [ 14%]
tests/test_deserialization.py::TestFieldDeserialization::test_aware_datetime_default_timezone[iso-2013-11-10T01:23:45-timezone0] PASSED [ 14%]
tests/test_deserialization.py::TestFieldDeserialization::test_aware_datetime_default_timezone[iso-2013-11-10T01:23:45-timezone1] PASSED [ 14%]
tests/test_deserialization.py::TestFieldDeserialization::test_aware_datetime_default_timezone[rfc-Sun, 10 Nov 2013 01:23:45-timezone0] PASSED [ 14%]
tests/test_deserialization.py::TestFieldDeserialization::test_aware_datetime_default_timezone[rfc-Sun, 10 Nov 2013 01:23:45-timezone1] PASSED [ 14%]
tests/test_deserialization.py::TestFieldDeserialization::test_time_field_deserialization PASSED [ 14%]
tests/test_deserialization.py::TestFieldDeserialization::test_invalid_time_field_deserialization[badvalue] PASSED [ 14%]
tests/test_deserialization.py::TestFieldDeserialization::test_invalid_time_field_deserialization[] PASSED [ 14%]
tests/test_deserialization.py::TestFieldDeserialization::test_invalid_time_field_deserialization[in_data2] PASSED [ 14%]
tests/test_deserialization.py::TestFieldDeserialization::test_invalid_time_field_deserialization[42] PASSED [ 15%]
tests/test_deserialization.py::TestFieldDeserialization::test_custom_time_format_time_field_deserialization PASSED [ 15%]
tests/test_deserialization.py::TestFieldDeserialization::test_iso_time_field_deserialization[01:23:45-expected0-iso] PASSED [ 15%]
tests/test_deserialization.py::TestFieldDeserialization::test_iso_time_field_deserialization[01:23:45-expected0-iso8601] PASSED [ 15%]
tests/test_deserialization.py::TestFieldDeserialization::test_iso_time_field_deserialization[01:23:45-expected0-None] PASSED [ 15%]
tests/test_deserialization.py::TestFieldDeserialization::test_iso_time_field_deserialization[01:23:45+01:00-expected1-iso] PASSED [ 15%]
tests/test_deserialization.py::TestFieldDeserialization::test_iso_time_field_deserialization[01:23:45+01:00-expected1-iso8601] PASSED [ 15%]
tests/test_deserialization.py::TestFieldDeserialization::test_iso_time_field_deserialization[01:23:45+01:00-expected1-None] PASSED [ 15%]
tests/test_deserialization.py::TestFieldDeserialization::test_iso_time_field_deserialization[01:23:45.123-expected2-iso] PASSED [ 15%]
tests/test_deserialization.py::TestFieldDeserialization::test_iso_time_field_deserialization[01:23:45.123-expected2-iso8601] PASSED [ 15%]
tests/test_deserialization.py::TestFieldDeserialization::test_iso_time_field_deserialization[01:23:45.123-expected2-None] PASSED [ 15%]
tests/test_deserialization.py::TestFieldDeserialization::test_iso_time_field_deserialization[01:23:45.123456-expected3-iso] PASSED [ 15%]
tests/test_deserialization.py::TestFieldDeserialization::test_iso_time_field_deserialization[01:23:45.123456-expected3-iso8601] PASSED [ 16%]
tests/test_deserialization.py::TestFieldDeserialization::test_iso_time_field_deserialization[01:23:45.123456-expected3-None] PASSED [ 16%]
tests/test_deserialization.py::TestFieldDeserialization::test_invalid_timedelta_precision PASSED [ 16%]
tests/test_deserialization.py::TestFieldDeserialization::test_timedelta_field_deserialization PASSED [ 16%]
tests/test_deserialization.py::TestFieldDeserialization::test_invalid_timedelta_field_deserialization[] PASSED [ 16%]
tests/test_deserialization.py::TestFieldDeserialization::test_invalid_timedelta_field_deserialization[badvalue] PASSED [ 16%]
tests/test_deserialization.py::TestFieldDeserialization::test_invalid_timedelta_field_deserialization[in_value2] PASSED [ 16%]
tests/test_deserialization.py::TestFieldDeserialization::test_invalid_timedelta_field_deserialization[9999999999] PASSED [ 16%]
tests/test_deserialization.py::TestFieldDeserialization::test_date_field_deserialization[None] PASSED [ 16%]
tests/test_deserialization.py::TestFieldDeserialization::test_date_field_deserialization[%Y-%m-%d] PASSED [ 16%]
tests/test_deserialization.py::TestFieldDeserialization::test_invalid_date_field_deserialization[] PASSED [ 16%]
tests/test_deserialization.py::TestFieldDeserialization::test_invalid_date_field_deserialization[123] PASSED [ 16%]
tests/test_deserialization.py::TestFieldDeserialization::test_invalid_date_field_deserialization[in_value2] PASSED [ 17%]
tests/test_deserialization.py::TestFieldDeserialization::test_invalid_date_field_deserialization[21-08-2014] PASSED [ 17%]
tests/test_deserialization.py::TestFieldDeserialization::test_dict_field_deserialization PASSED [ 17%]
tests/test_deserialization.py::TestFieldDeserialization::test_structured_dict_value_deserialization PASSED [ 17%]
tests/test_deserialization.py::TestFieldDeserialization::test_structured_dict_key_deserialization PASSED [ 17%]
tests/test_deserialization.py::TestFieldDeserialization::test_structured_dict_key_value_deserialization PASSED [ 17%]
tests/test_deserialization.py::TestFieldDeserialization::test_url_field_deserialization PASSED [ 17%]
tests/test_deserialization.py::TestFieldDeserialization::test_url_field_non_list_validators PASSED [ 17%]
tests/test_deserialization.py::TestFieldDeserialization::test_relative_url_field_deserialization PASSED [ 17%]
tests/test_deserialization.py::TestFieldDeserialization::test_url_field_schemes_argument PASSED [ 17%]
tests/test_deserialization.py::TestFieldDeserialization::test_email_field_deserialization PASSED [ 17%]
tests/test_deserialization.py::TestFieldDeserialization::test_email_field_non_list_validators PASSED [ 17%]
tests/test_deserialization.py::TestFieldDeserialization::test_function_field_deserialization_is_noop_by_default PASSED [ 17%]
tests/test_deserialization.py::TestFieldDeserialization::test_function_field_deserialization_with_callable PASSED [ 18%]
tests/test_deserialization.py::TestFieldDeserialization::test_function_field_deserialization_with_context PASSED [ 18%]
tests/test_deserialization.py::TestFieldDeserialization::test_function_field_passed_deserialize_only_is_load_only PASSED [ 18%]
tests/test_deserialization.py::TestFieldDeserialization::test_function_field_passed_deserialize_and_serialize_is_not_load_only PASSED [ 18%]
tests/test_deserialization.py::TestFieldDeserialization::test_uuid_field_deserialization PASSED [ 18%]
tests/test_deserialization.py::TestFieldDeserialization::test_invalid_uuid_deserialization[malformed] PASSED [ 18%]
tests/test_deserialization.py::TestFieldDeserialization::test_invalid_uuid_deserialization[123] PASSED [ 18%]
tests/test_deserialization.py::TestFieldDeserialization::test_invalid_uuid_deserialization[in_value2] PASSED [ 18%]
tests/test_deserialization.py::TestFieldDeserialization::test_invalid_uuid_deserialization[tooshort] PASSED [ 18%]
tests/test_deserialization.py::TestFieldDeserialization::test_ip_field_deserialization PASSED [ 18%]
tests/test_deserialization.py::TestFieldDeserialization::test_invalid_ip_deserialization[malformed] PASSED [ 18%]
tests/test_deserialization.py::TestFieldDeserialization::test_invalid_ip_deserialization[123] PASSED [ 18%]
tests/test_deserialization.py::TestFieldDeserialization::test_invalid_ip_deserialization[\x01\x02\x03] PASSED [ 19%]
tests/test_deserialization.py::TestFieldDeserialization::test_invalid_ip_deserialization[192.168] PASSED [ 19%]
tests/test_deserialization.py::TestFieldDeserialization::test_invalid_ip_deserialization[192.168.0.1/24] PASSED [ 19%]
tests/test_deserialization.py::TestFieldDeserialization::test_invalid_ip_deserialization[ff::aa:1::2] PASSED [ 19%]
tests/test_deserialization.py::TestFieldDeserialization::test_ipv4_field_deserialization PASSED [ 19%]
tests/test_deserialization.py::TestFieldDeserialization::test_invalid_ipv4_deserialization[malformed] PASSED [ 19%]
tests/test_deserialization.py::TestFieldDeserialization::test_invalid_ipv4_deserialization[123] PASSED [ 19%]
tests/test_deserialization.py::TestFieldDeserialization::test_invalid_ipv4_deserialization[\x01\x02\x03] PASSED [ 19%]
tests/test_deserialization.py::TestFieldDeserialization::test_invalid_ipv4_deserialization[192.168] PASSED [ 19%]
tests/test_deserialization.py::TestFieldDeserialization::test_invalid_ipv4_deserialization[192.168.0.1/24] PASSED [ 19%]
tests/test_deserialization.py::TestFieldDeserialization::test_invalid_ipv4_deserialization[2a00:1450:4001:81d::200e] PASSED [ 19%]
tests/test_deserialization.py::TestFieldDeserialization::test_ipv6_field_deserialization PASSED [ 19%]
tests/test_deserialization.py::TestFieldDeserialization::test_ipinterface_field_deserialization PASSED [ 20%]
tests/test_deserialization.py::TestFieldDeserialization::test_invalid_ipinterface_deserialization[malformed] PASSED [ 20%]
tests/test_deserialization.py::TestFieldDeserialization::test_invalid_ipinterface_deserialization[123] PASSED [ 20%]
tests/test_deserialization.py::TestFieldDeserialization::test_invalid_ipinterface_deserialization[\x01\x02\x03] PASSED [ 20%]
tests/test_deserialization.py::TestFieldDeserialization::test_invalid_ipinterface_deserialization[192.168] PASSED [ 20%]
tests/test_deserialization.py::TestFieldDeserialization::test_invalid_ipinterface_deserialization[192.168.0.1/33] PASSED [ 20%]
tests/test_deserialization.py::TestFieldDeserialization::test_invalid_ipinterface_deserialization[ff::aa:1::2] PASSED [ 20%]
tests/test_deserialization.py::TestFieldDeserialization::test_invalid_ipinterface_deserialization[2a00:1450:4001:824::200e/129] PASSED [ 20%]
tests/test_deserialization.py::TestFieldDeserialization::test_ipv4interface_field_deserialization PASSED [ 20%]
tests/test_deserialization.py::TestFieldDeserialization::test_invalid_ipv4interface_deserialization[malformed] PASSED [ 20%]
tests/test_deserialization.py::TestFieldDeserialization::test_invalid_ipv4interface_deserialization[123] PASSED [ 20%]
tests/test_deserialization.py::TestFieldDeserialization::test_invalid_ipv4interface_deserialization[\x01\x02\x03] PASSED [ 20%]
tests/test_deserialization.py::TestFieldDeserialization::test_invalid_ipv4interface_deserialization[192.168] PASSED [ 20%]
tests/test_deserialization.py::TestFieldDeserialization::test_invalid_ipv4interface_deserialization[192.168.0.1/33] PASSED [ 21%]
tests/test_deserialization.py::TestFieldDeserialization::test_invalid_ipv4interface_deserialization[2a00:1450:4001:81d::200e] PASSED [ 21%]
tests/test_deserialization.py::TestFieldDeserialization::test_invalid_ipv4interface_deserialization[2a00:1450:4001:824::200e/129] PASSED [ 21%]
tests/test_deserialization.py::TestFieldDeserialization::test_ipv6interface_field_deserialization PASSED [ 21%]
tests/test_deserialization.py::TestFieldDeserialization::test_invalid_ipv6interface_deserialization[malformed] PASSED [ 21%]
tests/test_deserialization.py::TestFieldDeserialization::test_invalid_ipv6interface_deserialization[123] PASSED [ 21%]
tests/test_deserialization.py::TestFieldDeserialization::test_invalid_ipv6interface_deserialization[\x01\x02\x03] PASSED [ 21%]
tests/test_deserialization.py::TestFieldDeserialization::test_invalid_ipv6interface_deserialization[ff::aa:1::2] PASSED [ 21%]
tests/test_deserialization.py::TestFieldDeserialization::test_invalid_ipv6interface_deserialization[192.168.0.1] PASSED [ 21%]
tests/test_deserialization.py::TestFieldDeserialization::test_invalid_ipv6interface_deserialization[192.168.0.1/24] PASSED [ 21%]
tests/test_deserialization.py::TestFieldDeserialization::test_invalid_ipv6interface_deserialization[2a00:1450:4001:824::200e/129] PASSED [ 21%]
tests/test_deserialization.py::TestFieldDeserialization::test_enum_field_by_symbol_deserialization PASSED [ 21%]
tests/test_deserialization.py::TestFieldDeserialization::test_enum_field_by_symbol_invalid_value PASSED [ 22%]
tests/test_deserialization.py::TestFieldDeserialization::test_enum_field_by_symbol_not_string PASSED [ 22%]
tests/test_deserialization.py::TestFieldDeserialization::test_enum_field_by_value_true_deserialization PASSED [ 22%]
tests/test_deserialization.py::TestFieldDeserialization::test_enum_field_by_value_field_deserialization PASSED [ 22%]
tests/test_deserialization.py::TestFieldDeserialization::test_enum_field_by_value_true_invalid_value PASSED [ 22%]
tests/test_deserialization.py::TestFieldDeserialization::test_enum_field_by_value_field_invalid_value PASSED [ 22%]
tests/test_deserialization.py::TestFieldDeserialization::test_enum_field_by_value_true_wrong_type PASSED [ 22%]
tests/test_deserialization.py::TestFieldDeserialization::test_enum_field_by_value_field_wrong_type PASSED [ 22%]
tests/test_deserialization.py::TestFieldDeserialization::test_deserialization_function_must_be_callable PASSED [ 22%]
tests/test_deserialization.py::TestFieldDeserialization::test_method_field_deserialization_is_noop_by_default PASSED [ 22%]
tests/test_deserialization.py::TestFieldDeserialization::test_deserialization_method PASSED [ 22%]
tests/test_deserialization.py::TestFieldDeserialization::test_deserialization_method_must_be_a_method PASSED [ 22%]
tests/test_deserialization.py::TestFieldDeserialization::test_method_field_deserialize_only PASSED [ 23%]
tests/test_deserialization.py::TestFieldDeserialization::test_datetime_list_field_deserialization PASSED [ 23%]
tests/test_deserialization.py::TestFieldDeserialization::test_list_field_deserialize_invalid_item PASSED [ 23%]
tests/test_deserialization.py::TestFieldDeserialization::test_list_field_deserialize_multiple_invalid_items PASSED [ 23%]
tests/test_deserialization.py::TestFieldDeserialization::test_list_field_deserialize_value_that_is_not_a_list[notalist] PASSED [ 23%]
tests/test_deserialization.py::TestFieldDeserialization::test_list_field_deserialize_value_that_is_not_a_list[42] PASSED [ 23%]
tests/test_deserialization.py::TestFieldDeserialization::test_list_field_deserialize_value_that_is_not_a_list[value2] PASSED [ 23%]
tests/test_deserialization.py::TestFieldDeserialization::test_datetime_int_tuple_field_deserialization PASSED [ 23%]
tests/test_deserialization.py::TestFieldDeserialization::test_tuple_field_deserialize_invalid_item PASSED [ 23%]
tests/test_deserialization.py::TestFieldDeserialization::test_tuple_field_deserialize_multiple_invalid_items PASSED [ 23%]
tests/test_deserialization.py::TestFieldDeserialization::test_tuple_field_deserialize_value_that_is_not_a_collection[notalist] PASSED [ 23%]
tests/test_deserialization.py::TestFieldDeserialization::test_tuple_field_deserialize_value_that_is_not_a_collection[42] PASSED [ 23%]
tests/test_deserialization.py::TestFieldDeserialization::test_tuple_field_deserialize_value_that_is_not_a_collection[value2] PASSED [ 24%]
tests/test_deserialization.py::TestFieldDeserialization::test_tuple_field_deserialize_invalid_length PASSED [ 24%]
tests/test_deserialization.py::TestFieldDeserialization::test_constant_field_deserialization PASSED [ 24%]
tests/test_deserialization.py::TestFieldDeserialization::test_constant_is_always_included_in_deserialized_data PASSED [ 24%]
tests/test_deserialization.py::TestFieldDeserialization::test_field_deserialization_with_user_validator_function PASSED [ 24%]
tests/test_deserialization.py::TestFieldDeserialization::test_field_deserialization_with_user_validator_class_that_returns_bool PASSED [ 24%]
tests/test_deserialization.py::TestFieldDeserialization::test_field_deserialization_with_user_validator_that_raises_error_with_list PASSED [ 24%]
tests/test_deserialization.py::TestFieldDeserialization::test_validator_must_return_false_to_raise_error PASSED [ 24%]
tests/test_deserialization.py::TestFieldDeserialization::test_field_deserialization_with_validator_with_nonascii_input PASSED [ 24%]
tests/test_deserialization.py::TestFieldDeserialization::test_field_deserialization_with_user_validators PASSED [ 24%]
tests/test_deserialization.py::TestFieldDeserialization::test_field_deserialization_with_custom_error_message PASSED [ 24%]
tests/test_deserialization.py::TestSchemaDeserialization::test_deserialize_to_dict PASSED [ 24%]
tests/test_deserialization.py::TestSchemaDeserialization::test_deserialize_with_missing_values PASSED [ 24%]
tests/test_deserialization.py::TestSchemaDeserialization::test_deserialize_many PASSED [ 25%]
tests/test_deserialization.py::TestSchemaDeserialization::test_exclude PASSED [ 25%]
tests/test_deserialization.py::TestSchemaDeserialization::test_nested_single_deserialization_to_dict PASSED [ 25%]
tests/test_deserialization.py::TestSchemaDeserialization::test_nested_list_deserialization_to_dict PASSED [ 25%]
tests/test_deserialization.py::TestSchemaDeserialization::test_nested_single_none_not_allowed PASSED [ 25%]
tests/test_deserialization.py::TestSchemaDeserialization::test_nested_many_non_not_allowed PASSED [ 25%]
tests/test_deserialization.py::TestSchemaDeserialization::test_nested_single_required_missing PASSED [ 25%]
tests/test_deserialization.py::TestSchemaDeserialization::test_nested_many_required_missing PASSED [ 25%]
tests/test_deserialization.py::TestSchemaDeserialization::test_nested_only_basestring PASSED [ 25%]
tests/test_deserialization.py::TestSchemaDeserialization::test_nested_only_basestring_with_list_data PASSED [ 25%]
tests/test_deserialization.py::TestSchemaDeserialization::test_nested_none_deserialization PASSED [ 25%]
tests/test_deserialization.py::TestSchemaDeserialization::test_deserialize_with_attribute_param PASSED [ 25%]
tests/test_deserialization.py::TestSchemaDeserialization::test_deserialize_with_attribute_param_symmetry PASSED [ 26%]
tests/test_deserialization.py::TestSchemaDeserialization::test_deserialize_with_attribute_param_error_returns_field_name_not_attribute_name PASSED [ 26%]
tests/test_deserialization.py::TestSchemaDeserialization::test_deserialize_with_attribute_param_error_returns_data_key_not_attribute_name PASSED [ 26%]
tests/test_deserialization.py::TestSchemaDeserialization::test_deserialize_with_data_key_param PASSED [ 26%]
tests/test_deserialization.py::TestSchemaDeserialization::test_deserialize_with_data_key_as_empty_string PASSED [ 26%]
tests/test_deserialization.py::TestSchemaDeserialization::test_deserialize_with_dump_only_param PASSED [ 26%]
tests/test_deserialization.py::TestSchemaDeserialization::test_deserialize_with_missing_param_value PASSED [ 26%]
tests/test_deserialization.py::TestSchemaDeserialization::test_deserialize_with_missing_param_callable PASSED [ 26%]
tests/test_deserialization.py::TestSchemaDeserialization::test_deserialize_with_missing_param_none PASSED [ 26%]
tests/test_deserialization.py::TestSchemaDeserialization::test_deserialization_raises_with_errors PASSED [ 26%]
tests/test_deserialization.py::TestSchemaDeserialization::test_deserialization_raises_with_errors_with_multiple_validators PASSED [ 26%]
tests/test_deserialization.py::TestSchemaDeserialization::test_deserialization_many_raises_errors PASSED [ 26%]
tests/test_deserialization.py::TestSchemaDeserialization::test_validation_errors_are_stored PASSED [ 27%]
tests/test_deserialization.py::TestSchemaDeserialization::test_multiple_errors_can_be_stored_for_a_field PASSED [ 27%]
tests/test_deserialization.py::TestSchemaDeserialization::test_multiple_errors_can_be_stored_for_an_email_field PASSED [ 27%]
tests/test_deserialization.py::TestSchemaDeserialization::test_multiple_errors_can_be_stored_for_a_url_field PASSED [ 27%]
tests/test_deserialization.py::TestSchemaDeserialization::test_required_value_only_passed_to_validators_if_provided PASSED [ 27%]
tests/test_deserialization.py::TestSchemaDeserialization::test_partial_deserialization[True] PASSED [ 27%]
tests/test_deserialization.py::TestSchemaDeserialization::test_partial_deserialization[False] PASSED [ 27%]
tests/test_deserialization.py::TestSchemaDeserialization::test_partial_fields_deserialization PASSED [ 27%]
tests/test_deserialization.py::TestSchemaDeserialization::test_partial_fields_validation PASSED [ 27%]
tests/test_deserialization.py::TestSchemaDeserialization::test_unknown_fields_deserialization PASSED [ 27%]
tests/test_deserialization.py::TestSchemaDeserialization::test_unknown_fields_deserialization_precedence PASSED [ 27%]
tests/test_deserialization.py::TestSchemaDeserialization::test_unknown_fields_deserialization_with_data_key PASSED [ 27%]
tests/test_deserialization.py::TestSchemaDeserialization::test_unknown_fields_deserialization_with_index_errors_false PASSED [ 27%]
tests/test_deserialization.py::TestSchemaDeserialization::test_dump_only_fields_considered_unknown PASSED [ 28%]
tests/test_deserialization.py::TestSchemaDeserialization::test_unknown_fields_do_not_unpack_dotted_names PASSED [ 28%]
tests/test_deserialization.py::TestValidation::test_integer_with_validator PASSED [ 28%]
tests/test_deserialization.py::TestValidation::test_integer_with_validators[field0] PASSED [ 28%]
tests/test_deserialization.py::TestValidation::test_integer_with_validators[field1] PASSED [ 28%]
tests/test_deserialization.py::TestValidation::test_integer_with_validators[field2] PASSED [ 28%]
tests/test_deserialization.py::TestValidation::test_float_with_validators[field0] PASSED [ 28%]
tests/test_deserialization.py::TestValidation::test_float_with_validators[field1] PASSED [ 28%]
tests/test_deserialization.py::TestValidation::test_float_with_validators[field2] PASSED [ 28%]
tests/test_deserialization.py::TestValidation::test_string_validator PASSED [ 28%]
tests/test_deserialization.py::TestValidation::test_function_validator PASSED [ 28%]
tests/test_deserialization.py::TestValidation::test_function_validators[field0] PASSED [ 28%]
tests/test_deserialization.py::TestValidation::test_function_validators[field1] PASSED [ 29%]
tests/test_deserialization.py::TestValidation::test_function_validators[field2] PASSED [ 29%]
tests/test_deserialization.py::TestValidation::test_method_validator PASSED [ 29%]
tests/test_deserialization.py::TestValidation::test_nested_data_is_stored_when_validation_fails PASSED [ 29%]
tests/test_deserialization.py::TestValidation::test_false_value_validation PASSED [ 29%]
tests/test_deserialization.py::TestValidation::test_nested_partial_load PASSED [ 29%]
tests/test_deserialization.py::TestValidation::test_deeply_nested_partial_load PASSED [ 29%]
tests/test_deserialization.py::TestValidation::test_nested_partial_tuple PASSED [ 29%]
tests/test_deserialization.py::TestValidation::test_nested_partial_default PASSED [ 29%]
tests/test_deserialization.py::test_required_field_failure[String] PASSED [ 29%]
tests/test_deserialization.py::test_required_field_failure[Integer] PASSED [ 29%]
tests/test_deserialization.py::test_required_field_failure[Boolean] PASSED [ 29%]
tests/test_deserialization.py::test_required_field_failure[Float] PASSED [ 30%]
tests/test_deserialization.py::test_required_field_failure[Number] PASSED [ 30%]
tests/test_deserialization.py::test_required_field_failure[DateTime] PASSED [ 30%]
tests/test_deserialization.py::test_required_field_failure[Time] PASSED  [ 30%]
tests/test_deserialization.py::test_required_field_failure[Date] PASSED  [ 30%]
tests/test_deserialization.py::test_required_field_failure[TimeDelta] PASSED [ 30%]
tests/test_deserialization.py::test_required_field_failure[Dict] PASSED  [ 30%]
tests/test_deserialization.py::test_required_field_failure[Url] PASSED   [ 30%]
tests/test_deserialization.py::test_required_field_failure[Email] PASSED [ 30%]
tests/test_deserialization.py::test_required_field_failure[UUID] PASSED  [ 30%]
tests/test_deserialization.py::test_required_field_failure[Decimal] PASSED [ 30%]
tests/test_deserialization.py::test_required_field_failure[IP] PASSED    [ 30%]
tests/test_deserialization.py::test_required_field_failure[IPv4] PASSED  [ 31%]
tests/test_deserialization.py::test_required_field_failure[IPv6] PASSED  [ 31%]
tests/test_deserialization.py::test_required_field_failure[IPInterface] PASSED [ 31%]
tests/test_deserialization.py::test_required_field_failure[IPv4Interface] PASSED [ 31%]
tests/test_deserialization.py::test_required_field_failure[IPv6Interface] PASSED [ 31%]
tests/test_deserialization.py::test_required_field_failure[FieldClass20] PASSED [ 31%]
tests/test_deserialization.py::test_required_field_failure[FieldClass21] PASSED [ 31%]
tests/test_deserialization.py::test_required_field_failure[FieldClass22] PASSED [ 31%]
tests/test_deserialization.py::test_required_message_can_be_changed[My custom required message] PASSED [ 31%]
tests/test_deserialization.py::test_required_message_can_be_changed[message1] PASSED [ 31%]
tests/test_deserialization.py::test_required_message_can_be_changed[message2] PASSED [ 31%]
tests/test_deserialization.py::test_deserialize_raises_exception_if_input_type_is_incorrect[True-exclude] PASSED [ 31%]
tests/test_deserialization.py::test_deserialize_raises_exception_if_input_type_is_incorrect[True-include] PASSED [ 31%]
tests/test_deserialization.py::test_deserialize_raises_exception_if_input_type_is_incorrect[True-raise] PASSED [ 32%]
tests/test_deserialization.py::test_deserialize_raises_exception_if_input_type_is_incorrect[False-exclude] PASSED [ 32%]
tests/test_deserialization.py::test_deserialize_raises_exception_if_input_type_is_incorrect[False-include] PASSED [ 32%]
tests/test_deserialization.py::test_deserialize_raises_exception_if_input_type_is_incorrect[False-raise] PASSED [ 32%]
tests/test_deserialization.py::test_deserialize_raises_exception_if_input_type_is_incorrect[42-exclude] PASSED [ 32%]
tests/test_deserialization.py::test_deserialize_raises_exception_if_input_type_is_incorrect[42-include] PASSED [ 32%]
tests/test_deserialization.py::test_deserialize_raises_exception_if_input_type_is_incorrect[42-raise] PASSED [ 32%]
tests/test_deserialization.py::test_deserialize_raises_exception_if_input_type_is_incorrect[None-exclude] PASSED [ 32%]
tests/test_deserialization.py::test_deserialize_raises_exception_if_input_type_is_incorrect[None-include] PASSED [ 32%]
tests/test_deserialization.py::test_deserialize_raises_exception_if_input_type_is_incorrect[None-raise] PASSED [ 32%]
tests/test_deserialization.py::test_deserialize_raises_exception_if_input_type_is_incorrect[data4-exclude] PASSED [ 32%]
tests/test_deserialization.py::test_deserialize_raises_exception_if_input_type_is_incorrect[data4-include] PASSED [ 32%]
tests/test_deserialization.py::test_deserialize_raises_exception_if_input_type_is_incorrect[data4-raise] PASSED [ 33%]
tests/test_error_store.py::test_missing_is_falsy PASSED                  [ 33%]
tests/test_error_store.py::TestMergeErrors::test_merging_none_and_string PASSED [ 33%]
tests/test_error_store.py::TestMergeErrors::test_merging_none_and_custom_error PASSED [ 33%]
tests/test_error_store.py::TestMergeErrors::test_merging_none_and_list PASSED [ 33%]
tests/test_error_store.py::TestMergeErrors::test_merging_none_and_dict PASSED [ 33%]
tests/test_error_store.py::TestMergeErrors::test_merging_string_and_none PASSED [ 33%]
tests/test_error_store.py::TestMergeErrors::test_merging_custom_error_and_none PASSED [ 33%]
tests/test_error_store.py::TestMergeErrors::test_merging_list_and_none PASSED [ 33%]
tests/test_error_store.py::TestMergeErrors::test_merging_dict_and_none PASSED [ 33%]
tests/test_error_store.py::TestMergeErrors::test_merging_string_and_string PASSED [ 33%]
tests/test_error_store.py::TestMergeErrors::test_merging_custom_error_and_string PASSED [ 33%]
tests/test_error_store.py::TestMergeErrors::test_merging_string_and_custom_error PASSED [ 34%]
tests/test_error_store.py::TestMergeErrors::test_merging_custom_error_and_custom_error PASSED [ 34%]
tests/test_error_store.py::TestMergeErrors::test_merging_string_and_list PASSED [ 34%]
tests/test_error_store.py::TestMergeErrors::test_merging_string_and_dict PASSED [ 34%]
tests/test_error_store.py::TestMergeErrors::test_merging_string_and_dict_with_schema_error PASSED [ 34%]
tests/test_error_store.py::TestMergeErrors::test_merging_custom_error_and_list PASSED [ 34%]
tests/test_error_store.py::TestMergeErrors::test_merging_custom_error_and_dict PASSED [ 34%]
tests/test_error_store.py::TestMergeErrors::test_merging_custom_error_and_dict_with_schema_error PASSED [ 34%]
tests/test_error_store.py::TestMergeErrors::test_merging_list_and_string PASSED [ 34%]
tests/test_error_store.py::TestMergeErrors::test_merging_list_and_custom_error PASSED [ 34%]
tests/test_error_store.py::TestMergeErrors::test_merging_list_and_list PASSED [ 34%]
tests/test_error_store.py::TestMergeErrors::test_merging_list_and_dict PASSED [ 34%]
tests/test_error_store.py::TestMergeErrors::test_merging_list_and_dict_with_schema_error PASSED [ 34%]
tests/test_error_store.py::TestMergeErrors::test_merging_dict_and_string PASSED [ 35%]
tests/test_error_store.py::TestMergeErrors::test_merging_dict_and_custom_error PASSED [ 35%]
tests/test_error_store.py::TestMergeErrors::test_merging_dict_and_list PASSED [ 35%]
tests/test_error_store.py::TestMergeErrors::test_merging_dict_and_dict PASSED [ 35%]
tests/test_error_store.py::TestMergeErrors::test_deep_merging_dicts PASSED [ 35%]
tests/test_exceptions.py::TestValidationError::test_stores_message_in_list PASSED [ 35%]
tests/test_exceptions.py::TestValidationError::test_can_pass_list_of_messages PASSED [ 35%]
tests/test_exceptions.py::TestValidationError::test_stores_dictionaries PASSED [ 35%]
tests/test_exceptions.py::TestValidationError::test_can_store_field_name PASSED [ 35%]
tests/test_exceptions.py::TestValidationError::test_str PASSED           [ 35%]
tests/test_exceptions.py::TestValidationError::test_stores_dictionaries_in_messages_dict PASSED [ 35%]
tests/test_exceptions.py::TestValidationError::test_messages_dict_type_error_on_badval PASSED [ 35%]
tests/test_fields.py::test_field_aliases[Integer-Integer] PASSED         [ 36%]
tests/test_fields.py::test_field_aliases[String-String] PASSED           [ 36%]
tests/test_fields.py::test_field_aliases[Boolean-Boolean] PASSED         [ 36%]
tests/test_fields.py::test_field_aliases[Url-Url] PASSED                 [ 36%]
tests/test_fields.py::TestField::test_repr PASSED                        [ 36%]
tests/test_fields.py::TestField::test_error_raised_if_uncallable_validator_passed PASSED [ 36%]
tests/test_fields.py::TestField::test_error_raised_if_missing_is_set_on_required_field PASSED [ 36%]
tests/test_fields.py::TestField::test_custom_field_receives_attr_and_obj PASSED [ 36%]
tests/test_fields.py::TestField::test_custom_field_receives_data_key_if_set PASSED [ 36%]
tests/test_fields.py::TestField::test_custom_field_follows_data_key_if_set PASSED [ 36%]
tests/test_fields.py::TestParentAndName::test_simple_field_parent_and_name PASSED [ 36%]
tests/test_fields.py::TestParentAndName::test_unbound_field_root_returns_none PASSED [ 36%]
tests/test_fields.py::TestParentAndName::test_list_field_inner_parent_and_name PASSED [ 37%]
tests/test_fields.py::TestParentAndName::test_tuple_field_inner_parent_and_name PASSED [ 37%]
tests/test_fields.py::TestParentAndName::test_mapping_field_inner_parent_and_name PASSED [ 37%]
tests/test_fields.py::TestParentAndName::test_simple_field_root PASSED   [ 37%]
tests/test_fields.py::TestParentAndName::test_list_field_inner_root PASSED [ 37%]
tests/test_fields.py::TestParentAndName::test_tuple_field_inner_root PASSED [ 37%]
tests/test_fields.py::TestParentAndName::test_list_root_inheritance PASSED [ 37%]
tests/test_fields.py::TestParentAndName::test_dict_root_inheritance PASSED [ 37%]
tests/test_fields.py::TestParentAndName::test_datetime_list_inner_format PASSED [ 37%]
tests/test_fields.py::TestParentAndName::test_field_named_parent_has_root PASSED [ 37%]
tests/test_fields.py::TestMetadata::test_extra_metadata_may_be_added_to_field[String] PASSED [ 37%]
tests/test_fields.py::TestMetadata::test_extra_metadata_may_be_added_to_field[Integer] PASSED [ 37%]
tests/test_fields.py::TestMetadata::test_extra_metadata_may_be_added_to_field[Boolean] PASSED [ 37%]
tests/test_fields.py::TestMetadata::test_extra_metadata_may_be_added_to_field[Float] PASSED [ 38%]
tests/test_fields.py::TestMetadata::test_extra_metadata_may_be_added_to_field[Number] PASSED [ 38%]
tests/test_fields.py::TestMetadata::test_extra_metadata_may_be_added_to_field[DateTime] PASSED [ 38%]
tests/test_fields.py::TestMetadata::test_extra_metadata_may_be_added_to_field[Time] PASSED [ 38%]
tests/test_fields.py::TestMetadata::test_extra_metadata_may_be_added_to_field[Date] PASSED [ 38%]
tests/test_fields.py::TestMetadata::test_extra_metadata_may_be_added_to_field[TimeDelta] PASSED [ 38%]
tests/test_fields.py::TestMetadata::test_extra_metadata_may_be_added_to_field[Dict] PASSED [ 38%]
tests/test_fields.py::TestMetadata::test_extra_metadata_may_be_added_to_field[Url] PASSED [ 38%]
tests/test_fields.py::TestMetadata::test_extra_metadata_may_be_added_to_field[Email] PASSED [ 38%]
tests/test_fields.py::TestMetadata::test_extra_metadata_may_be_added_to_field[UUID] PASSED [ 38%]
tests/test_fields.py::TestMetadata::test_extra_metadata_may_be_added_to_field[Decimal] PASSED [ 38%]
tests/test_fields.py::TestMetadata::test_extra_metadata_may_be_added_to_field[IP] PASSED [ 38%]
tests/test_fields.py::TestMetadata::test_extra_metadata_may_be_added_to_field[IPv4] PASSED [ 39%]
tests/test_fields.py::TestMetadata::test_extra_metadata_may_be_added_to_field[IPv6] PASSED [ 39%]
tests/test_fields.py::TestMetadata::test_extra_metadata_may_be_added_to_field[IPInterface] PASSED [ 39%]
tests/test_fields.py::TestMetadata::test_extra_metadata_may_be_added_to_field[IPv4Interface] PASSED [ 39%]
tests/test_fields.py::TestMetadata::test_extra_metadata_may_be_added_to_field[IPv6Interface] PASSED [ 39%]
tests/test_fields.py::TestMetadata::test_extra_metadata_may_be_added_to_field[FieldClass20] PASSED [ 39%]
tests/test_fields.py::TestMetadata::test_extra_metadata_may_be_added_to_field[FieldClass21] PASSED [ 39%]
tests/test_fields.py::TestMetadata::test_extra_metadata_may_be_added_to_field[FieldClass22] PASSED [ 39%]
tests/test_fields.py::TestMetadata::test_field_metadata_added_in_deprecated_style_warns[String] PASSED [ 39%]
tests/test_fields.py::TestMetadata::test_field_metadata_added_in_deprecated_style_warns[Integer] PASSED [ 39%]
tests/test_fields.py::TestMetadata::test_field_metadata_added_in_deprecated_style_warns[Boolean] PASSED [ 39%]
tests/test_fields.py::TestMetadata::test_field_metadata_added_in_deprecated_style_warns[Float] PASSED [ 39%]
tests/test_fields.py::TestMetadata::test_field_metadata_added_in_deprecated_style_warns[Number] PASSED [ 40%]
tests/test_fields.py::TestMetadata::test_field_metadata_added_in_deprecated_style_warns[DateTime] PASSED [ 40%]
tests/test_fields.py::TestMetadata::test_field_metadata_added_in_deprecated_style_warns[Time] PASSED [ 40%]
tests/test_fields.py::TestMetadata::test_field_metadata_added_in_deprecated_style_warns[Date] PASSED [ 40%]
tests/test_fields.py::TestMetadata::test_field_metadata_added_in_deprecated_style_warns[TimeDelta] PASSED [ 40%]
tests/test_fields.py::TestMetadata::test_field_metadata_added_in_deprecated_style_warns[Dict] PASSED [ 40%]
tests/test_fields.py::TestMetadata::test_field_metadata_added_in_deprecated_style_warns[Url] PASSED [ 40%]
tests/test_fields.py::TestMetadata::test_field_metadata_added_in_deprecated_style_warns[Email] PASSED [ 40%]
tests/test_fields.py::TestMetadata::test_field_metadata_added_in_deprecated_style_warns[UUID] PASSED [ 40%]
tests/test_fields.py::TestMetadata::test_field_metadata_added_in_deprecated_style_warns[Decimal] PASSED [ 40%]
tests/test_fields.py::TestMetadata::test_field_metadata_added_in_deprecated_style_warns[IP] PASSED [ 40%]
tests/test_fields.py::TestMetadata::test_field_metadata_added_in_deprecated_style_warns[IPv4] PASSED [ 40%]
tests/test_fields.py::TestMetadata::test_field_metadata_added_in_deprecated_style_warns[IPv6] PASSED [ 41%]
tests/test_fields.py::TestMetadata::test_field_metadata_added_in_deprecated_style_warns[IPInterface] PASSED [ 41%]
tests/test_fields.py::TestMetadata::test_field_metadata_added_in_deprecated_style_warns[IPv4Interface] PASSED [ 41%]
tests/test_fields.py::TestMetadata::test_field_metadata_added_in_deprecated_style_warns[IPv6Interface] PASSED [ 41%]
tests/test_fields.py::TestMetadata::test_field_metadata_added_in_deprecated_style_warns[FieldClass20] PASSED [ 41%]
tests/test_fields.py::TestMetadata::test_field_metadata_added_in_deprecated_style_warns[FieldClass21] PASSED [ 41%]
tests/test_fields.py::TestMetadata::test_field_metadata_added_in_deprecated_style_warns[FieldClass22] PASSED [ 41%]
tests/test_fields.py::TestDeprecatedDefaultAndMissing::test_load_default_in_deprecated_style_warns[String] PASSED [ 41%]
tests/test_fields.py::TestDeprecatedDefaultAndMissing::test_load_default_in_deprecated_style_warns[Integer] PASSED [ 41%]
tests/test_fields.py::TestDeprecatedDefaultAndMissing::test_load_default_in_deprecated_style_warns[Boolean] PASSED [ 41%]
tests/test_fields.py::TestDeprecatedDefaultAndMissing::test_load_default_in_deprecated_style_warns[Float] PASSED [ 41%]
tests/test_fields.py::TestDeprecatedDefaultAndMissing::test_load_default_in_deprecated_style_warns[Number] PASSED [ 41%]
tests/test_fields.py::TestDeprecatedDefaultAndMissing::test_load_default_in_deprecated_style_warns[DateTime] PASSED [ 41%]
tests/test_fields.py::TestDeprecatedDefaultAndMissing::test_load_default_in_deprecated_style_warns[Time] PASSED [ 42%]
tests/test_fields.py::TestDeprecatedDefaultAndMissing::test_load_default_in_deprecated_style_warns[Date] PASSED [ 42%]
tests/test_fields.py::TestDeprecatedDefaultAndMissing::test_load_default_in_deprecated_style_warns[TimeDelta] PASSED [ 42%]
tests/test_fields.py::TestDeprecatedDefaultAndMissing::test_load_default_in_deprecated_style_warns[Dict] PASSED [ 42%]
tests/test_fields.py::TestDeprecatedDefaultAndMissing::test_load_default_in_deprecated_style_warns[Url] PASSED [ 42%]
tests/test_fields.py::TestDeprecatedDefaultAndMissing::test_load_default_in_deprecated_style_warns[Email] PASSED [ 42%]
tests/test_fields.py::TestDeprecatedDefaultAndMissing::test_load_default_in_deprecated_style_warns[UUID] PASSED [ 42%]
tests/test_fields.py::TestDeprecatedDefaultAndMissing::test_load_default_in_deprecated_style_warns[Decimal] PASSED [ 42%]
tests/test_fields.py::TestDeprecatedDefaultAndMissing::test_load_default_in_deprecated_style_warns[IP] PASSED [ 42%]
tests/test_fields.py::TestDeprecatedDefaultAndMissing::test_load_default_in_deprecated_style_warns[IPv4] PASSED [ 42%]
tests/test_fields.py::TestDeprecatedDefaultAndMissing::test_load_default_in_deprecated_style_warns[IPv6] PASSED [ 42%]
tests/test_fields.py::TestDeprecatedDefaultAndMissing::test_load_default_in_deprecated_style_warns[IPInterface] PASSED [ 42%]
tests/test_fields.py::TestDeprecatedDefaultAndMissing::test_load_default_in_deprecated_style_warns[IPv4Interface] PASSED [ 43%]
tests/test_fields.py::TestDeprecatedDefaultAndMissing::test_load_default_in_deprecated_style_warns[IPv6Interface] PASSED [ 43%]
tests/test_fields.py::TestDeprecatedDefaultAndMissing::test_load_default_in_deprecated_style_warns[FieldClass20] PASSED [ 43%]
tests/test_fields.py::TestDeprecatedDefaultAndMissing::test_load_default_in_deprecated_style_warns[FieldClass21] PASSED [ 43%]
tests/test_fields.py::TestDeprecatedDefaultAndMissing::test_load_default_in_deprecated_style_warns[FieldClass22] PASSED [ 43%]
tests/test_fields.py::TestDeprecatedDefaultAndMissing::test_dump_default_in_deprecated_style_warns[String] PASSED [ 43%]
tests/test_fields.py::TestDeprecatedDefaultAndMissing::test_dump_default_in_deprecated_style_warns[Integer] PASSED [ 43%]
tests/test_fields.py::TestDeprecatedDefaultAndMissing::test_dump_default_in_deprecated_style_warns[Boolean] PASSED [ 43%]
tests/test_fields.py::TestDeprecatedDefaultAndMissing::test_dump_default_in_deprecated_style_warns[Float] PASSED [ 43%]
tests/test_fields.py::TestDeprecatedDefaultAndMissing::test_dump_default_in_deprecated_style_warns[Number] PASSED [ 43%]
tests/test_fields.py::TestDeprecatedDefaultAndMissing::test_dump_default_in_deprecated_style_warns[DateTime] PASSED [ 43%]
tests/test_fields.py::TestDeprecatedDefaultAndMissing::test_dump_default_in_deprecated_style_warns[Time] PASSED [ 43%]
tests/test_fields.py::TestDeprecatedDefaultAndMissing::test_dump_default_in_deprecated_style_warns[Date] PASSED [ 44%]
tests/test_fields.py::TestDeprecatedDefaultAndMissing::test_dump_default_in_deprecated_style_warns[TimeDelta] PASSED [ 44%]
tests/test_fields.py::TestDeprecatedDefaultAndMissing::test_dump_default_in_deprecated_style_warns[Dict] PASSED [ 44%]
tests/test_fields.py::TestDeprecatedDefaultAndMissing::test_dump_default_in_deprecated_style_warns[Url] PASSED [ 44%]
tests/test_fields.py::TestDeprecatedDefaultAndMissing::test_dump_default_in_deprecated_style_warns[Email] PASSED [ 44%]
tests/test_fields.py::TestDeprecatedDefaultAndMissing::test_dump_default_in_deprecated_style_warns[UUID] PASSED [ 44%]
tests/test_fields.py::TestDeprecatedDefaultAndMissing::test_dump_default_in_deprecated_style_warns[Decimal] PASSED [ 44%]
tests/test_fields.py::TestDeprecatedDefaultAndMissing::test_dump_default_in_deprecated_style_warns[IP] PASSED [ 44%]
tests/test_fields.py::TestDeprecatedDefaultAndMissing::test_dump_default_in_deprecated_style_warns[IPv4] PASSED [ 44%]
tests/test_fields.py::TestDeprecatedDefaultAndMissing::test_dump_default_in_deprecated_style_warns[IPv6] PASSED [ 44%]
tests/test_fields.py::TestDeprecatedDefaultAndMissing::test_dump_default_in_deprecated_style_warns[IPInterface] PASSED [ 44%]
tests/test_fields.py::TestDeprecatedDefaultAndMissing::test_dump_default_in_deprecated_style_warns[IPv4Interface] PASSED [ 44%]
tests/test_fields.py::TestDeprecatedDefaultAndMissing::test_dump_default_in_deprecated_style_warns[IPv6Interface] PASSED [ 44%]
tests/test_fields.py::TestDeprecatedDefaultAndMissing::test_dump_default_in_deprecated_style_warns[FieldClass20] PASSED [ 45%]
tests/test_fields.py::TestDeprecatedDefaultAndMissing::test_dump_default_in_deprecated_style_warns[FieldClass21] PASSED [ 45%]
tests/test_fields.py::TestDeprecatedDefaultAndMissing::test_dump_default_in_deprecated_style_warns[FieldClass22] PASSED [ 45%]
tests/test_fields.py::TestErrorMessages::test_default_error_messages_get_merged_with_parent_error_messages_cstm_msg PASSED [ 45%]
tests/test_fields.py::TestErrorMessages::test_default_error_messages_get_merged_with_parent_error_messages PASSED [ 45%]
tests/test_fields.py::TestErrorMessages::test_make_error[required-Missing data for required field.] PASSED [ 45%]
tests/test_fields.py::TestErrorMessages::test_make_error[null-Field may not be null.] PASSED [ 45%]
tests/test_fields.py::TestErrorMessages::test_make_error[custom-Custom error message.] PASSED [ 45%]
tests/test_fields.py::TestErrorMessages::test_make_error[validator_failed-Invalid value.] PASSED [ 45%]
tests/test_fields.py::TestErrorMessages::test_fail[required-Missing data for required field.] PASSED [ 45%]
tests/test_fields.py::TestErrorMessages::test_fail[null-Field may not be null.] PASSED [ 45%]
tests/test_fields.py::TestErrorMessages::test_fail[custom-Custom error message.] PASSED [ 45%]
tests/test_fields.py::TestErrorMessages::test_fail[validator_failed-Invalid value.] PASSED [ 46%]
tests/test_fields.py::TestErrorMessages::test_make_error_key_doesnt_exist PASSED [ 46%]
tests/test_fields.py::TestNestedField::test_nested_only_and_exclude_as_string[only] PASSED [ 46%]
tests/test_fields.py::TestNestedField::test_nested_only_and_exclude_as_string[exclude] PASSED [ 46%]
tests/test_fields.py::TestNestedField::test_nested_instantiation_from_dict[nested_value0] PASSED [ 46%]
tests/test_fields.py::TestNestedField::test_nested_instantiation_from_dict[<lambda>] PASSED [ 46%]
tests/test_fields.py::TestNestedField::test_nested_unknown_override[None-exclude] PASSED [ 46%]
tests/test_fields.py::TestNestedField::test_nested_unknown_override[None-include] PASSED [ 46%]
tests/test_fields.py::TestNestedField::test_nested_unknown_override[None-raise] PASSED [ 46%]
tests/test_fields.py::TestNestedField::test_nested_unknown_override[exclude-exclude] PASSED [ 46%]
tests/test_fields.py::TestNestedField::test_nested_unknown_override[exclude-include] PASSED [ 46%]
tests/test_fields.py::TestNestedField::test_nested_unknown_override[exclude-raise] PASSED [ 46%]
tests/test_fields.py::TestNestedField::test_nested_unknown_override[include-exclude] PASSED [ 47%]
tests/test_fields.py::TestNestedField::test_nested_unknown_override[include-include] PASSED [ 47%]
tests/test_fields.py::TestNestedField::test_nested_unknown_override[include-raise] PASSED [ 47%]
tests/test_fields.py::TestNestedField::test_nested_unknown_override[raise-exclude] PASSED [ 47%]
tests/test_fields.py::TestNestedField::test_nested_unknown_override[raise-include] PASSED [ 47%]
tests/test_fields.py::TestNestedField::test_nested_unknown_override[raise-raise] PASSED [ 47%]
tests/test_fields.py::TestNestedField::test_nested_schema_only_and_exclude[only-fields_list0] PASSED [ 47%]
tests/test_fields.py::TestNestedField::test_nested_schema_only_and_exclude[exclude-fields_list1] PASSED [ 47%]
tests/test_fields.py::TestListNested::test_list_nested_only_exclude_dump_only_load_only_propagated_to_nested[only] PASSED [ 47%]
tests/test_fields.py::TestListNested::test_list_nested_only_exclude_dump_only_load_only_propagated_to_nested[exclude] PASSED [ 47%]
tests/test_fields.py::TestListNested::test_list_nested_only_exclude_dump_only_load_only_propagated_to_nested[dump_only] PASSED [ 47%]
tests/test_fields.py::TestListNested::test_list_nested_only_exclude_dump_only_load_only_propagated_to_nested[load_only] PASSED [ 47%]
tests/test_fields.py::TestListNested::test_list_nested_class_only_and_exclude_merged_with_nested[only-expected_attribute0-expected_dump0] PASSED [ 48%]
tests/test_fields.py::TestListNested::test_list_nested_class_only_and_exclude_merged_with_nested[exclude-expected_attribute1-expected_dump1] PASSED [ 48%]
tests/test_fields.py::TestListNested::test_list_nested_class_multiple_dumps PASSED [ 48%]
tests/test_fields.py::TestListNested::test_list_nested_instance_only_and_exclude_merged_with_nested[only-expected_attribute0-expected_dump0] PASSED [ 48%]
tests/test_fields.py::TestListNested::test_list_nested_instance_only_and_exclude_merged_with_nested[exclude-expected_attribute1-expected_dump1] PASSED [ 48%]
tests/test_fields.py::TestListNested::test_list_nested_instance_multiple_dumps PASSED [ 48%]
tests/test_fields.py::TestListNested::test_list_nested_lambda_only_and_exclude_merged_with_nested[only-expected_attribute0-expected_dump0] PASSED [ 48%]
tests/test_fields.py::TestListNested::test_list_nested_lambda_only_and_exclude_merged_with_nested[exclude-expected_attribute1-expected_dump1] PASSED [ 48%]
tests/test_fields.py::TestListNested::test_list_nested_partial_propagated_to_nested PASSED [ 48%]
tests/test_fields.py::TestTupleNested::test_tuple_nested_only_exclude_dump_only_load_only_propagated_to_nested[dump_only] PASSED [ 48%]
tests/test_fields.py::TestTupleNested::test_tuple_nested_only_exclude_dump_only_load_only_propagated_to_nested[load_only] PASSED [ 48%]
tests/test_fields.py::TestTupleNested::test_tuple_nested_partial_propagated_to_nested PASSED [ 48%]
tests/test_fields.py::TestDictNested::test_dict_nested_only_exclude_dump_only_load_only_propagated_to_nested[only] PASSED [ 48%]
tests/test_fields.py::TestDictNested::test_dict_nested_only_exclude_dump_only_load_only_propagated_to_nested[exclude] PASSED [ 49%]
tests/test_fields.py::TestDictNested::test_dict_nested_only_exclude_dump_only_load_only_propagated_to_nested[dump_only] PASSED [ 49%]
tests/test_fields.py::TestDictNested::test_dict_nested_only_exclude_dump_only_load_only_propagated_to_nested[load_only] PASSED [ 49%]
tests/test_fields.py::TestDictNested::test_dict_nested_only_and_exclude_merged_with_nested[only-expected0] PASSED [ 49%]
tests/test_fields.py::TestDictNested::test_dict_nested_only_and_exclude_merged_with_nested[exclude-expected1] PASSED [ 49%]
tests/test_fields.py::TestDictNested::test_dict_nested_partial_propagated_to_nested PASSED [ 49%]
tests/test_options.py::TestUnordered::test_unordered_dump_returns_dict PASSED [ 49%]
tests/test_options.py::TestUnordered::test_unordered_load_returns_dict PASSED [ 49%]
tests/test_options.py::TestFieldOrdering::test_ordered_option_is_inherited[False] PASSED [ 49%]
tests/test_options.py::TestFieldOrdering::test_ordered_option_is_inherited[True] PASSED [ 49%]
tests/test_options.py::TestFieldOrdering::test_ordering_is_off_by_default PASSED [ 49%]
tests/test_options.py::TestFieldOrdering::test_declared_field_order_is_maintained_on_dump PASSED [ 49%]
tests/test_options.py::TestFieldOrdering::test_declared_field_order_is_maintained_on_load PASSED [ 50%]
tests/test_options.py::TestFieldOrdering::test_nested_field_order_with_only_arg_is_maintained_on_dump PASSED [ 50%]
tests/test_options.py::TestFieldOrdering::test_nested_field_order_with_only_arg_is_maintained_on_load PASSED [ 50%]
tests/test_options.py::TestFieldOrdering::test_nested_field_order_with_exclude_arg_is_maintained PASSED [ 50%]
tests/test_options.py::TestFieldOrdering::test_meta_fields_order_is_maintained_on_dump PASSED [ 50%]
tests/test_options.py::TestFieldOrdering::test_meta_fields_order_is_maintained_on_load PASSED [ 50%]
tests/test_options.py::TestIncludeOption::test_fields_are_added PASSED   [ 50%]
tests/test_options.py::TestIncludeOption::test_included_fields_ordered_after_declared_fields PASSED [ 50%]
tests/test_options.py::TestIncludeOption::test_added_fields_are_inherited PASSED [ 50%]
tests/test_registry.py::test_serializer_has_class_registry PASSED        [ 50%]
tests/test_registry.py::test_register_class_meta_option PASSED           [ 50%]
tests/test_registry.py::test_serializer_class_registry_register_same_classname_different_module PASSED [ 50%]
tests/test_registry.py::test_serializer_class_registry_override_if_same_classname_same_module PASSED [ 51%]
tests/test_registry.py::test_two_way_nesting PASSED                      [ 51%]
tests/test_registry.py::test_nesting_with_class_name_many PASSED         [ 51%]
tests/test_registry.py::test_invalid_class_name_in_nested_field_raises_error PASSED [ 51%]
tests/test_registry.py::test_multiple_classes_with_same_name_raises_error PASSED [ 51%]
tests/test_registry.py::test_multiple_classes_with_all PASSED            [ 51%]
tests/test_registry.py::test_can_use_full_module_path_to_class PASSED    [ 51%]
tests/test_schema.py::test_serializing_basic_object[UserSchema] PASSED   [ 51%]
tests/test_schema.py::test_serializing_basic_object[UserMetaSchema] PASSED [ 51%]
tests/test_schema.py::test_serializer_dump PASSED                        [ 51%]
tests/test_schema.py::test_load_resets_errors PASSED                     [ 51%]
tests/test_schema.py::test_load_validation_error_stores_input_data_and_valid_data PASSED [ 51%]
tests/test_schema.py::test_load_resets_error_fields PASSED               [ 51%]
tests/test_schema.py::test_errored_fields_do_not_appear_in_output PASSED [ 52%]
tests/test_schema.py::test_load_many_stores_error_indices PASSED         [ 52%]
tests/test_schema.py::test_dump_many PASSED                              [ 52%]
tests/test_schema.py::test_boolean_can_dump_unhashable[value0] PASSED    [ 52%]
tests/test_schema.py::test_boolean_can_dump_unhashable[value1] PASSED    [ 52%]
tests/test_schema.py::test_boolean_can_dump_unhashable[value2] PASSED    [ 52%]
tests/test_schema.py::test_boolean_can_dump_unhashable[value3] PASSED    [ 52%]
tests/test_schema.py::test_multiple_errors_can_be_stored_for_a_given_index PASSED [ 52%]
tests/test_schema.py::test_dump_returns_a_dict PASSED                    [ 52%]
tests/test_schema.py::test_dumps_returns_a_string PASSED                 [ 52%]
tests/test_schema.py::test_dumping_single_object_with_collection_schema PASSED [ 52%]
tests/test_schema.py::test_loading_single_object_with_collection_schema PASSED [ 52%]
tests/test_schema.py::test_dumps_many PASSED                             [ 53%]
tests/test_schema.py::test_load_returns_an_object PASSED                 [ 53%]
tests/test_schema.py::test_load_many PASSED                              [ 53%]
tests/test_schema.py::test_load_invalid_input_type[None] PASSED          [ 53%]
tests/test_schema.py::test_load_invalid_input_type[False] PASSED         [ 53%]
tests/test_schema.py::test_load_invalid_input_type[1] PASSED             [ 53%]
tests/test_schema.py::test_load_invalid_input_type[1.2] PASSED           [ 53%]
tests/test_schema.py::test_load_invalid_input_type[val4] PASSED          [ 53%]
tests/test_schema.py::test_load_invalid_input_type[val5] PASSED          [ 53%]
tests/test_schema.py::test_load_invalid_input_type[val6] PASSED          [ 53%]
tests/test_schema.py::test_load_invalid_input_type[lol] PASSED           [ 53%]
tests/test_schema.py::test_load_many_invalid_input_type[None] PASSED     [ 53%]
tests/test_schema.py::test_load_many_invalid_input_type[False] PASSED    [ 54%]
tests/test_schema.py::test_load_many_invalid_input_type[1] PASSED        [ 54%]
tests/test_schema.py::test_load_many_invalid_input_type[1.2] PASSED      [ 54%]
tests/test_schema.py::test_load_many_invalid_input_type[val4] PASSED     [ 54%]
tests/test_schema.py::test_load_many_invalid_input_type[val5] PASSED     [ 54%]
tests/test_schema.py::test_load_many_invalid_input_type[val6] PASSED     [ 54%]
tests/test_schema.py::test_load_many_invalid_input_type[lol] PASSED      [ 54%]
tests/test_schema.py::test_load_many_empty_collection[val0] PASSED       [ 54%]
tests/test_schema.py::test_load_many_empty_collection[val1] PASSED       [ 54%]
tests/test_schema.py::test_load_many_in_nested_invalid_input_type[False] PASSED [ 54%]
tests/test_schema.py::test_load_many_in_nested_invalid_input_type[1] PASSED [ 54%]
tests/test_schema.py::test_load_many_in_nested_invalid_input_type[1.2] PASSED [ 54%]
tests/test_schema.py::test_load_many_in_nested_invalid_input_type[val3] PASSED [ 55%]
tests/test_schema.py::test_load_many_in_nested_invalid_input_type[val4] PASSED [ 55%]
tests/test_schema.py::test_load_many_in_nested_invalid_input_type[val5] PASSED [ 55%]
tests/test_schema.py::test_load_many_in_nested_invalid_input_type[lol] PASSED [ 55%]
tests/test_schema.py::test_load_many_in_nested_empty_collection[val0] PASSED [ 55%]
tests/test_schema.py::test_load_many_in_nested_empty_collection[val1] PASSED [ 55%]
tests/test_schema.py::test_loads_returns_a_user PASSED                   [ 55%]
tests/test_schema.py::test_loads_many PASSED                             [ 55%]
tests/test_schema.py::test_loads_deserializes_from_json PASSED           [ 55%]
tests/test_schema.py::test_serializing_none PASSED                       [ 55%]
tests/test_schema.py::test_default_many_symmetry PASSED                  [ 55%]
tests/test_schema.py::test_on_bind_field_hook PASSED                     [ 55%]
tests/test_schema.py::test_nested_on_bind_field_hook PASSED              [ 55%]
tests/test_schema.py::TestValidate::test_validate_raises_with_errors_dict PASSED [ 56%]
tests/test_schema.py::TestValidate::test_validate_many PASSED            [ 56%]
tests/test_schema.py::TestValidate::test_validate_many_doesnt_store_index_if_index_errors_option_is_false PASSED [ 56%]
tests/test_schema.py::TestValidate::test_validate PASSED                 [ 56%]
tests/test_schema.py::TestValidate::test_validate_required PASSED        [ 56%]
tests/test_schema.py::test_fields_are_not_copies[UserSchema] PASSED      [ 56%]
tests/test_schema.py::test_fields_are_not_copies[UserMetaSchema] PASSED  [ 56%]
tests/test_schema.py::test_dumps_returns_json PASSED                     [ 56%]
tests/test_schema.py::test_naive_datetime_field PASSED                   [ 56%]
tests/test_schema.py::test_datetime_formatted_field PASSED               [ 56%]
tests/test_schema.py::test_datetime_iso_field PASSED                     [ 56%]
tests/test_schema.py::test_tz_datetime_field PASSED                      [ 56%]
tests/test_schema.py::test_class_variable PASSED                         [ 57%]
tests/test_schema.py::test_serialize_many[UserSchema] PASSED             [ 57%]
tests/test_schema.py::test_serialize_many[UserMetaSchema] PASSED         [ 57%]
tests/test_schema.py::test_inheriting_schema PASSED                      [ 57%]
tests/test_schema.py::test_custom_field PASSED                           [ 57%]
tests/test_schema.py::test_url_field PASSED                              [ 57%]
tests/test_schema.py::test_relative_url_field PASSED                     [ 57%]
tests/test_schema.py::test_stores_invalid_url_error[UserSchema] PASSED   [ 57%]
tests/test_schema.py::test_stores_invalid_url_error[UserMetaSchema] PASSED [ 57%]
tests/test_schema.py::test_email_field[UserSchema] PASSED                [ 57%]
tests/test_schema.py::test_email_field[UserMetaSchema] PASSED            [ 57%]
tests/test_schema.py::test_stored_invalid_email PASSED                   [ 57%]
tests/test_schema.py::test_integer_field PASSED                          [ 58%]
tests/test_schema.py::test_as_string PASSED                              [ 58%]
tests/test_schema.py::test_method_field[UserSchema] PASSED               [ 58%]
tests/test_schema.py::test_method_field[UserMetaSchema] PASSED           [ 58%]
tests/test_schema.py::test_function_field PASSED                         [ 58%]
tests/test_schema.py::test_fields_must_be_declared_as_instances PASSED   [ 58%]
tests/test_schema.py::test_bind_field_does_not_swallow_typeerror PASSED  [ 58%]
tests/test_schema.py::test_serializing_generator[UserSchema] PASSED      [ 58%]
tests/test_schema.py::test_serializing_generator[UserMetaSchema] PASSED  [ 58%]
tests/test_schema.py::test_serializing_empty_list_returns_empty_list PASSED [ 58%]
tests/test_schema.py::test_serializing_dict PASSED                       [ 58%]
tests/test_schema.py::test_serializing_dict_with_meta_fields PASSED      [ 58%]
tests/test_schema.py::test_exclude_in_init[UserSchema] PASSED            [ 58%]
tests/test_schema.py::test_exclude_in_init[UserMetaSchema] PASSED        [ 59%]
tests/test_schema.py::test_only_in_init[UserSchema] PASSED               [ 59%]
tests/test_schema.py::test_only_in_init[UserMetaSchema] PASSED           [ 59%]
tests/test_schema.py::test_invalid_only_param PASSED                     [ 59%]
tests/test_schema.py::test_can_serialize_uuid PASSED                     [ 59%]
tests/test_schema.py::test_can_serialize_time PASSED                     [ 59%]
[...]
tests/test_serialization.py::TestFieldSerialization::test_all_fields_serialize_none_to_none[IPv6] PASSED [ 81%]
tests/test_serialization.py::TestFieldSerialization::test_all_fields_serialize_none_to_none[IPInterface] PASSED [ 81%]
tests/test_serialization.py::TestFieldSerialization::test_all_fields_serialize_none_to_none[IPv4Interface] PASSED [ 81%]
tests/test_serialization.py::TestFieldSerialization::test_all_fields_serialize_none_to_none[IPv6Interface] PASSED [ 81%]
tests/test_serialization.py::TestFieldSerialization::test_all_fields_serialize_none_to_none[FieldClass20] PASSED [ 81%]
tests/test_serialization.py::TestFieldSerialization::test_all_fields_serialize_none_to_none[FieldClass21] PASSED [ 82%]
tests/test_serialization.py::TestFieldSerialization::test_all_fields_serialize_none_to_none[FieldClass22] PASSED [ 82%]
tests/test_serialization.py::TestSchemaSerialization::test_serialize_with_missing_param_value PASSED [ 82%]
tests/test_serialization.py::TestSchemaSerialization::test_serialize_with_missing_param_callable PASSED [ 82%]
tests/test_serialization.py::test_serializing_named_tuple PASSED         [ 82%]
tests/test_serialization.py::test_serializing_named_tuple_with_meta PASSED [ 82%]
tests/test_serialization.py::test_serializing_slice PASSED               [ 82%]
tests/test_serialization.py::test_nested_field_many_serializing_generator PASSED [ 82%]
tests/test_utils.py::test_missing_singleton_copy PASSED                  [ 82%]
tests/test_utils.py::test_get_value_from_object[obj0] PASSED             [ 82%]
tests/test_utils.py::test_get_value_from_object[obj1] PASSED             [ 82%]
tests/test_utils.py::test_get_value_from_object[obj2] PASSED             [ 82%]
tests/test_utils.py::test_get_value_from_object[obj3] PASSED             [ 82%]
tests/test_utils.py::test_get_value_from_namedtuple_with_default PASSED  [ 83%]
tests/test_utils.py::test_get_value_for_nested_object PASSED             [ 83%]
tests/test_utils.py::test_get_value_from_dict PASSED                     [ 83%]
tests/test_utils.py::test_get_value PASSED                               [ 83%]
tests/test_utils.py::test_set_value PASSED                               [ 83%]
tests/test_utils.py::test_is_keyed_tuple PASSED                          [ 83%]
tests/test_utils.py::test_is_collection PASSED                           [ 83%]
tests/test_utils.py::test_rfc_format[value0-Sun, 10 Nov 2013 01:23:45 -0000] PASSED [ 83%]
tests/test_utils.py::test_rfc_format[value1-Sun, 10 Nov 2013 01:23:45 +0000] PASSED [ 83%]
tests/test_utils.py::test_rfc_format[value2-Sun, 10 Nov 2013 01:23:45 -0600] PASSED [ 83%]
tests/test_utils.py::test_isoformat[value0-2013-11-10T01:23:45] PASSED   [ 83%]
tests/test_utils.py::test_isoformat[value1-2013-11-10T01:23:45.123456+00:00] PASSED [ 83%]
tests/test_utils.py::test_isoformat[value2-2013-11-10T01:23:45+00:00] PASSED [ 84%]
tests/test_utils.py::test_isoformat[value3-2013-11-10T01:23:45-06:00] PASSED [ 84%]
tests/test_utils.py::test_from_rfc[Sun, 10 Nov 2013 01:23:45 -0000-expected0] PASSED [ 84%]
tests/test_utils.py::test_from_rfc[Sun, 10 Nov 2013 01:23:45 +0000-expected1] PASSED [ 84%]
tests/test_utils.py::test_from_rfc[Sun, 10 Nov 2013 01:23:45 -0600-expected2] PASSED [ 84%]
tests/test_utils.py::test_from_iso_datetime[2013-11-10T01:23:45-expected0] PASSED [ 84%]
tests/test_utils.py::test_from_iso_datetime[2013-11-10T01:23:45+00:00-expected1] PASSED [ 84%]
tests/test_utils.py::test_from_iso_datetime[2013-11-10T01:23:45.123+00:00-expected2] PASSED [ 84%]
tests/test_utils.py::test_from_iso_datetime[2013-11-10T01:23:45.123456+00:00-expected3] PASSED [ 84%]
tests/test_utils.py::test_from_iso_datetime[2013-11-10T01:23:45-06:00-expected4] PASSED [ 84%]
tests/test_utils.py::test_from_iso_time_with_microseconds PASSED         [ 84%]
tests/test_utils.py::test_from_iso_time_without_microseconds PASSED      [ 84%]
tests/test_utils.py::test_from_iso_date PASSED                           [ 85%]
tests/test_utils.py::test_from_timestamp[1676386740-expected0] PASSED    [ 85%]
tests/test_utils.py::test_from_timestamp[1676386740.58-expected1] PASSED [ 85%]
tests/test_utils.py::test_from_timestamp_with_negative_value PASSED      [ 85%]
tests/test_utils.py::test_from_timestamp_with_overflow_value PASSED      [ 85%]
tests/test_utils.py::test_get_func_args PASSED                           [ 85%]
tests/test_utils.py::test_function_field_using_type_annotation PASSED    [ 85%]
tests/test_validate.py::test_url_absolute_valid[http://example.org] PASSED [ 85%]
tests/test_validate.py::test_url_absolute_valid[https://example.org] PASSED [ 85%]
tests/test_validate.py::test_url_absolute_valid[ftp://example.org] PASSED [ 85%]
tests/test_validate.py::test_url_absolute_valid[ftps://example.org] PASSED [ 85%]
tests/test_validate.py::test_url_absolute_valid[http://example.co.jp] PASSED [ 85%]
tests/test_validate.py::test_url_absolute_valid[http://www.example.com/a%C2%B1b] PASSED [ 86%]
tests/test_validate.py::test_url_absolute_valid[http://www.example.com/~username/] PASSED [ 86%]
tests/test_validate.py::test_url_absolute_valid[http://info.example.com/?fred] PASSED [ 86%]
tests/test_validate.py::test_url_absolute_valid[http://xn--mgbh0fb.xn--kgbechtv/] PASSED [ 86%]
tests/test_validate.py::test_url_absolute_valid[http://example.com/blue/red%3Fand+green] PASSED [ 86%]
tests/test_validate.py::test_url_absolute_valid[http://www.example.com/?array%5Bkey%5D=value] PASSED [ 86%]
tests/test_validate.py::test_url_absolute_valid[http://xn--rsum-bpad.example.org/] PASSED [ 86%]
tests/test_validate.py::test_url_absolute_valid[http://123.45.67.8/] PASSED [ 86%]
tests/test_validate.py::test_url_absolute_valid[http://123.45.67.8:8329/] PASSED [ 86%]
tests/test_validate.py::test_url_absolute_valid[http://[2001:db8::ff00:42]:8329] PASSED [ 86%]
tests/test_validate.py::test_url_absolute_valid[http://[2001::1]:8329] PASSED [ 86%]
tests/test_validate.py::test_url_absolute_valid[http://www.example.com:8000/foo] PASSED [ 86%]
tests/test_validate.py::test_url_absolute_valid[http://user@example.com] PASSED [ 86%]
tests/test_validate.py::test_url_absolute_valid[http://user:pass@example.com] PASSED [ 87%]
tests/test_validate.py::test_url_absolute_valid[http://:pass@example.com] PASSED [ 87%]
tests/test_validate.py::test_url_absolute_valid[http://@example.com] PASSED [ 87%]
tests/test_validate.py::test_url_absolute_valid[http://AZaz09-._~%2A!$&'()*+,;=:@example.com] PASSED [ 87%]
tests/test_validate.py::test_url_absolute_invalid[http:///example.com/] PASSED [ 87%]
tests/test_validate.py::test_url_absolute_invalid[https:///example.com/] PASSED [ 87%]
tests/test_validate.py::test_url_absolute_invalid[https://example.org\\] PASSED [ 87%]
tests/test_validate.py::test_url_absolute_invalid[https://example.org\n] PASSED [ 87%]
tests/test_validate.py::test_url_absolute_invalid[ftp:///example.com/] PASSED [ 87%]
tests/test_validate.py::test_url_absolute_invalid[ftps:///example.com/] PASSED [ 87%]
tests/test_validate.py::test_url_absolute_invalid[http//example.org] PASSED [ 87%]
tests/test_validate.py::test_url_absolute_invalid[http:///] PASSED       [ 87%]
tests/test_validate.py::test_url_absolute_invalid[http:/example.org] PASSED [ 88%]
tests/test_validate.py::test_url_absolute_invalid[foo://example.org] PASSED [ 88%]
tests/test_validate.py::test_url_absolute_invalid[../icons/logo.gif] PASSED [ 88%]
tests/test_validate.py::test_url_absolute_invalid[http://2001:db8::ff00:42:8329] PASSED [ 88%]
tests/test_validate.py::test_url_absolute_invalid[http://[192.168.1.1]:8329] PASSED [ 88%]
tests/test_validate.py::test_url_absolute_invalid[abc] PASSED            [ 88%]
tests/test_validate.py::test_url_absolute_invalid[..] PASSED             [ 88%]
tests/test_validate.py::test_url_absolute_invalid[/] PASSED              [ 88%]
tests/test_validate.py::test_url_absolute_invalid[ ] PASSED              [ 88%]
tests/test_validate.py::test_url_absolute_invalid[] PASSED               [ 88%]
tests/test_validate.py::test_url_absolute_invalid[None] PASSED           [ 88%]
tests/test_validate.py::test_url_absolute_invalid[http://user@pass@example.com] PASSED [ 88%]
tests/test_validate.py::test_url_absolute_invalid[http://@pass@example.com] PASSED [ 89%]
tests/test_validate.py::test_url_absolute_invalid[http://@@example.com] PASSED [ 89%]
tests/test_validate.py::test_url_absolute_invalid[http://^@example.com] PASSED [ 89%]
tests/test_validate.py::test_url_absolute_invalid[http://%0G@example.com] PASSED [ 89%]
tests/test_validate.py::test_url_absolute_invalid[http://%@example.com] PASSED [ 89%]
tests/test_validate.py::test_url_relative_valid[http://example.org] PASSED [ 89%]
tests/test_validate.py::test_url_relative_valid[http://123.45.67.8/] PASSED [ 89%]
tests/test_validate.py::test_url_relative_valid[http://example.com/foo/bar/../baz] PASSED [ 89%]
tests/test_validate.py::test_url_relative_valid[https://example.com/../icons/logo.gif] PASSED [ 89%]
tests/test_validate.py::test_url_relative_valid[http://example.com/./icons/logo.gif] PASSED [ 89%]
tests/test_validate.py::test_url_relative_valid[ftp://example.com/../../../../g] PASSED [ 89%]
tests/test_validate.py::test_url_relative_valid[http://example.com/g?y/./x] PASSED [ 89%]
tests/test_validate.py::test_url_relative_valid[/foo/bar] PASSED         [ 89%]
tests/test_validate.py::test_url_relative_valid[/foo?bar] PASSED         [ 90%]
tests/test_validate.py::test_url_relative_valid[/foo?bar#baz] PASSED     [ 90%]
tests/test_validate.py::test_url_relative_invalid[http//example.org] PASSED [ 90%]
tests/test_validate.py::test_url_relative_invalid[http://example.org\n] PASSED [ 90%]
tests/test_validate.py::test_url_relative_invalid[suppliers.html] PASSED [ 90%]
tests/test_validate.py::test_url_relative_invalid[../icons/logo.gif] PASSED [ 90%]
tests/test_validate.py::test_url_relative_invalid[icons/logo.gif] PASSED [ 90%]
tests/test_validate.py::test_url_relative_invalid[../.../g] PASSED       [ 90%]
tests/test_validate.py::test_url_relative_invalid[...] PASSED            [ 90%]
tests/test_validate.py::test_url_relative_invalid[\\] PASSED             [ 90%]
tests/test_validate.py::test_url_relative_invalid[ ] PASSED              [ 90%]
tests/test_validate.py::test_url_relative_invalid[] PASSED               [ 90%]
tests/test_validate.py::test_url_relative_invalid[None] PASSED           [ 91%]
tests/test_validate.py::test_url_relative_only_valid[/foo/bar] PASSED    [ 91%]
tests/test_validate.py::test_url_relative_only_valid[/foo?bar] PASSED    [ 91%]
tests/test_validate.py::test_url_relative_only_valid[?bar] PASSED        [ 91%]
tests/test_validate.py::test_url_relative_only_valid[/foo?bar#baz] PASSED [ 91%]
tests/test_validate.py::test_url_relative_only_invalid[http//example.org] PASSED [ 91%]
tests/test_validate.py::test_url_relative_only_invalid[http://example.org\n] PASSED [ 91%]
tests/test_validate.py::test_url_relative_only_invalid[suppliers.html] PASSED [ 91%]
tests/test_validate.py::test_url_relative_only_invalid[../icons/logo.gif] PASSED [ 91%]
tests/test_validate.py::test_url_relative_only_invalid[icons/logo.gif] PASSED [ 91%]
tests/test_validate.py::test_url_relative_only_invalid[../.../g] PASSED  [ 91%]
tests/test_validate.py::test_url_relative_only_invalid[...] PASSED       [ 91%]
tests/test_validate.py::test_url_relative_only_invalid[\\] PASSED        [ 92%]
tests/test_validate.py::test_url_relative_only_invalid[ ] PASSED         [ 92%]
tests/test_validate.py::test_url_relative_only_invalid[] PASSED          [ 92%]
tests/test_validate.py::test_url_relative_only_invalid[http://example.org] PASSED [ 92%]
tests/test_validate.py::test_url_relative_only_invalid[http://123.45.67.8/] PASSED [ 92%]
tests/test_validate.py::test_url_relative_only_invalid[http://example.com/foo/bar/../baz] PASSED [ 92%]
tests/test_validate.py::test_url_relative_only_invalid[https://example.com/../icons/logo.gif] PASSED [ 92%]
tests/test_validate.py::test_url_relative_only_invalid[http://example.com/./icons/logo.gif] PASSED [ 92%]
tests/test_validate.py::test_url_relative_only_invalid[ftp://example.com/../../../../g] PASSED [ 92%]
tests/test_validate.py::test_url_relative_only_invalid[http://example.com/g?y/./x] PASSED [ 92%]
tests/test_validate.py::test_url_dont_require_tld_valid[http://example.org] PASSED [ 92%]
tests/test_validate.py::test_url_dont_require_tld_valid[http://123.45.67.8/] PASSED [ 92%]
tests/test_validate.py::test_url_dont_require_tld_valid[http://example] PASSED [ 93%]
tests/test_validate.py::test_url_dont_require_tld_valid[http://example.] PASSED [ 93%]
tests/test_validate.py::test_url_dont_require_tld_valid[http://example:80] PASSED [ 93%]
tests/test_validate.py::test_url_dont_require_tld_valid[http://user.name:pass.word@example] PASSED [ 93%]
tests/test_validate.py::test_url_dont_require_tld_valid[http://example/foo/bar] PASSED [ 93%]
tests/test_validate.py::test_url_dont_require_tld_invalid[http//example] PASSED [ 93%]
tests/test_validate.py::test_url_dont_require_tld_invalid[http://example\n] PASSED [ 93%]
tests/test_validate.py::test_url_dont_require_tld_invalid[http://.example.org] PASSED [ 93%]
tests/test_validate.py::test_url_dont_require_tld_invalid[http:///foo/bar] PASSED [ 93%]
tests/test_validate.py::test_url_dont_require_tld_invalid[http:// /foo/bar] PASSED [ 93%]
tests/test_validate.py::test_url_dont_require_tld_invalid[] PASSED       [ 93%]
tests/test_validate.py::test_url_dont_require_tld_invalid[None] PASSED   [ 93%]
tests/test_validate.py::test_url_custom_scheme PASSED                    [ 93%]
tests/test_validate.py::test_url_relative_and_custom_schemes PASSED      [ 94%]
tests/test_validate.py::test_url_custom_message PASSED                   [ 94%]
tests/test_validate.py::test_url_repr PASSED                             [ 94%]
tests/test_validate.py::test_url_rejects_invalid_relative_usage PASSED   [ 94%]
tests/test_validate.py::test_email_valid[niceandsimple@example.com] PASSED [ 94%]
tests/test_validate.py::test_email_valid[NiCeAnDsImPlE@eXaMpLe.CoM] PASSED [ 94%]
tests/test_validate.py::test_email_valid[very.common@example.com] PASSED [ 94%]
tests/test_validate.py::test_email_valid[a.little.lengthy.but.fine@a.iana-servers.net] PASSED [ 94%]
tests/test_validate.py::test_email_valid[disposable.style.email.with+symbol@example.com] PASSED [ 94%]
tests/test_validate.py::test_email_valid["very.unusual.@.unusual.com"@example.com] PASSED [ 94%]
tests/test_validate.py::test_email_valid[!#$%&'*+-/=?^_`{}|~@example.org] PASSED [ 94%]
tests/test_validate.py::test_email_valid[niceandsimple@[64.233.160.0]] PASSED [ 94%]
tests/test_validate.py::test_email_valid[niceandsimple@localhost] PASSED [ 95%]
tests/test_validate.py::test_email_valid[jos\xe9@blah.com] PASSED        [ 95%]
tests/test_validate.py::test_email_valid[\u03b4\u03bf\u03ba.\u03b9\u03bc\u03ae@\u03c0\u03b1\u03c1\u03ac\u03b4\u03b5\u03b9\u03b3\u03bc\u03b1.\u03b4\u03bf\u03ba\u03b9\u03bc\u03ae] PASSED [ 95%]
tests/test_validate.py::test_email_invalid[niceandsimple\n@example.com] PASSED [ 95%]
tests/test_validate.py::test_email_invalid[NiCeAnDsImPlE@eXaMpLe.CoM\n] PASSED [ 95%]
tests/test_validate.py::test_email_invalid[a"b(c)d,e:f;g<h>i[j\\k]l@example.com] PASSED [ 95%]
tests/test_validate.py::test_email_invalid[just"not"right@example.com] PASSED [ 95%]
tests/test_validate.py::test_email_invalid[this is"not\x07llowed@example.com] PASSED [ 95%]
tests/test_validate.py::test_email_invalid[this\\ still\\"not\\\\allowed@example.com] PASSED [ 95%]
tests/test_validate.py::test_email_invalid["much.more unusual"@example.com] PASSED [ 95%]
tests/test_validate.py::test_email_invalid["very.(),:;<>[]".VERY."very@\\ "very".unusual"@strange.example.com] PASSED [ 95%]
tests/test_validate.py::test_email_invalid[" "@example.org] PASSED       [ 95%]
tests/test_validate.py::test_email_invalid[user@example] PASSED          [ 96%]
tests/test_validate.py::test_email_invalid[@nouser.com] PASSED           [ 96%]
tests/test_validate.py::test_email_invalid[example.com] PASSED           [ 96%]
tests/test_validate.py::test_email_invalid[user] PASSED                  [ 96%]
tests/test_validate.py::test_email_invalid[] PASSED                      [ 96%]
tests/test_validate.py::test_email_invalid[None] PASSED                  [ 96%]
tests/test_validate.py::test_email_custom_message PASSED                 [ 96%]
tests/test_validate.py::test_email_repr PASSED                           [ 96%]
tests/test_validate.py::test_range_min PASSED                            [ 96%]
tests/test_validate.py::test_range_max PASSED                            [ 96%]
tests/test_validate.py::test_range_custom_message PASSED                 [ 96%]
tests/test_validate.py::test_range_repr PASSED                           [ 96%]
tests/test_validate.py::test_length_min PASSED                           [ 96%]
tests/test_validate.py::test_length_max PASSED                           [ 97%]
tests/test_validate.py::test_length_equal PASSED                         [ 97%]
tests/test_validate.py::test_length_custom_message PASSED                [ 97%]
tests/test_validate.py::test_length_repr PASSED                          [ 97%]
tests/test_validate.py::test_equal PASSED                                [ 97%]
tests/test_validate.py::test_equal_custom_message PASSED                 [ 97%]
tests/test_validate.py::test_equal_repr PASSED                           [ 97%]
tests/test_validate.py::test_regexp_str PASSED                           [ 97%]
tests/test_validate.py::test_regexp_compile PASSED                       [ 97%]
tests/test_validate.py::test_regexp_custom_message PASSED                [ 97%]
tests/test_validate.py::test_regexp_repr PASSED                          [ 97%]
tests/test_validate.py::test_predicate PASSED                            [ 97%]
tests/test_validate.py::test_predicate_custom_message PASSED             [ 98%]
tests/test_validate.py::test_predicate_repr PASSED                       [ 98%]
tests/test_validate.py::test_noneof PASSED                               [ 98%]
tests/test_validate.py::test_noneof_custom_message PASSED                [ 98%]
tests/test_validate.py::test_noneof_repr PASSED                          [ 98%]
tests/test_validate.py::test_oneof PASSED                                [ 98%]
tests/test_validate.py::test_oneof_options PASSED                        [ 98%]
tests/test_validate.py::test_oneof_text PASSED                           [ 98%]
tests/test_validate.py::test_oneof_custom_message PASSED                 [ 98%]
tests/test_validate.py::test_oneof_repr PASSED                           [ 98%]
tests/test_validate.py::test_containsonly_in_list PASSED                 [ 98%]
tests/test_validate.py::test_contains_only_unhashable_types PASSED       [ 98%]
tests/test_validate.py::test_containsonly_in_tuple PASSED                [ 99%]
tests/test_validate.py::test_contains_only_in_string PASSED              [ 99%]
tests/test_validate.py::test_containsonly_custom_message PASSED          [ 99%]
tests/test_validate.py::test_containsonly_repr PASSED                    [ 99%]
tests/test_validate.py::test_containsnoneof_error_message PASSED         [ 99%]
tests/test_validate.py::test_containsnoneof_in_list PASSED               [ 99%]
tests/test_validate.py::test_containsnoneof_unhashable_types PASSED      [ 99%]
tests/test_validate.py::test_containsnoneof_in_tuple PASSED              [ 99%]
tests/test_validate.py::test_containsnoneof_in_string PASSED             [ 99%]
tests/test_validate.py::test_containsnoneof_custom_message PASSED        [ 99%]
tests/test_validate.py::test_containsnoneof_mixing_types PASSED          [ 99%]
tests/test_validate.py::test_and PASSED                                  [ 99%]
tests/test_version_attributes.py::test_version_attributes_deprecated PASSED [100%]

--------------------------------- JSON report ----------------------------------
report saved to: report.json
============================= 1229 passed in 3.38s =============================
