[1m============================= test session starts ==============================[0m
platform linux -- Python 3.10.12, pytest-8.3.3, pluggy-1.5.0
rootdir: /testbed
configfile: tox.ini
plugins: cov-5.0.0, metadata-3.1.1, json-report-1.5.0
collected 39 items

tests/test_core.py [32m.[0m[32m.[0m[32m.[0m[32m.[0m[32m.[0m[32m.[0m[32m.[0m[32m.[0m[32m.[0m[32m.[0m[32m.[0m[32m.[0m[32m.[0m[32m.[0m[32m.[0m[32m.[0m[32m.[0m[32m                                     [ 43%][0m
tests/test_emojis.py [32m.[0m[32m.[0m[32m.[0m[32m.[0m[32m.[0m[32m.[0m[32m.[0m[32m.[0m[32m                                            [ 64%][0m
tests/test_table_integrity.py [33ms[0m[32m                                          [ 66%][0m
tests/test_ucslevel.py [32m.[0m[32m.[0m[32m.[0m[32m.[0m[32m.[0m[32m.[0m[32m.[0m[32m.[0m[32m.[0m[32m.[0m[32m.[0m[32m.[0m[32m.[0m[32m                                     [100%][0m

--------------------------------- JSON report ----------------------------------
report saved to: report.json

---------- coverage: platform linux, python 3.10.12-final-0 ----------
Coverage HTML written to dir htmlcov

[32m======================== [32m[1m38 passed[0m, [33m1 skipped[0m[32m in 0.97s[0m[32m =========================[0m
