============================= test session starts ==============================
platform linux -- Python 3.10.12, pytest-8.3.3, pluggy-1.5.0
rootdir: /testbed
configfile: pyproject.toml
plugins: metadata-3.1.1, cov-5.0.0, json-report-1.5.0
collected 851 items

tests/test_api.py .................................                      [  3%]
tests/test_async.py .................................................... [  9%]
......                                                                   [ 10%]
tests/test_async_filters.py ...........................................  [ 15%]
tests/test_bytecode_cache.py ...                                         [ 16%]
tests/test_compile.py ..                                                 [ 16%]
tests/test_core_tags.py ................................................ [ 21%]
..............                                                           [ 23%]
tests/test_debug.py .......                                              [ 24%]
tests/test_ext.py ...................................................    [ 30%]
tests/test_filters.py .................................................. [ 36%]
........................................................................ [ 44%]
.........                                                                [ 45%]
tests/test_idtracking.py .....                                           [ 46%]
tests/test_imports.py ...............                                    [ 48%]
tests/test_inheritance.py ......................                         [ 50%]
tests/test_lexnparse.py ................................................ [ 56%]
........................................................................ [ 64%]
..............................                                           [ 68%]
tests/test_loader.py .........................................           [ 73%]
tests/test_nativetypes.py ..........................                     [ 76%]
tests/test_nodes.py .                                                    [ 76%]
tests/test_pickle.py .                                                   [ 76%]
tests/test_regression.py ............................................... [ 82%]
.....                                                                    [ 82%]
tests/test_runtime.py .......                                            [ 83%]
tests/test_security.py ...............                                   [ 85%]
tests/test_tests.py .................................................... [ 91%]
......................................................                   [ 97%]
tests/test_utils.py ....................                                 [100%]

--------------------------------- JSON report ----------------------------------
report saved to: report.json
============================= 851 passed in 2.59s ==============================
