============================= test session starts ==============================
platform linux -- Python 3.10.12, pytest-8.3.3, pluggy-1.5.0 -- /testbed/.venv/bin/python3
cachedir: .pytest_cache
metadata: {'Python': '3.10.12', 'Platform': 'Linux-4.4.0-x86_64-with-glibc2.35', 'Packages': {'pytest': '8.3.3', 'pluggy': '1.5.0'}, 'Plugins': {'cov': '5.0.0', 'json-report': '1.5.0', 'mock': '3.14.0', 'metadata': '3.1.1'}}
rootdir: /testbed
configfile: setup.cfg
plugins: cov-5.0.0, json-report-1.5.0, mock-3.14.0, metadata-3.1.1
collecting ... collected 371 items

tests/replay/test_dump.py::test_type_error_if_no_template_name FAILED    [  0%]
tests/replay/test_dump.py::test_type_error_if_not_dict_context FAILED    [  0%]
tests/replay/test_dump.py::test_value_error_if_key_missing_in_context FAILED [  0%]
tests/replay/test_dump.py::test_ioerror_if_replay_dir_creation_fails FAILED [  1%]
tests/replay/test_dump.py::test_run_json_dump FAILED                     [  1%]
tests/replay/test_load.py::test_type_error_if_no_template_name FAILED    [  1%]
tests/replay/test_load.py::test_value_error_if_key_missing_in_context FAILED [  1%]
tests/replay/test_load.py::test_io_error_if_no_replay_file FAILED        [  2%]
tests/replay/test_load.py::test_run_json_load FAILED                     [  2%]
tests/replay/test_replay.py::test_get_replay_file_name[bar] FAILED       [  2%]
tests/replay/test_replay.py::test_get_replay_file_name[bar.json] FAILED  [  2%]
tests/replay/test_replay.py::test_raise_on_invalid_mode[invalid_kwargs0] FAILED [  3%]
tests/replay/test_replay.py::test_raise_on_invalid_mode[invalid_kwargs1] FAILED [  3%]
tests/replay/test_replay.py::test_raise_on_invalid_mode[invalid_kwargs2] FAILED [  3%]
tests/replay/test_replay.py::test_main_does_not_invoke_dump_but_load FAILED [  4%]
tests/replay/test_replay.py::test_main_does_not_invoke_load_but_dump FAILED [  4%]
tests/repository/test_abbreviation_expansion.py::test_abbreviation_expansion[Simple expansion] FAILED [  4%]
tests/repository/test_abbreviation_expansion.py::test_abbreviation_expansion[Skip expansion (expansion not an abbreviation)] FAILED [  4%]
tests/repository/test_abbreviation_expansion.py::test_abbreviation_expansion[Expansion prefix] FAILED [  5%]
tests/repository/test_abbreviation_expansion.py::test_abbreviation_expansion[expansion_override_builtin] FAILED [  5%]
tests/repository/test_abbreviation_expansion.py::test_abbreviation_expansion[expansion_prefix_ignores_suffix] FAILED [  5%]
tests/repository/test_abbreviation_expansion.py::test_abbreviation_expansion[Correct expansion for builtin abbreviations (github)] FAILED [  5%]
tests/repository/test_abbreviation_expansion.py::test_abbreviation_expansion[Correct expansion for builtin abbreviations (gitlab)] FAILED [  6%]
tests/repository/test_abbreviation_expansion.py::test_abbreviation_expansion[Correct expansion for builtin abbreviations (bitbucket)] FAILED [  6%]
tests/repository/test_abbreviation_expansion.py::test_abbreviation_expansion_prefix_not_0_in_braces FAILED [  6%]
tests/repository/test_determine_repo_dir_clones_repo.py::test_zipfile_unzip[/path/to/zipfile.zip-False] FAILED [  7%]
tests/repository/test_determine_repo_dir_clones_repo.py::test_zipfile_unzip[https://example.com/path/to/zipfile.zip-True] FAILED [  7%]
tests/repository/test_determine_repo_dir_clones_repo.py::test_zipfile_unzip[http://example.com/path/to/zipfile.zip-True] FAILED [  7%]
tests/repository/test_determine_repo_dir_clones_repo.py::test_repository_url_should_clone FAILED [  7%]
tests/repository/test_determine_repo_dir_clones_repo.py::test_repository_url_with_no_context_file FAILED [  8%]
tests/repository/test_determine_repo_dir_finds_existing_cookiecutter.py::test_should_find_existing_cookiecutter FAILED [  8%]
tests/repository/test_determine_repo_dir_finds_subdirectories.py::test_should_find_existing_cookiecutter FAILED [  8%]
tests/repository/test_determine_repo_dir_finds_subdirectories.py::test_local_repo_typo FAILED [  8%]
tests/repository/test_determine_repository_should_use_local_repo.py::test_finds_local_repo FAILED [  9%]
tests/repository/test_determine_repository_should_use_local_repo.py::test_local_repo_with_no_context_raises FAILED [  9%]
tests/repository/test_determine_repository_should_use_local_repo.py::test_local_repo_typo FAILED [  9%]
tests/repository/test_is_repo_url.py::test_is_zip_file[/path/to/zipfile.zip] FAILED [  9%]
tests/repository/test_is_repo_url.py::test_is_zip_file[https://example.com/path/to/zipfile.zip] FAILED [ 10%]
tests/repository/test_is_repo_url.py::test_is_zip_file[http://example.com/path/to/zipfile.zip] FAILED [ 10%]
tests/repository/test_is_repo_url.py::test_is_repo_url_for_remote_urls[gitolite@server:team/repo] FAILED [ 10%]
tests/repository/test_is_repo_url.py::test_is_repo_url_for_remote_urls[git@github.com:audreyfeldroy/cookiecutter.git] FAILED [ 11%]
tests/repository/test_is_repo_url.py::test_is_repo_url_for_remote_urls[https://github.com/cookiecutter/cookiecutter.git] FAILED [ 11%]
tests/repository/test_is_repo_url.py::test_is_repo_url_for_remote_urls[git+https://private.com/gitrepo] FAILED [ 11%]
tests/repository/test_is_repo_url.py::test_is_repo_url_for_remote_urls[hg+https://private.com/mercurialrepo] FAILED [ 11%]
tests/repository/test_is_repo_url.py::test_is_repo_url_for_remote_urls[https://bitbucket.org/pokoli/cookiecutter.hg] FAILED [ 12%]
tests/repository/test_is_repo_url.py::test_is_repo_url_for_remote_urls[file://server/path/to/repo.git] FAILED [ 12%]
tests/repository/test_is_repo_url.py::test_is_repo_url_for_local_urls[/audreyr/cookiecutter.git] FAILED [ 12%]
tests/repository/test_is_repo_url.py::test_is_repo_url_for_local_urls[/home/audreyr/cookiecutter] FAILED [ 12%]
tests/repository/test_is_repo_url.py::test_is_repo_url_for_local_urls[c:\\users\\foo\\appdata\\local\\temp\\1\\pytest-0\\test_default_output_dir0\\template] FAILED [ 13%]
tests/repository/test_is_repo_url.py::test_expand_abbreviations FAILED   [ 13%]
tests/repository/test_repository_has_cookiecutter_json.py::test_valid_repository FAILED [ 13%]
tests/repository/test_repository_has_cookiecutter_json.py::test_invalid_repository[tests/fake-repo-bad] PASSED [ 14%]
tests/repository/test_repository_has_cookiecutter_json.py::test_invalid_repository[tests/unknown-repo] PASSED [ 14%]
tests/test_abort_generate_on_hook_error.py::test_hooks_raises_errors[pre_gen_hook_raises_error] FAILED [ 14%]
tests/test_abort_generate_on_hook_error.py::test_hooks_raises_errors[post_gen_hook_raises_error] FAILED [ 14%]
tests/test_cli.py::test_cli_version[-V] FAILED                           [ 15%]
tests/test_cli.py::test_cli_version[--version] FAILED                    [ 15%]
tests/test_cli.py::test_cli_error_on_existing_output_directory FAILED    [ 15%]
tests/test_cli.py::test_cli FAILED                                       [ 15%]
tests/test_cli.py::test_cli_verbose FAILED                               [ 16%]
tests/test_cli.py::test_cli_replay FAILED                                [ 16%]
tests/test_cli.py::test_cli_replay_file FAILED                           [ 16%]
tests/test_cli.py::test_cli_replay_generated FAILED                      [ 16%]
tests/test_cli.py::test_cli_exit_on_noinput_and_replay FAILED            [ 17%]
tests/test_cli.py::test_run_cookiecutter_on_overwrite_if_exists_and_replay[-f] FAILED [ 17%]
tests/test_cli.py::test_run_cookiecutter_on_overwrite_if_exists_and_replay[--overwrite-if-exists] FAILED [ 17%]
tests/test_cli.py::test_cli_overwrite_if_exists_when_output_dir_does_not_exist[-f] PASSED [ 18%]
tests/test_cli.py::test_cli_overwrite_if_exists_when_output_dir_does_not_exist[--overwrite-if-exists] PASSED [ 18%]
tests/test_cli.py::test_cli_overwrite_if_exists_when_output_dir_exists[-f] ERROR [ 18%]
tests/test_cli.py::test_cli_overwrite_if_exists_when_output_dir_exists[--overwrite-if-exists] ERROR [ 18%]
tests/test_cli.py::test_cli_output_dir[-o] FAILED                        [ 19%]
tests/test_cli.py::test_cli_output_dir[--output-dir] FAILED              [ 19%]
tests/test_cli.py::test_cli_help[-h] PASSED                              [ 19%]
tests/test_cli.py::test_cli_help[--help] PASSED                          [ 19%]
tests/test_cli.py::test_cli_help[help] FAILED                            [ 20%]
tests/test_cli.py::test_user_config FAILED                               [ 20%]
tests/test_cli.py::test_default_user_config_overwrite FAILED             [ 20%]
tests/test_cli.py::test_default_user_config FAILED                       [ 21%]
tests/test_cli.py::test_echo_undefined_variable_error FAILED             [ 21%]
tests/test_cli.py::test_echo_unknown_extension_error FAILED              [ 21%]
tests/test_cli.py::test_local_extension FAILED                           [ 21%]
tests/test_cli.py::test_local_extension_not_available FAILED             [ 22%]
tests/test_cli.py::test_cli_extra_context FAILED                         [ 22%]
tests/test_cli.py::test_cli_extra_context_invalid_format FAILED          [ 22%]
tests/test_cli.py::test_debug_file_non_verbose FAILED                    [ 22%]
tests/test_cli.py::test_debug_file_verbose FAILED                        [ 23%]
tests/test_cli.py::test_debug_list_installed_templates ERROR             [ 23%]
tests/test_cli.py::test_debug_list_installed_templates_failure FAILED    [ 23%]
tests/test_cli.py::test_directory_repo FAILED                            [ 23%]
tests/test_cli.py::test_cli_accept_hooks[-o---accept-hooks=yes-None-True] FAILED [ 24%]
tests/test_cli.py::test_cli_accept_hooks[-o---accept-hooks=no-None-False] FAILED [ 24%]
tests/test_cli.py::test_cli_accept_hooks[-o---accept-hooks=ask-yes-True] FAILED [ 24%]
tests/test_cli.py::test_cli_accept_hooks[-o---accept-hooks=ask-no-False] FAILED [ 25%]
tests/test_cli.py::test_cli_accept_hooks[--output-dir---accept-hooks=yes-None-True] FAILED [ 25%]
tests/test_cli.py::test_cli_accept_hooks[--output-dir---accept-hooks=no-None-False] FAILED [ 25%]
tests/test_cli.py::test_cli_accept_hooks[--output-dir---accept-hooks=ask-yes-True] FAILED [ 25%]
tests/test_cli.py::test_cli_accept_hooks[--output-dir---accept-hooks=ask-no-False] FAILED [ 26%]
tests/test_cli.py::test_cli_with_json_decoding_error FAILED              [ 26%]
tests/test_cli.py::test_cli_with_pre_prompt_hook FAILED                  [ 26%]
tests/test_cli.py::test_cli_with_pre_prompt_hook_fail FAILED             [ 26%]
tests/test_cookiecutter_invocation.py::test_should_invoke_main FAILED    [ 27%]
tests/test_cookiecutter_local_no_input.py::test_cookiecutter_no_input_return_project_dir[tests/fake-repo-pre/] FAILED [ 27%]
tests/test_cookiecutter_local_no_input.py::test_cookiecutter_no_input_return_project_dir[tests/fake-repo-pre] FAILED [ 27%]
tests/test_cookiecutter_local_no_input.py::test_cookiecutter_no_input_extra_context FAILED [ 28%]
tests/test_cookiecutter_local_no_input.py::test_cookiecutter_templated_context FAILED [ 28%]
tests/test_cookiecutter_local_no_input.py::test_cookiecutter_no_input_return_rendered_file FAILED [ 28%]
tests/test_cookiecutter_local_no_input.py::test_cookiecutter_dict_values_in_context FAILED [ 28%]
tests/test_cookiecutter_local_no_input.py::test_cookiecutter_template_cleanup FAILED [ 29%]
tests/test_cookiecutter_local_with_input.py::test_cookiecutter_local_with_input FAILED [ 29%]
tests/test_cookiecutter_local_with_input.py::test_cookiecutter_input_extra_context FAILED [ 29%]
tests/test_cookiecutter_nested_templates.py::test_cookiecutter_nested_templates[fake-nested-templates-fake-project] FAILED [ 29%]
tests/test_cookiecutter_nested_templates.py::test_cookiecutter_nested_templates[fake-nested-templates-old-style-fake-package] FAILED [ 30%]
tests/test_custom_extensions_in_hooks.py::test_hook_with_extension[pre_gen_hook] FAILED [ 30%]
tests/test_custom_extensions_in_hooks.py::test_hook_with_extension[post_gen_hook] FAILED [ 30%]
tests/test_default_extensions.py::test_jinja2_time_extension FAILED      [ 30%]
tests/test_default_extensions.py::test_jinja2_slugify_extension FAILED   [ 31%]
tests/test_default_extensions.py::test_jinja2_uuid_extension FAILED      [ 31%]
tests/test_environment.py::test_env_should_raise_for_unknown_extension FAILED [ 31%]
tests/test_environment.py::test_env_should_come_with_default_extensions FAILED [ 32%]
tests/test_exceptions.py::test_undefined_variable_to_str PASSED          [ 32%]
tests/test_find.py::test_find_template[template with default jinja strings] FAILED [ 32%]
tests/test_find.py::test_find_template[template with custom jinja strings] FAILED [ 32%]
tests/test_find.py::test_find_template[template with custom jinja strings but folder with default jinja strings] FAILED [ 33%]
tests/test_find.py::test_find_template[template missing folder] FAILED   [ 33%]
tests/test_generate_context.py::test_generate_context[input_params0-expected_context0] FAILED [ 33%]
tests/test_generate_context.py::test_generate_context[input_params1-expected_context1] FAILED [ 33%]
tests/test_generate_context.py::test_generate_context[input_params2-expected_context2] FAILED [ 34%]
tests/test_generate_context.py::test_generate_context[input_params3-expected_context3] FAILED [ 34%]
tests/test_generate_context.py::test_generate_context_with_json_decoding_error FAILED [ 34%]
tests/test_generate_context.py::test_default_context_replacement_in_generate_context FAILED [ 35%]
tests/test_generate_context.py::test_generate_context_decodes_non_ascii_chars FAILED [ 35%]
tests/test_generate_context.py::test_apply_overwrites_does_include_unused_variables PASSED [ 35%]
tests/test_generate_context.py::test_apply_overwrites_sets_non_list_value FAILED [ 35%]
tests/test_generate_context.py::test_apply_overwrites_does_not_modify_choices_for_invalid_overwrite FAILED [ 36%]
tests/test_generate_context.py::test_apply_overwrites_invalid_overwrite FAILED [ 36%]
tests/test_generate_context.py::test_apply_overwrites_sets_multichoice_values FAILED [ 36%]
tests/test_generate_context.py::test_apply_overwrites_invalid_multichoice_values FAILED [ 36%]
tests/test_generate_context.py::test_apply_overwrites_error_additional_values FAILED [ 37%]
tests/test_generate_context.py::test_apply_overwrites_in_dictionaries FAILED [ 37%]
tests/test_generate_context.py::test_apply_overwrites_sets_default_for_choice_variable FAILED [ 37%]
tests/test_generate_context.py::test_apply_overwrites_in_nested_dict FAILED [ 38%]
tests/test_generate_context.py::test_apply_overwrite_context_as_in_nested_dict_with_additional_values FAILED [ 38%]
tests/test_generate_context.py::test_apply_overwrites_in_nested_dict_additional_values FAILED [ 38%]
tests/test_generate_copy_without_render.py::test_generate_copy_without_render_extensions FAILED [ 38%]
tests/test_generate_copy_without_render_override.py::test_generate_copy_without_render_extensions FAILED [ 39%]
tests/test_generate_file.py::test_generate_file ERROR                    [ 39%]
tests/test_generate_file.py::test_generate_file_jsonify_filter ERROR     [ 39%]
tests/test_generate_file.py::test_generate_file_random_ascii_string[True-10] ERROR [ 39%]
tests/test_generate_file.py::test_generate_file_random_ascii_string[True-40] ERROR [ 40%]
tests/test_generate_file.py::test_generate_file_random_ascii_string[False-10] ERROR [ 40%]
tests/test_generate_file.py::test_generate_file_random_ascii_string[False-40] ERROR [ 40%]
tests/test_generate_file.py::test_generate_file_with_true_condition ERROR [ 40%]
tests/test_generate_file.py::test_generate_file_with_false_condition ERROR [ 41%]
tests/test_generate_file.py::test_generate_file_verbose_template_syntax_error ERROR [ 41%]
tests/test_generate_file.py::test_generate_file_does_not_translate_lf_newlines_to_crlf ERROR [ 41%]
tests/test_generate_file.py::test_generate_file_does_not_translate_crlf_newlines_to_lf ERROR [ 42%]
tests/test_generate_file.py::test_generate_file_handles_mixed_line_endings ERROR [ 42%]
tests/test_generate_files.py::test_generate_files_nontemplated_exception FAILED [ 42%]
tests/test_generate_files.py::test_generate_files FAILED                 [ 42%]
tests/test_generate_files.py::test_generate_files_with_linux_newline FAILED [ 43%]
tests/test_generate_files.py::test_generate_files_with_jinja2_environment FAILED [ 43%]
tests/test_generate_files.py::test_generate_files_with_trailing_newline_forced_to_linux_by_context FAILED [ 43%]
tests/test_generate_files.py::test_generate_files_with_windows_newline FAILED [ 43%]
tests/test_generate_files.py::test_generate_files_with_windows_newline_forced_to_linux_by_context FAILED [ 44%]
tests/test_generate_files.py::test_generate_files_binaries FAILED        [ 44%]
tests/test_generate_files.py::test_generate_files_absolute_path FAILED   [ 44%]
tests/test_generate_files.py::test_generate_files_output_dir FAILED      [ 45%]
tests/test_generate_files.py::test_generate_files_permissions FAILED     [ 45%]
tests/test_generate_files.py::test_generate_files_with_overwrite_if_exists_with_skip_if_file_exists FAILED [ 45%]
tests/test_generate_files.py::test_generate_files_with_skip_if_file_exists FAILED [ 45%]
tests/test_generate_files.py::test_generate_files_with_overwrite_if_exists FAILED [ 46%]
tests/test_generate_files.py::test_raise_undefined_variable_file_name FAILED [ 46%]
tests/test_generate_files.py::test_raise_undefined_variable_file_name_existing_project FAILED [ 46%]
tests/test_generate_files.py::test_raise_undefined_variable_file_content FAILED [ 46%]
tests/test_generate_files.py::test_raise_undefined_variable_dir_name FAILED [ 47%]
tests/test_generate_files.py::test_keep_project_dir_on_failure FAILED    [ 47%]
tests/test_generate_files.py::test_raise_undefined_variable_dir_name_existing_project FAILED [ 47%]
tests/test_generate_files.py::test_raise_undefined_variable_project_dir FAILED [ 47%]
tests/test_generate_hooks.py::test_ignore_hooks_dirs PASSED              [ 48%]
tests/test_generate_hooks.py::test_run_python_hooks FAILED               [ 48%]
tests/test_generate_hooks.py::test_run_python_hooks_cwd FAILED           [ 48%]
tests/test_generate_hooks.py::test_empty_hooks FAILED                    [ 49%]
tests/test_generate_hooks.py::test_oserror_hooks FAILED                  [ 49%]
tests/test_generate_hooks.py::test_run_failing_hook_removes_output_directory FAILED [ 49%]
tests/test_generate_hooks.py::test_run_failing_hook_preserves_existing_output_directory FAILED [ 49%]
tests/test_generate_hooks.py::test_run_shell_hooks FAILED                [ 50%]
tests/test_generate_hooks.py::test_run_shell_hooks_win SKIPPED (Win only
test)                                                                    [ 50%]
tests/test_generate_hooks.py::test_ignore_shell_hooks PASSED             [ 50%]
tests/test_generate_hooks.py::test_deprecate_run_hook_from_repo_dir FAILED [ 50%]
tests/test_get_config.py::test_merge_configs FAILED                      [ 51%]
tests/test_get_config.py::test_get_config FAILED                         [ 51%]
tests/test_get_config.py::test_get_config_does_not_exist FAILED          [ 51%]
tests/test_get_config.py::test_invalid_config FAILED                     [ 52%]
tests/test_get_config.py::test_get_config_with_defaults FAILED           [ 52%]
tests/test_get_config.py::test_get_config_empty_config_file FAILED       [ 52%]
tests/test_get_config.py::test_get_config_invalid_file_with_array_as_top_level_element FAILED [ 52%]
tests/test_get_config.py::test_get_config_invalid_file_with_multiple_docs FAILED [ 53%]
tests/test_get_user_config.py::test_get_user_config_valid FAILED         [ 53%]
tests/test_get_user_config.py::test_get_user_config_invalid FAILED       [ 53%]
tests/test_get_user_config.py::test_get_user_config_nonexistent FAILED   [ 53%]
tests/test_get_user_config.py::test_specify_config_path FAILED           [ 54%]
tests/test_get_user_config.py::test_default_config_path PASSED           [ 54%]
tests/test_get_user_config.py::test_default_config_from_env_variable FAILED [ 54%]
tests/test_get_user_config.py::test_force_default_config FAILED          [ 54%]
tests/test_get_user_config.py::test_expand_user_for_directories_in_config FAILED [ 55%]
tests/test_get_user_config.py::test_expand_vars_for_directories_in_config FAILED [ 55%]
tests/test_get_user_config.py::test_specify_config_values FAILED         [ 55%]
tests/test_hooks.py::TestFindHooks::test_find_hook ERROR                 [ 56%]
tests/test_hooks.py::TestFindHooks::test_no_hooks ERROR                  [ 56%]
tests/test_hooks.py::TestFindHooks::test_unknown_hooks_dir ERROR         [ 56%]
tests/test_hooks.py::TestFindHooks::test_hook_not_found ERROR            [ 56%]
tests/test_hooks.py::TestExternalHooks::test_run_script ERROR            [ 57%]
tests/test_hooks.py::TestExternalHooks::test_run_failing_script ERROR    [ 57%]
tests/test_hooks.py::TestExternalHooks::test_run_failing_script_enoexec ERROR [ 57%]
tests/test_hooks.py::TestExternalHooks::test_run_script_cwd ERROR        [ 57%]
tests/test_hooks.py::TestExternalHooks::test_run_script_with_context ERROR [ 58%]
tests/test_hooks.py::TestExternalHooks::test_run_hook ERROR              [ 58%]
tests/test_hooks.py::TestExternalHooks::test_run_failing_hook ERROR      [ 58%]
tests/test_hooks.py::test_ignore_hook_backup_files PASSED                [ 59%]
tests/test_log.py::test_info_stdout_logging FAILED                       [ 59%]
tests/test_log.py::test_debug_stdout_logging FAILED                      [ 59%]
tests/test_log.py::test_debug_file_logging FAILED                        [ 59%]
tests/test_main.py::test_original_cookiecutter_options_preserved_in__cookiecutter FAILED [ 60%]
tests/test_main.py::test_replay_dump_template_name FAILED                [ 60%]
tests/test_main.py::test_replay_load_template_name FAILED                [ 60%]
tests/test_main.py::test_custom_replay_file FAILED                       [ 60%]
tests/test_output_folder.py::test_output_folder FAILED                   [ 61%]
tests/test_output_folder.py::test_exception_when_output_folder_exists FAILED [ 61%]
tests/test_pre_prompt_hooks.py::test_run_pre_prompt_python_hook FAILED   [ 61%]
tests/test_pre_prompt_hooks.py::test_run_pre_prompt_python_hook_fail FAILED [ 61%]
tests/test_pre_prompt_hooks.py::test_run_pre_prompt_shell_hook FAILED    [ 62%]
tests/test_preferred_encoding.py::test_not_ascii PASSED                  [ 62%]
tests/test_prompt.py::TestRenderVariable::test_convert_to_str[1-1] FAILED [ 62%]
tests/test_prompt.py::TestRenderVariable::test_convert_to_str[True-True] FAILED [ 63%]
tests/test_prompt.py::TestRenderVariable::test_convert_to_str[foo-foo] FAILED [ 63%]
tests/test_prompt.py::TestRenderVariable::test_convert_to_str[{{cookiecutter.project}}-foobar] FAILED [ 63%]
tests/test_prompt.py::TestRenderVariable::test_convert_to_str[None-None] FAILED [ 63%]
tests/test_prompt.py::TestRenderVariable::test_convert_to_str_complex_variables[raw_var0-rendered_var0] FAILED [ 64%]
tests/test_prompt.py::TestRenderVariable::test_convert_to_str_complex_variables[raw_var1-rendered_var1] FAILED [ 64%]
tests/test_prompt.py::TestRenderVariable::test_convert_to_str_complex_variables[raw_var2-rendered_var2] FAILED [ 64%]
tests/test_prompt.py::TestPrompt::test_prompt_for_config[ASCII default prompt/input] FAILED [ 64%]
tests/test_prompt.py::TestPrompt::test_prompt_for_config[Unicode default prompt/input] FAILED [ 65%]
tests/test_prompt.py::TestPrompt::test_prompt_for_config_with_human_prompts[ASCII default prompt/input] FAILED [ 65%]
tests/test_prompt.py::TestPrompt::test_prompt_for_config_with_human_choices[context0] FAILED [ 65%]
tests/test_prompt.py::TestPrompt::test_prompt_for_config_with_human_choices[context1] FAILED [ 66%]
tests/test_prompt.py::TestPrompt::test_prompt_for_config_with_human_choices[context2] FAILED [ 66%]
tests/test_prompt.py::TestPrompt::test_prompt_for_config_dict FAILED     [ 66%]
tests/test_prompt.py::TestPrompt::test_should_render_dict FAILED         [ 66%]
tests/test_prompt.py::TestPrompt::test_should_render_deep_dict FAILED    [ 67%]
tests/test_prompt.py::TestPrompt::test_should_render_deep_dict_with_human_prompts FAILED [ 67%]
tests/test_prompt.py::TestPrompt::test_internal_use_no_human_prompts FAILED [ 67%]
tests/test_prompt.py::TestPrompt::test_prompt_for_templated_config FAILED [ 67%]
tests/test_prompt.py::TestPrompt::test_dont_prompt_for_private_context_var FAILED [ 68%]
tests/test_prompt.py::TestPrompt::test_should_render_private_variables_with_two_underscores FAILED [ 68%]
tests/test_prompt.py::TestPrompt::test_should_not_render_private_variables FAILED [ 68%]
tests/test_prompt.py::TestReadUserChoice::test_should_invoke_read_user_choice FAILED [ 69%]
tests/test_prompt.py::TestReadUserChoice::test_should_invoke_read_user_variable FAILED [ 69%]
tests/test_prompt.py::TestReadUserChoice::test_should_render_choices FAILED [ 69%]
tests/test_prompt.py::TestPromptChoiceForConfig::test_should_return_first_option_if_no_input FAILED [ 69%]
tests/test_prompt.py::TestPromptChoiceForConfig::test_should_read_user_choice FAILED [ 70%]
tests/test_prompt.py::TestReadUserYesNo::test_should_invoke_read_user_yes_no[True] FAILED [ 70%]
tests/test_prompt.py::TestReadUserYesNo::test_should_invoke_read_user_yes_no[False] FAILED [ 70%]
tests/test_prompt.py::TestReadUserYesNo::test_boolean_parameter_no_input FAILED [ 70%]
tests/test_prompt.py::test_undefined_variable[Undefined variable in cookiecutter dict] FAILED [ 71%]
tests/test_prompt.py::test_undefined_variable[Undefined variable in cookiecutter dict with choices] FAILED [ 71%]
tests/test_prompt.py::test_undefined_variable[Undefined variable in cookiecutter dict with dict_key] FAILED [ 71%]
tests/test_prompt.py::test_undefined_variable[Undefined variable in cookiecutter dict with key_value] FAILED [ 71%]
tests/test_prompt.py::test_cookiecutter_nested_templates[fake-nested-templates-fake-project] FAILED [ 72%]
tests/test_prompt.py::test_cookiecutter_nested_templates[fake-nested-templates-old-style-fake-package] FAILED [ 72%]
tests/test_prompt.py::test_cookiecutter_nested_templates_invalid_paths[] FAILED [ 72%]
tests/test_prompt.py::test_cookiecutter_nested_templates_invalid_paths[/tmp] FAILED [ 73%]
tests/test_prompt.py::test_cookiecutter_nested_templates_invalid_paths[/foo] FAILED [ 73%]
tests/test_prompt.py::test_cookiecutter_nested_templates_invalid_win_paths[] SKIPPED [ 73%]
tests/test_prompt.py::test_cookiecutter_nested_templates_invalid_win_paths[C:/tmp] SKIPPED [ 73%]
tests/test_prompt.py::test_cookiecutter_nested_templates_invalid_win_paths[D:/tmp] SKIPPED [ 74%]
tests/test_prompt.py::test_prompt_should_ask_and_rm_repo_dir FAILED      [ 74%]
tests/test_prompt.py::test_prompt_should_ask_and_exit_on_user_no_answer FAILED [ 74%]
tests/test_prompt.py::test_prompt_should_ask_and_rm_repo_file FAILED     [ 74%]
tests/test_prompt.py::test_prompt_should_ask_and_keep_repo_on_no_reuse FAILED [ 75%]
tests/test_prompt.py::test_prompt_should_ask_and_keep_repo_on_reuse FAILED [ 75%]
tests/test_prompt.py::test_prompt_should_not_ask_if_no_input_and_rm_repo_dir FAILED [ 75%]
tests/test_prompt.py::test_prompt_should_not_ask_if_no_input_and_rm_repo_file FAILED [ 76%]
tests/test_read_repo_password.py::test_click_invocation FAILED           [ 76%]
tests/test_read_user_choice.py::test_click_invocation[1-hello] FAILED    [ 76%]
tests/test_read_user_choice.py::test_click_invocation[2-world] FAILED    [ 76%]
tests/test_read_user_choice.py::test_click_invocation[3-foo] FAILED      [ 77%]
tests/test_read_user_choice.py::test_click_invocation[4-bar] FAILED      [ 77%]
tests/test_read_user_choice.py::test_raise_if_options_is_not_a_non_empty_list FAILED [ 77%]
tests/test_read_user_dict.py::test_process_json_invalid_json FAILED      [ 77%]
tests/test_read_user_dict.py::test_process_json_non_dict FAILED          [ 78%]
tests/test_read_user_dict.py::test_process_json_valid_json FAILED        [ 78%]
tests/test_read_user_dict.py::test_process_json_deep_dict FAILED         [ 78%]
tests/test_read_user_dict.py::test_should_raise_type_error FAILED        [ 78%]
tests/test_read_user_dict.py::test_should_call_prompt_with_process_json FAILED [ 79%]
tests/test_read_user_dict.py::test_should_not_load_json_from_sentinel PASSED [ 79%]
tests/test_read_user_dict.py::test_read_user_dict_default_value[\n] FAILED [ 79%]
tests/test_read_user_dict.py::test_read_user_dict_default_value[\ndefault\n] FAILED [ 80%]
tests/test_read_user_dict.py::test_json_prompt_process_response FAILED   [ 80%]
tests/test_read_user_variable.py::test_click_invocation FAILED           [ 80%]
tests/test_read_user_variable.py::test_input_loop_with_null_default_value FAILED [ 80%]
tests/test_read_user_yes_no.py::test_click_invocation FAILED             [ 81%]
tests/test_read_user_yes_no.py::test_yesno_prompt_process_response FAILED [ 81%]
tests/test_repo_not_found.py::test_should_raise_error_if_repo_does_not_exist FAILED [ 81%]
tests/test_specify_output_dir.py::test_api_invocation FAILED             [ 81%]
tests/test_specify_output_dir.py::test_default_output_dir FAILED         [ 82%]
tests/test_templates.py::test_build_templates[include] FAILED            [ 82%]
tests/test_templates.py::test_build_templates[no-templates] FAILED       [ 82%]
tests/test_templates.py::test_build_templates[extends] FAILED            [ 83%]
tests/test_templates.py::test_build_templates[super] FAILED              [ 83%]
tests/test_time_extension.py::test_tz_is_required PASSED                 [ 83%]
tests/test_time_extension.py::test_utc_default_datetime_format FAILED    [ 83%]
tests/test_time_extension.py::test_accept_valid_timezones[utc] FAILED    [ 84%]
tests/test_time_extension.py::test_accept_valid_timezones[local] FAILED  [ 84%]
tests/test_time_extension.py::test_accept_valid_timezones[Europe/Berlin] FAILED [ 84%]
tests/test_time_extension.py::test_environment_datetime_format FAILED    [ 84%]
tests/test_time_extension.py::test_add_time FAILED                       [ 85%]
tests/test_time_extension.py::test_substract_time FAILED                 [ 85%]
tests/test_time_extension.py::test_offset_with_format FAILED             [ 85%]
tests/test_utils.py::test_force_delete FAILED                            [ 85%]
tests/test_utils.py::test_rmtree FAILED                                  [ 86%]
tests/test_utils.py::test_make_sure_path_exists FAILED                   [ 86%]
tests/test_utils.py::test_make_sure_path_exists_correctly_handle_os_error FAILED [ 86%]
tests/test_utils.py::test_work_in FAILED                                 [ 87%]
tests/test_utils.py::test_work_in_without_path FAILED                    [ 87%]
tests/test_utils.py::test_create_tmp_repo_dir FAILED                     [ 87%]
tests/vcs/test_clone.py::test_clone_should_raise_if_vcs_not_installed FAILED [ 87%]
tests/vcs/test_clone.py::test_clone_should_rstrip_trailing_slash_in_repo_url FAILED [ 88%]
tests/vcs/test_clone.py::test_clone_should_abort_if_user_does_not_want_to_reclone FAILED [ 88%]
tests/vcs/test_clone.py::test_clone_should_silent_exit_if_ok_to_reuse PASSED [ 88%]
tests/vcs/test_clone.py::test_clone_should_invoke_vcs_command[git-https://github.com/hello/world.git-world] FAILED [ 88%]
tests/vcs/test_clone.py::test_clone_should_invoke_vcs_command[hg-https://bitbucket.org/foo/bar-bar] FAILED [ 89%]
tests/vcs/test_clone.py::test_clone_should_invoke_vcs_command[git-git@host:gitoliterepo-gitoliterepo] FAILED [ 89%]
tests/vcs/test_clone.py::test_clone_should_invoke_vcs_command[git-git@gitlab.com:cookiecutter/cookiecutter.git-cookiecutter] FAILED [ 89%]
tests/vcs/test_clone.py::test_clone_should_invoke_vcs_command[git-git@github.com:cookiecutter/cookiecutter.git-cookiecutter] FAILED [ 90%]
tests/vcs/test_clone.py::test_clone_handles_repo_typo[fatal: repository 'https://github.com/hackebro/cookiedozer' not found] FAILED [ 90%]
tests/vcs/test_clone.py::test_clone_handles_repo_typo[hg: abort: HTTP Error 404: Not Found] FAILED [ 90%]
tests/vcs/test_clone.py::test_clone_handles_branch_typo[error: pathspec 'unknown_branch' did not match any file(s) known to git] FAILED [ 90%]
tests/vcs/test_clone.py::test_clone_handles_branch_typo[hg: abort: unknown revision 'unknown_branch'!] FAILED [ 91%]
tests/vcs/test_clone.py::test_clone_unknown_subprocess_error FAILED      [ 91%]
tests/vcs/test_identify_repo.py::test_identify_known_repo[git+https://github.com/pytest-dev/cookiecutter-pytest-plugin.git-git-https://github.com/pytest-dev/cookiecutter-pytest-plugin.git] FAILED [ 91%]
tests/vcs/test_identify_repo.py::test_identify_known_repo[hg+https://bitbucket.org/foo/bar.hg-hg-https://bitbucket.org/foo/bar.hg] FAILED [ 91%]
tests/vcs/test_identify_repo.py::test_identify_known_repo[https://github.com/pytest-dev/cookiecutter-pytest-plugin.git-git-https://github.com/pytest-dev/cookiecutter-pytest-plugin.git] FAILED [ 92%]
tests/vcs/test_identify_repo.py::test_identify_known_repo[https://bitbucket.org/foo/bar.hg-hg-https://bitbucket.org/foo/bar.hg] FAILED [ 92%]
tests/vcs/test_identify_repo.py::test_identify_known_repo[https://github.com/audreyfeldroy/cookiecutter-pypackage.git-git-https://github.com/audreyfeldroy/cookiecutter-pypackage.git] FAILED [ 92%]
tests/vcs/test_identify_repo.py::test_identify_known_repo[https://github.com/audreyfeldroy/cookiecutter-pypackage-git-https://github.com/audreyfeldroy/cookiecutter-pypackage] FAILED [ 92%]
tests/vcs/test_identify_repo.py::test_identify_known_repo[git@gitorious.org:cookiecutter-gitorious/cookiecutter-gitorious.git-git-git@gitorious.org:cookiecutter-gitorious/cookiecutter-gitorious.git] FAILED [ 93%]
tests/vcs/test_identify_repo.py::test_identify_known_repo[https://audreyr@bitbucket.org/audreyr/cookiecutter-bitbucket-hg-https://audreyr@bitbucket.org/audreyr/cookiecutter-bitbucket] FAILED [ 93%]
tests/vcs/test_identify_repo.py::test_identify_raise_on_unknown_repo[foo+git] FAILED [ 93%]
tests/vcs/test_identify_repo.py::test_identify_raise_on_unknown_repo[foo+hg] FAILED [ 94%]
tests/vcs/test_identify_repo.py::test_identify_raise_on_unknown_repo[foo+bar] FAILED [ 94%]
tests/vcs/test_identify_repo.py::test_identify_raise_on_unknown_repo[foobar] FAILED [ 94%]
tests/vcs/test_identify_repo.py::test_identify_raise_on_unknown_repo[http://norepotypespecified.com] FAILED [ 94%]
tests/vcs/test_is_vcs_installed.py::test_is_vcs_installed[-False] FAILED [ 95%]
tests/vcs/test_is_vcs_installed.py::test_is_vcs_installed[None-False] FAILED [ 95%]
tests/vcs/test_is_vcs_installed.py::test_is_vcs_installed[False-False] FAILED [ 95%]
tests/vcs/test_is_vcs_installed.py::test_is_vcs_installed[/usr/local/bin/git-True] FAILED [ 95%]
tests/zipfile/test_unzip.py::test_unzip_local_file FAILED                [ 96%]
tests/zipfile/test_unzip.py::test_unzip_protected_local_file_environment_password FAILED [ 96%]
tests/zipfile/test_unzip.py::test_unzip_protected_local_file_bad_environment_password FAILED [ 96%]
tests/zipfile/test_unzip.py::test_unzip_protected_local_file_user_password_with_noinput FAILED [ 97%]
tests/zipfile/test_unzip.py::test_unzip_protected_local_file_user_password FAILED [ 97%]
tests/zipfile/test_unzip.py::test_unzip_protected_local_file_user_bad_password FAILED [ 97%]
tests/zipfile/test_unzip.py::test_empty_zip_file FAILED                  [ 97%]
tests/zipfile/test_unzip.py::test_non_repo_zip_file FAILED               [ 98%]
tests/zipfile/test_unzip.py::test_bad_zip_file FAILED                    [ 98%]
tests/zipfile/test_unzip.py::test_unzip_url FAILED                       [ 98%]
tests/zipfile/test_unzip.py::test_unzip_url_with_empty_chunks FAILED     [ 98%]
tests/zipfile/test_unzip.py::test_unzip_url_existing_cache FAILED        [ 99%]
tests/zipfile/test_unzip.py::test_unzip_url_existing_cache_no_input FAILED [ 99%]
tests/zipfile/test_unzip.py::test_unzip_should_abort_if_no_redownload FAILED [ 99%]
tests/zipfile/test_unzip.py::test_unzip_is_ok_to_reuse FAILED            [100%]

==================================== ERRORS ====================================
__ ERROR at setup of test_cli_overwrite_if_exists_when_output_dir_exists[-f] ___

request = <SubRequest 'make_fake_project_dir' for <Function test_cli_overwrite_if_exists_when_output_dir_exists[-f]>>

    @pytest.fixture
    def make_fake_project_dir(request):
        """Create a fake project to be overwritten in the according tests."""
>       os.makedirs('fake-project')

tests/test_cli.py:59: 
_ _ _ _ _ _ _ _ _ _ _ _ _ _ _ _ _ _ _ _ _ _ _ _ _ _ _ _ _ _ _ _ _ _ _ _ _ _ _ _ 

name = 'fake-project', mode = 511, exist_ok = False

    def makedirs(name, mode=0o777, exist_ok=False):
        """makedirs(name [, mode=0o777][, exist_ok=False])
    
        Super-mkdir; create a leaf directory and all intermediate ones.  Works like
        mkdir, except that any intermediate path segment (not just the rightmost)
        will be created if it does not exist. If the target directory already
        exists, raise an OSError if exist_ok is False. Otherwise no exception is
        raised.  This is recursive.
    
        """
        head, tail = path.split(name)
        if not tail:
            head, tail = path.split(head)
        if head and tail and not path.exists(head):
            try:
                makedirs(head, exist_ok=exist_ok)
            except FileExistsError:
                # Defeats race condition when another thread created the path
                pass
            cdir = curdir
            if isinstance(tail, bytes):
                cdir = bytes(curdir, 'ASCII')
            if tail == cdir:           # xxx/newdir/. exists if xxx/newdir exists
                return
        try:
>           mkdir(name, mode)
E           FileExistsError: [Errno 17] File exists: 'fake-project'

/usr/lib/python3.10/os.py:225: FileExistsError
_ ERROR at setup of test_cli_overwrite_if_exists_when_output_dir_exists[--overwrite-if-exists] _

request = <SubRequest 'make_fake_project_dir' for <Function test_cli_overwrite_if_exists_when_output_dir_exists[--overwrite-if-exists]>>

    @pytest.fixture
    def make_fake_project_dir(request):
        """Create a fake project to be overwritten in the according tests."""
>       os.makedirs('fake-project')

tests/test_cli.py:59: 
_ _ _ _ _ _ _ _ _ _ _ _ _ _ _ _ _ _ _ _ _ _ _ _ _ _ _ _ _ _ _ _ _ _ _ _ _ _ _ _ 

name = 'fake-project', mode = 511, exist_ok = False

    def makedirs(name, mode=0o777, exist_ok=False):
        """makedirs(name [, mode=0o777][, exist_ok=False])
    
        Super-mkdir; create a leaf directory and all intermediate ones.  Works like
        mkdir, except that any intermediate path segment (not just the rightmost)
        will be created if it does not exist. If the target directory already
        exists, raise an OSError if exist_ok is False. Otherwise no exception is
        raised.  This is recursive.
    
        """
        head, tail = path.split(name)
        if not tail:
            head, tail = path.split(head)
        if head and tail and not path.exists(head):
            try:
                makedirs(head, exist_ok=exist_ok)
            except FileExistsError:
                # Defeats race condition when another thread created the path
                pass
            cdir = curdir
            if isinstance(tail, bytes):
                cdir = bytes(curdir, 'ASCII')
            if tail == cdir:           # xxx/newdir/. exists if xxx/newdir exists
                return
        try:
>           mkdir(name, mode)
E           FileExistsError: [Errno 17] File exists: 'fake-project'

/usr/lib/python3.10/os.py:225: FileExistsError
____________ ERROR at setup of test_debug_list_installed_templates _____________

request = <SubRequest 'make_fake_project_dir' for <Function test_debug_list_installed_templates>>

    @pytest.fixture
    def make_fake_project_dir(request):
        """Create a fake project to be overwritten in the according tests."""
>       os.makedirs('fake-project')

tests/test_cli.py:59: 
_ _ _ _ _ _ _ _ _ _ _ _ _ _ _ _ _ _ _ _ _ _ _ _ _ _ _ _ _ _ _ _ _ _ _ _ _ _ _ _ 

name = 'fake-project', mode = 511, exist_ok = False

    def makedirs(name, mode=0o777, exist_ok=False):
        """makedirs(name [, mode=0o777][, exist_ok=False])
    
        Super-mkdir; create a leaf directory and all intermediate ones.  Works like
        mkdir, except that any intermediate path segment (not just the rightmost)
        will be created if it does not exist. If the target directory already
        exists, raise an OSError if exist_ok is False. Otherwise no exception is
        raised.  This is recursive.
    
        """
        head, tail = path.split(name)
        if not tail:
            head, tail = path.split(head)
        if head and tail and not path.exists(head):
            try:
                makedirs(head, exist_ok=exist_ok)
            except FileExistsError:
                # Defeats race condition when another thread created the path
                pass
            cdir = curdir
            if isinstance(tail, bytes):
                cdir = bytes(curdir, 'ASCII')
            if tail == cdir:           # xxx/newdir/. exists if xxx/newdir exists
                return
        try:
>           mkdir(name, mode)
E           FileExistsError: [Errno 17] File exists: 'fake-project'

/usr/lib/python3.10/os.py:225: FileExistsError
_____________________ ERROR at setup of test_generate_file _____________________

    @pytest.fixture
    def env():
        """Fixture. Set Jinja2 environment settings for other tests."""
>       environment = StrictEnvironment()

tests/test_generate_file.py:39: 
_ _ _ _ _ _ _ _ _ _ _ _ _ _ _ _ _ _ _ _ _ _ _ _ _ _ _ _ _ _ _ _ _ _ _ _ _ _ _ _ 
cookiecutter/environment.py:55: in __init__
    super().__init__(undefined=StrictUndefined, **kwargs)
_ _ _ _ _ _ _ _ _ _ _ _ _ _ _ _ _ _ _ _ _ _ _ _ _ _ _ _ _ _ _ _ _ _ _ _ _ _ _ _ 

self = <cookiecutter.environment.StrictEnvironment object at 0x7f2b4c3ddb10>
kwargs = {'undefined': <class 'jinja2.runtime.StrictUndefined'>}, context = {}
default_extensions = ['cookiecutter.extensions.JsonifyExtension', 'cookiecutter.extensions.RandomStringExtension', 'cookiecutter.extensions.SlugifyExtension', 'cookiecutter.extensions.TimeExtension', 'cookiecutter.extensions.UUIDExtension']

    def __init__(self, **kwargs):
        """Initialize the Jinja2 Environment object while loading extensions.
    
        Does the following:
    
        1. Establishes default_extensions (currently just a Time feature)
        2. Reads extensions set in the cookiecutter.json _extensions key.
        3. Attempts to load the extensions. Provides useful error if fails.
        """
        context = kwargs.pop('context', {})
        default_extensions = ['cookiecutter.extensions.JsonifyExtension',
            'cookiecutter.extensions.RandomStringExtension',
            'cookiecutter.extensions.SlugifyExtension',
            'cookiecutter.extensions.TimeExtension',
            'cookiecutter.extensions.UUIDExtension']
>       extensions = default_extensions + self._read_extensions(context)
E       TypeError: can only concatenate list (not "NoneType") to list

cookiecutter/environment.py:28: TypeError
_____________ ERROR at setup of test_generate_file_jsonify_filter ______________

    @pytest.fixture
    def env():
        """Fixture. Set Jinja2 environment settings for other tests."""
>       environment = StrictEnvironment()

tests/test_generate_file.py:39: 
_ _ _ _ _ _ _ _ _ _ _ _ _ _ _ _ _ _ _ _ _ _ _ _ _ _ _ _ _ _ _ _ _ _ _ _ _ _ _ _ 
cookiecutter/environment.py:55: in __init__
    super().__init__(undefined=StrictUndefined, **kwargs)
_ _ _ _ _ _ _ _ _ _ _ _ _ _ _ _ _ _ _ _ _ _ _ _ _ _ _ _ _ _ _ _ _ _ _ _ _ _ _ _ 

self = <cookiecutter.environment.StrictEnvironment object at 0x7f2b4c19ef50>
kwargs = {'undefined': <class 'jinja2.runtime.StrictUndefined'>}, context = {}
default_extensions = ['cookiecutter.extensions.JsonifyExtension', 'cookiecutter.extensions.RandomStringExtension', 'cookiecutter.extensions.SlugifyExtension', 'cookiecutter.extensions.TimeExtension', 'cookiecutter.extensions.UUIDExtension']

    def __init__(self, **kwargs):
        """Initialize the Jinja2 Environment object while loading extensions.
    
        Does the following:
    
        1. Establishes default_extensions (currently just a Time feature)
        2. Reads extensions set in the cookiecutter.json _extensions key.
        3. Attempts to load the extensions. Provides useful error if fails.
        """
        context = kwargs.pop('context', {})
        default_extensions = ['cookiecutter.extensions.JsonifyExtension',
            'cookiecutter.extensions.RandomStringExtension',
            'cookiecutter.extensions.SlugifyExtension',
            'cookiecutter.extensions.TimeExtension',
            'cookiecutter.extensions.UUIDExtension']
>       extensions = default_extensions + self._read_extensions(context)
E       TypeError: can only concatenate list (not "NoneType") to list

cookiecutter/environment.py:28: TypeError
______ ERROR at setup of test_generate_file_random_ascii_string[True-10] _______

    @pytest.fixture
    def env():
        """Fixture. Set Jinja2 environment settings for other tests."""
>       environment = StrictEnvironment()

tests/test_generate_file.py:39: 
_ _ _ _ _ _ _ _ _ _ _ _ _ _ _ _ _ _ _ _ _ _ _ _ _ _ _ _ _ _ _ _ _ _ _ _ _ _ _ _ 
cookiecutter/environment.py:55: in __init__
    super().__init__(undefined=StrictUndefined, **kwargs)
_ _ _ _ _ _ _ _ _ _ _ _ _ _ _ _ _ _ _ _ _ _ _ _ _ _ _ _ _ _ _ _ _ _ _ _ _ _ _ _ 

self = <cookiecutter.environment.StrictEnvironment object at 0x7f2b4c3db100>
kwargs = {'undefined': <class 'jinja2.runtime.StrictUndefined'>}, context = {}
default_extensions = ['cookiecutter.extensions.JsonifyExtension', 'cookiecutter.extensions.RandomStringExtension', 'cookiecutter.extensions.SlugifyExtension', 'cookiecutter.extensions.TimeExtension', 'cookiecutter.extensions.UUIDExtension']

    def __init__(self, **kwargs):
        """Initialize the Jinja2 Environment object while loading extensions.
    
        Does the following:
    
        1. Establishes default_extensions (currently just a Time feature)
        2. Reads extensions set in the cookiecutter.json _extensions key.
        3. Attempts to load the extensions. Provides useful error if fails.
        """
        context = kwargs.pop('context', {})
        default_extensions = ['cookiecutter.extensions.JsonifyExtension',
            'cookiecutter.extensions.RandomStringExtension',
            'cookiecutter.extensions.SlugifyExtension',
            'cookiecutter.extensions.TimeExtension',
            'cookiecutter.extensions.UUIDExtension']
>       extensions = default_extensions + self._read_extensions(context)
E       TypeError: can only concatenate list (not "NoneType") to list

cookiecutter/environment.py:28: TypeError
______ ERROR at setup of test_generate_file_random_ascii_string[True-40] _______

    @pytest.fixture
    def env():
        """Fixture. Set Jinja2 environment settings for other tests."""
>       environment = StrictEnvironment()

tests/test_generate_file.py:39: 
_ _ _ _ _ _ _ _ _ _ _ _ _ _ _ _ _ _ _ _ _ _ _ _ _ _ _ _ _ _ _ _ _ _ _ _ _ _ _ _ 
cookiecutter/environment.py:55: in __init__
    super().__init__(undefined=StrictUndefined, **kwargs)
_ _ _ _ _ _ _ _ _ _ _ _ _ _ _ _ _ _ _ _ _ _ _ _ _ _ _ _ _ _ _ _ _ _ _ _ _ _ _ _ 

self = <cookiecutter.environment.StrictEnvironment object at 0x7f2b4c19f820>
kwargs = {'undefined': <class 'jinja2.runtime.StrictUndefined'>}, context = {}
default_extensions = ['cookiecutter.extensions.JsonifyExtension', 'cookiecutter.extensions.RandomStringExtension', 'cookiecutter.extensions.SlugifyExtension', 'cookiecutter.extensions.TimeExtension', 'cookiecutter.extensions.UUIDExtension']

    def __init__(self, **kwargs):
        """Initialize the Jinja2 Environment object while loading extensions.
    
        Does the following:
    
        1. Establishes default_extensions (currently just a Time feature)
        2. Reads extensions set in the cookiecutter.json _extensions key.
        3. Attempts to load the extensions. Provides useful error if fails.
        """
        context = kwargs.pop('context', {})
        default_extensions = ['cookiecutter.extensions.JsonifyExtension',
            'cookiecutter.extensions.RandomStringExtension',
            'cookiecutter.extensions.SlugifyExtension',
            'cookiecutter.extensions.TimeExtension',
            'cookiecutter.extensions.UUIDExtension']
>       extensions = default_extensions + self._read_extensions(context)
E       TypeError: can only concatenate list (not "NoneType") to list

cookiecutter/environment.py:28: TypeError
______ ERROR at setup of test_generate_file_random_ascii_string[False-10] ______

    @pytest.fixture
    def env():
        """Fixture. Set Jinja2 environment settings for other tests."""
>       environment = StrictEnvironment()

tests/test_generate_file.py:39: 
_ _ _ _ _ _ _ _ _ _ _ _ _ _ _ _ _ _ _ _ _ _ _ _ _ _ _ _ _ _ _ _ _ _ _ _ _ _ _ _ 
cookiecutter/environment.py:55: in __init__
    super().__init__(undefined=StrictUndefined, **kwargs)
_ _ _ _ _ _ _ _ _ _ _ _ _ _ _ _ _ _ _ _ _ _ _ _ _ _ _ _ _ _ _ _ _ _ _ _ _ _ _ _ 

self = <cookiecutter.environment.StrictEnvironment object at 0x7f2b4c3d9d50>
kwargs = {'undefined': <class 'jinja2.runtime.StrictUndefined'>}, context = {}
default_extensions = ['cookiecutter.extensions.JsonifyExtension', 'cookiecutter.extensions.RandomStringExtension', 'cookiecutter.extensions.SlugifyExtension', 'cookiecutter.extensions.TimeExtension', 'cookiecutter.extensions.UUIDExtension']

    def __init__(self, **kwargs):
        """Initialize the Jinja2 Environment object while loading extensions.
    
        Does the following:
    
        1. Establishes default_extensions (currently just a Time feature)
        2. Reads extensions set in the cookiecutter.json _extensions key.
        3. Attempts to load the extensions. Provides useful error if fails.
        """
        context = kwargs.pop('context', {})
        default_extensions = ['cookiecutter.extensions.JsonifyExtension',
            'cookiecutter.extensions.RandomStringExtension',
            'cookiecutter.extensions.SlugifyExtension',
            'cookiecutter.extensions.TimeExtension',
            'cookiecutter.extensions.UUIDExtension']
>       extensions = default_extensions + self._read_extensions(context)
E       TypeError: can only concatenate list (not "NoneType") to list

cookiecutter/environment.py:28: TypeError
______ ERROR at setup of test_generate_file_random_ascii_string[False-40] ______

    @pytest.fixture
    def env():
        """Fixture. Set Jinja2 environment settings for other tests."""
>       environment = StrictEnvironment()

tests/test_generate_file.py:39: 
_ _ _ _ _ _ _ _ _ _ _ _ _ _ _ _ _ _ _ _ _ _ _ _ _ _ _ _ _ _ _ _ _ _ _ _ _ _ _ _ 
cookiecutter/environment.py:55: in __init__
    super().__init__(undefined=StrictUndefined, **kwargs)
_ _ _ _ _ _ _ _ _ _ _ _ _ _ _ _ _ _ _ _ _ _ _ _ _ _ _ _ _ _ _ _ _ _ _ _ _ _ _ _ 

self = <cookiecutter.environment.StrictEnvironment object at 0x7f2b4c191d20>
kwargs = {'undefined': <class 'jinja2.runtime.StrictUndefined'>}, context = {}
default_extensions = ['cookiecutter.extensions.JsonifyExtension', 'cookiecutter.extensions.RandomStringExtension', 'cookiecutter.extensions.SlugifyExtension', 'cookiecutter.extensions.TimeExtension', 'cookiecutter.extensions.UUIDExtension']

    def __init__(self, **kwargs):
        """Initialize the Jinja2 Environment object while loading extensions.
    
        Does the following:
    
        1. Establishes default_extensions (currently just a Time feature)
        2. Reads extensions set in the cookiecutter.json _extensions key.
        3. Attempts to load the extensions. Provides useful error if fails.
        """
        context = kwargs.pop('context', {})
        default_extensions = ['cookiecutter.extensions.JsonifyExtension',
            'cookiecutter.extensions.RandomStringExtension',
            'cookiecutter.extensions.SlugifyExtension',
            'cookiecutter.extensions.TimeExtension',
            'cookiecutter.extensions.UUIDExtension']
>       extensions = default_extensions + self._read_extensions(context)
E       TypeError: can only concatenate list (not "NoneType") to list

cookiecutter/environment.py:28: TypeError
___________ ERROR at setup of test_generate_file_with_true_condition ___________

    @pytest.fixture
    def env():
        """Fixture. Set Jinja2 environment settings for other tests."""
>       environment = StrictEnvironment()

tests/test_generate_file.py:39: 
_ _ _ _ _ _ _ _ _ _ _ _ _ _ _ _ _ _ _ _ _ _ _ _ _ _ _ _ _ _ _ _ _ _ _ _ _ _ _ _ 
cookiecutter/environment.py:55: in __init__
    super().__init__(undefined=StrictUndefined, **kwargs)
_ _ _ _ _ _ _ _ _ _ _ _ _ _ _ _ _ _ _ _ _ _ _ _ _ _ _ _ _ _ _ _ _ _ _ _ _ _ _ _ 

self = <cookiecutter.environment.StrictEnvironment object at 0x7f2b4c3da770>
kwargs = {'undefined': <class 'jinja2.runtime.StrictUndefined'>}, context = {}
default_extensions = ['cookiecutter.extensions.JsonifyExtension', 'cookiecutter.extensions.RandomStringExtension', 'cookiecutter.extensions.SlugifyExtension', 'cookiecutter.extensions.TimeExtension', 'cookiecutter.extensions.UUIDExtension']

    def __init__(self, **kwargs):
        """Initialize the Jinja2 Environment object while loading extensions.
    
        Does the following:
    
        1. Establishes default_extensions (currently just a Time feature)
        2. Reads extensions set in the cookiecutter.json _extensions key.
        3. Attempts to load the extensions. Provides useful error if fails.
        """
        context = kwargs.pop('context', {})
        default_extensions = ['cookiecutter.extensions.JsonifyExtension',
            'cookiecutter.extensions.RandomStringExtension',
            'cookiecutter.extensions.SlugifyExtension',
            'cookiecutter.extensions.TimeExtension',
            'cookiecutter.extensions.UUIDExtension']
>       extensions = default_extensions + self._read_extensions(context)
E       TypeError: can only concatenate list (not "NoneType") to list

cookiecutter/environment.py:28: TypeError
__________ ERROR at setup of test_generate_file_with_false_condition ___________

    @pytest.fixture
    def env():
        """Fixture. Set Jinja2 environment settings for other tests."""
>       environment = StrictEnvironment()

tests/test_generate_file.py:39: 
_ _ _ _ _ _ _ _ _ _ _ _ _ _ _ _ _ _ _ _ _ _ _ _ _ _ _ _ _ _ _ _ _ _ _ _ _ _ _ _ 
cookiecutter/environment.py:55: in __init__
    super().__init__(undefined=StrictUndefined, **kwargs)
_ _ _ _ _ _ _ _ _ _ _ _ _ _ _ _ _ _ _ _ _ _ _ _ _ _ _ _ _ _ _ _ _ _ _ _ _ _ _ _ 

self = <cookiecutter.environment.StrictEnvironment object at 0x7f2b4c8925c0>
kwargs = {'undefined': <class 'jinja2.runtime.StrictUndefined'>}, context = {}
default_extensions = ['cookiecutter.extensions.JsonifyExtension', 'cookiecutter.extensions.RandomStringExtension', 'cookiecutter.extensions.SlugifyExtension', 'cookiecutter.extensions.TimeExtension', 'cookiecutter.extensions.UUIDExtension']

    def __init__(self, **kwargs):
        """Initialize the Jinja2 Environment object while loading extensions.
    
        Does the following:
    
        1. Establishes default_extensions (currently just a Time feature)
        2. Reads extensions set in the cookiecutter.json _extensions key.
        3. Attempts to load the extensions. Provides useful error if fails.
        """
        context = kwargs.pop('context', {})
        default_extensions = ['cookiecutter.extensions.JsonifyExtension',
            'cookiecutter.extensions.RandomStringExtension',
            'cookiecutter.extensions.SlugifyExtension',
            'cookiecutter.extensions.TimeExtension',
            'cookiecutter.extensions.UUIDExtension']
>       extensions = default_extensions + self._read_extensions(context)
E       TypeError: can only concatenate list (not "NoneType") to list

cookiecutter/environment.py:28: TypeError
______ ERROR at setup of test_generate_file_verbose_template_syntax_error ______

    @pytest.fixture
    def env():
        """Fixture. Set Jinja2 environment settings for other tests."""
>       environment = StrictEnvironment()

tests/test_generate_file.py:39: 
_ _ _ _ _ _ _ _ _ _ _ _ _ _ _ _ _ _ _ _ _ _ _ _ _ _ _ _ _ _ _ _ _ _ _ _ _ _ _ _ 
cookiecutter/environment.py:55: in __init__
    super().__init__(undefined=StrictUndefined, **kwargs)
_ _ _ _ _ _ _ _ _ _ _ _ _ _ _ _ _ _ _ _ _ _ _ _ _ _ _ _ _ _ _ _ _ _ _ _ _ _ _ _ 

self = <cookiecutter.environment.StrictEnvironment object at 0x7f2b4c3e7940>
kwargs = {'undefined': <class 'jinja2.runtime.StrictUndefined'>}, context = {}
default_extensions = ['cookiecutter.extensions.JsonifyExtension', 'cookiecutter.extensions.RandomStringExtension', 'cookiecutter.extensions.SlugifyExtension', 'cookiecutter.extensions.TimeExtension', 'cookiecutter.extensions.UUIDExtension']

    def __init__(self, **kwargs):
        """Initialize the Jinja2 Environment object while loading extensions.
    
        Does the following:
    
        1. Establishes default_extensions (currently just a Time feature)
        2. Reads extensions set in the cookiecutter.json _extensions key.
        3. Attempts to load the extensions. Provides useful error if fails.
        """
        context = kwargs.pop('context', {})
        default_extensions = ['cookiecutter.extensions.JsonifyExtension',
            'cookiecutter.extensions.RandomStringExtension',
            'cookiecutter.extensions.SlugifyExtension',
            'cookiecutter.extensions.TimeExtension',
            'cookiecutter.extensions.UUIDExtension']
>       extensions = default_extensions + self._read_extensions(context)
E       TypeError: can only concatenate list (not "NoneType") to list

cookiecutter/environment.py:28: TypeError
_ ERROR at setup of test_generate_file_does_not_translate_lf_newlines_to_crlf __

    @pytest.fixture
    def env():
        """Fixture. Set Jinja2 environment settings for other tests."""
>       environment = StrictEnvironment()

tests/test_generate_file.py:39: 
_ _ _ _ _ _ _ _ _ _ _ _ _ _ _ _ _ _ _ _ _ _ _ _ _ _ _ _ _ _ _ _ _ _ _ _ _ _ _ _ 
cookiecutter/environment.py:55: in __init__
    super().__init__(undefined=StrictUndefined, **kwargs)
_ _ _ _ _ _ _ _ _ _ _ _ _ _ _ _ _ _ _ _ _ _ _ _ _ _ _ _ _ _ _ _ _ _ _ _ _ _ _ _ 

self = <cookiecutter.environment.StrictEnvironment object at 0x7f2b4c19dab0>
kwargs = {'undefined': <class 'jinja2.runtime.StrictUndefined'>}, context = {}
default_extensions = ['cookiecutter.extensions.JsonifyExtension', 'cookiecutter.extensions.RandomStringExtension', 'cookiecutter.extensions.SlugifyExtension', 'cookiecutter.extensions.TimeExtension', 'cookiecutter.extensions.UUIDExtension']

    def __init__(self, **kwargs):
        """Initialize the Jinja2 Environment object while loading extensions.
    
        Does the following:
    
        1. Establishes default_extensions (currently just a Time feature)
        2. Reads extensions set in the cookiecutter.json _extensions key.
        3. Attempts to load the extensions. Provides useful error if fails.
        """
        context = kwargs.pop('context', {})
        default_extensions = ['cookiecutter.extensions.JsonifyExtension',
            'cookiecutter.extensions.RandomStringExtension',
            'cookiecutter.extensions.SlugifyExtension',
            'cookiecutter.extensions.TimeExtension',
            'cookiecutter.extensions.UUIDExtension']
>       extensions = default_extensions + self._read_extensions(context)
E       TypeError: can only concatenate list (not "NoneType") to list

cookiecutter/environment.py:28: TypeError
_ ERROR at setup of test_generate_file_does_not_translate_crlf_newlines_to_lf __

    @pytest.fixture
    def env():
        """Fixture. Set Jinja2 environment settings for other tests."""
>       environment = StrictEnvironment()

tests/test_generate_file.py:39: 
_ _ _ _ _ _ _ _ _ _ _ _ _ _ _ _ _ _ _ _ _ _ _ _ _ _ _ _ _ _ _ _ _ _ _ _ _ _ _ _ 
cookiecutter/environment.py:55: in __init__
    super().__init__(undefined=StrictUndefined, **kwargs)
_ _ _ _ _ _ _ _ _ _ _ _ _ _ _ _ _ _ _ _ _ _ _ _ _ _ _ _ _ _ _ _ _ _ _ _ _ _ _ _ 

self = <cookiecutter.environment.StrictEnvironment object at 0x7f2b4c3e60e0>
kwargs = {'undefined': <class 'jinja2.runtime.StrictUndefined'>}, context = {}
default_extensions = ['cookiecutter.extensions.JsonifyExtension', 'cookiecutter.extensions.RandomStringExtension', 'cookiecutter.extensions.SlugifyExtension', 'cookiecutter.extensions.TimeExtension', 'cookiecutter.extensions.UUIDExtension']

    def __init__(self, **kwargs):
        """Initialize the Jinja2 Environment object while loading extensions.
    
        Does the following:
    
        1. Establishes default_extensions (currently just a Time feature)
        2. Reads extensions set in the cookiecutter.json _extensions key.
        3. Attempts to load the extensions. Provides useful error if fails.
        """
        context = kwargs.pop('context', {})
        default_extensions = ['cookiecutter.extensions.JsonifyExtension',
            'cookiecutter.extensions.RandomStringExtension',
            'cookiecutter.extensions.SlugifyExtension',
            'cookiecutter.extensions.TimeExtension',
            'cookiecutter.extensions.UUIDExtension']
>       extensions = default_extensions + self._read_extensions(context)
E       TypeError: can only concatenate list (not "NoneType") to list

cookiecutter/environment.py:28: TypeError
_______ ERROR at setup of test_generate_file_handles_mixed_line_endings ________

    @pytest.fixture
    def env():
        """Fixture. Set Jinja2 environment settings for other tests."""
>       environment = StrictEnvironment()

tests/test_generate_file.py:39: 
_ _ _ _ _ _ _ _ _ _ _ _ _ _ _ _ _ _ _ _ _ _ _ _ _ _ _ _ _ _ _ _ _ _ _ _ _ _ _ _ 
cookiecutter/environment.py:55: in __init__
    super().__init__(undefined=StrictUndefined, **kwargs)
_ _ _ _ _ _ _ _ _ _ _ _ _ _ _ _ _ _ _ _ _ _ _ _ _ _ _ _ _ _ _ _ _ _ _ _ _ _ _ _ 

self = <cookiecutter.environment.StrictEnvironment object at 0x7f2b4c190610>
kwargs = {'undefined': <class 'jinja2.runtime.StrictUndefined'>}, context = {}
default_extensions = ['cookiecutter.extensions.JsonifyExtension', 'cookiecutter.extensions.RandomStringExtension', 'cookiecutter.extensions.SlugifyExtension', 'cookiecutter.extensions.TimeExtension', 'cookiecutter.extensions.UUIDExtension']

    def __init__(self, **kwargs):
        """Initialize the Jinja2 Environment object while loading extensions.
    
        Does the following:
    
        1. Establishes default_extensions (currently just a Time feature)
        2. Reads extensions set in the cookiecutter.json _extensions key.
        3. Attempts to load the extensions. Provides useful error if fails.
        """
        context = kwargs.pop('context', {})
        default_extensions = ['cookiecutter.extensions.JsonifyExtension',
            'cookiecutter.extensions.RandomStringExtension',
            'cookiecutter.extensions.SlugifyExtension',
            'cookiecutter.extensions.TimeExtension',
            'cookiecutter.extensions.UUIDExtension']
>       extensions = default_extensions + self._read_extensions(context)
E       TypeError: can only concatenate list (not "NoneType") to list

cookiecutter/environment.py:28: TypeError
________________ ERROR at setup of TestFindHooks.test_find_hook ________________

self = <tests.test_hooks.TestFindHooks object at 0x7f2b4cac0760>
method = <bound method TestFindHooks.test_find_hook of <tests.test_hooks.TestFindHooks object at 0x7f2b4cac0760>>

    def setup_method(self, method):
        """Find hooks related tests setup fixture."""
>       self.post_hook = make_test_repo(self.repo_path)

tests/test_hooks.py:82: 
_ _ _ _ _ _ _ _ _ _ _ _ _ _ _ _ _ _ _ _ _ _ _ _ _ _ _ _ _ _ _ _ _ _ _ _ _ _ _ _ 

name = 'tests/test-hooks', multiple_hooks = False

    def make_test_repo(name, multiple_hooks=False):
        """Create test repository for test setup methods."""
        hook_dir = os.path.join(name, 'hooks')
        template = os.path.join(name, 'input{{hooks}}')
>       os.mkdir(name)
E       FileExistsError: [Errno 17] File exists: 'tests/test-hooks'

tests/test_hooks.py:19: FileExistsError
________________ ERROR at setup of TestFindHooks.test_no_hooks _________________

self = <tests.test_hooks.TestFindHooks object at 0x7f2b4cac1720>
method = <bound method TestFindHooks.test_no_hooks of <tests.test_hooks.TestFindHooks object at 0x7f2b4cac1720>>

    def setup_method(self, method):
        """Find hooks related tests setup fixture."""
>       self.post_hook = make_test_repo(self.repo_path)

tests/test_hooks.py:82: 
_ _ _ _ _ _ _ _ _ _ _ _ _ _ _ _ _ _ _ _ _ _ _ _ _ _ _ _ _ _ _ _ _ _ _ _ _ _ _ _ 

name = 'tests/test-hooks', multiple_hooks = False

    def make_test_repo(name, multiple_hooks=False):
        """Create test repository for test setup methods."""
        hook_dir = os.path.join(name, 'hooks')
        template = os.path.join(name, 'input{{hooks}}')
>       os.mkdir(name)
E       FileExistsError: [Errno 17] File exists: 'tests/test-hooks'

tests/test_hooks.py:19: FileExistsError
____________ ERROR at setup of TestFindHooks.test_unknown_hooks_dir ____________

self = <tests.test_hooks.TestFindHooks object at 0x7f2b4cac3b80>
method = <bound method TestFindHooks.test_unknown_hooks_dir of <tests.test_hooks.TestFindHooks object at 0x7f2b4cac3b80>>

    def setup_method(self, method):
        """Find hooks related tests setup fixture."""
>       self.post_hook = make_test_repo(self.repo_path)

tests/test_hooks.py:82: 
_ _ _ _ _ _ _ _ _ _ _ _ _ _ _ _ _ _ _ _ _ _ _ _ _ _ _ _ _ _ _ _ _ _ _ _ _ _ _ _ 

name = 'tests/test-hooks', multiple_hooks = False

    def make_test_repo(name, multiple_hooks=False):
        """Create test repository for test setup methods."""
        hook_dir = os.path.join(name, 'hooks')
        template = os.path.join(name, 'input{{hooks}}')
>       os.mkdir(name)
E       FileExistsError: [Errno 17] File exists: 'tests/test-hooks'

tests/test_hooks.py:19: FileExistsError
_____________ ERROR at setup of TestFindHooks.test_hook_not_found ______________

self = <tests.test_hooks.TestFindHooks object at 0x7f2b4cac1b10>
method = <bound method TestFindHooks.test_hook_not_found of <tests.test_hooks.TestFindHooks object at 0x7f2b4cac1b10>>

    def setup_method(self, method):
        """Find hooks related tests setup fixture."""
>       self.post_hook = make_test_repo(self.repo_path)

tests/test_hooks.py:82: 
_ _ _ _ _ _ _ _ _ _ _ _ _ _ _ _ _ _ _ _ _ _ _ _ _ _ _ _ _ _ _ _ _ _ _ _ _ _ _ _ 

name = 'tests/test-hooks', multiple_hooks = False

    def make_test_repo(name, multiple_hooks=False):
        """Create test repository for test setup methods."""
        hook_dir = os.path.join(name, 'hooks')
        template = os.path.join(name, 'input{{hooks}}')
>       os.mkdir(name)
E       FileExistsError: [Errno 17] File exists: 'tests/test-hooks'

tests/test_hooks.py:19: FileExistsError
_____________ ERROR at setup of TestExternalHooks.test_run_script ______________

self = <tests.test_hooks.TestExternalHooks object at 0x7f2b4cac24a0>
method = <bound method TestExternalHooks.test_run_script of <tests.test_hooks.TestExternalHooks object at 0x7f2b4cac24a0>>

    def setup_method(self, method):
        """External hooks related tests setup fixture."""
>       self.post_hook = make_test_repo(self.repo_path, multiple_hooks=True)

tests/test_hooks.py:123: 
_ _ _ _ _ _ _ _ _ _ _ _ _ _ _ _ _ _ _ _ _ _ _ _ _ _ _ _ _ _ _ _ _ _ _ _ _ _ _ _ 

name = '/testbed/tests/test-hooks', multiple_hooks = True

    def make_test_repo(name, multiple_hooks=False):
        """Create test repository for test setup methods."""
        hook_dir = os.path.join(name, 'hooks')
        template = os.path.join(name, 'input{{hooks}}')
>       os.mkdir(name)
E       FileExistsError: [Errno 17] File exists: '/testbed/tests/test-hooks'

tests/test_hooks.py:19: FileExistsError
_________ ERROR at setup of TestExternalHooks.test_run_failing_script __________

self = <tests.test_hooks.TestExternalHooks object at 0x7f2b4cac3730>
method = <bound method TestExternalHooks.test_run_failing_script of <tests.test_hooks.TestExternalHooks object at 0x7f2b4cac3730>>

    def setup_method(self, method):
        """External hooks related tests setup fixture."""
>       self.post_hook = make_test_repo(self.repo_path, multiple_hooks=True)

tests/test_hooks.py:123: 
_ _ _ _ _ _ _ _ _ _ _ _ _ _ _ _ _ _ _ _ _ _ _ _ _ _ _ _ _ _ _ _ _ _ _ _ _ _ _ _ 

name = '/testbed/tests/test-hooks', multiple_hooks = True

    def make_test_repo(name, multiple_hooks=False):
        """Create test repository for test setup methods."""
        hook_dir = os.path.join(name, 'hooks')
        template = os.path.join(name, 'input{{hooks}}')
>       os.mkdir(name)
E       FileExistsError: [Errno 17] File exists: '/testbed/tests/test-hooks'

tests/test_hooks.py:19: FileExistsError
_____ ERROR at setup of TestExternalHooks.test_run_failing_script_enoexec ______

self = <tests.test_hooks.TestExternalHooks object at 0x7f2b4cac1900>
method = <bound method TestExternalHooks.test_run_failing_script_enoexec of <tests.test_hooks.TestExternalHooks object at 0x7f2b4cac1900>>

    def setup_method(self, method):
        """External hooks related tests setup fixture."""
>       self.post_hook = make_test_repo(self.repo_path, multiple_hooks=True)

tests/test_hooks.py:123: 
_ _ _ _ _ _ _ _ _ _ _ _ _ _ _ _ _ _ _ _ _ _ _ _ _ _ _ _ _ _ _ _ _ _ _ _ _ _ _ _ 

name = '/testbed/tests/test-hooks', multiple_hooks = True

    def make_test_repo(name, multiple_hooks=False):
        """Create test repository for test setup methods."""
        hook_dir = os.path.join(name, 'hooks')
        template = os.path.join(name, 'input{{hooks}}')
>       os.mkdir(name)
E       FileExistsError: [Errno 17] File exists: '/testbed/tests/test-hooks'

tests/test_hooks.py:19: FileExistsError
___________ ERROR at setup of TestExternalHooks.test_run_script_cwd ____________

self = <tests.test_hooks.TestExternalHooks object at 0x7f2b4d7d9450>
method = <bound method TestExternalHooks.test_run_script_cwd of <tests.test_hooks.TestExternalHooks object at 0x7f2b4d7d9450>>

    def setup_method(self, method):
        """External hooks related tests setup fixture."""
>       self.post_hook = make_test_repo(self.repo_path, multiple_hooks=True)

tests/test_hooks.py:123: 
_ _ _ _ _ _ _ _ _ _ _ _ _ _ _ _ _ _ _ _ _ _ _ _ _ _ _ _ _ _ _ _ _ _ _ _ _ _ _ _ 

name = '/testbed/tests/test-hooks', multiple_hooks = True

    def make_test_repo(name, multiple_hooks=False):
        """Create test repository for test setup methods."""
        hook_dir = os.path.join(name, 'hooks')
        template = os.path.join(name, 'input{{hooks}}')
>       os.mkdir(name)
E       FileExistsError: [Errno 17] File exists: '/testbed/tests/test-hooks'

tests/test_hooks.py:19: FileExistsError
_______ ERROR at setup of TestExternalHooks.test_run_script_with_context _______

self = <tests.test_hooks.TestExternalHooks object at 0x7f2b4d7dbf70>
method = <bound method TestExternalHooks.test_run_script_with_context of <tests.test_hooks.TestExternalHooks object at 0x7f2b4d7dbf70>>

    def setup_method(self, method):
        """External hooks related tests setup fixture."""
>       self.post_hook = make_test_repo(self.repo_path, multiple_hooks=True)

tests/test_hooks.py:123: 
_ _ _ _ _ _ _ _ _ _ _ _ _ _ _ _ _ _ _ _ _ _ _ _ _ _ _ _ _ _ _ _ _ _ _ _ _ _ _ _ 

name = '/testbed/tests/test-hooks', multiple_hooks = True

    def make_test_repo(name, multiple_hooks=False):
        """Create test repository for test setup methods."""
        hook_dir = os.path.join(name, 'hooks')
        template = os.path.join(name, 'input{{hooks}}')
>       os.mkdir(name)
E       FileExistsError: [Errno 17] File exists: '/testbed/tests/test-hooks'

tests/test_hooks.py:19: FileExistsError
______________ ERROR at setup of TestExternalHooks.test_run_hook _______________

self = <tests.test_hooks.TestExternalHooks object at 0x7f2b4d7d9060>
method = <bound method TestExternalHooks.test_run_hook of <tests.test_hooks.TestExternalHooks object at 0x7f2b4d7d9060>>

    def setup_method(self, method):
        """External hooks related tests setup fixture."""
>       self.post_hook = make_test_repo(self.repo_path, multiple_hooks=True)

tests/test_hooks.py:123: 
_ _ _ _ _ _ _ _ _ _ _ _ _ _ _ _ _ _ _ _ _ _ _ _ _ _ _ _ _ _ _ _ _ _ _ _ _ _ _ _ 

name = '/testbed/tests/test-hooks', multiple_hooks = True

    def make_test_repo(name, multiple_hooks=False):
        """Create test repository for test setup methods."""
        hook_dir = os.path.join(name, 'hooks')
        template = os.path.join(name, 'input{{hooks}}')
>       os.mkdir(name)
E       FileExistsError: [Errno 17] File exists: '/testbed/tests/test-hooks'

tests/test_hooks.py:19: FileExistsError
__________ ERROR at setup of TestExternalHooks.test_run_failing_hook ___________

self = <tests.test_hooks.TestExternalHooks object at 0x7f2b4d7d9960>
method = <bound method TestExternalHooks.test_run_failing_hook of <tests.test_hooks.TestExternalHooks object at 0x7f2b4d7d9960>>

    def setup_method(self, method):
        """External hooks related tests setup fixture."""
>       self.post_hook = make_test_repo(self.repo_path, multiple_hooks=True)

tests/test_hooks.py:123: 
_ _ _ _ _ _ _ _ _ _ _ _ _ _ _ _ _ _ _ _ _ _ _ _ _ _ _ _ _ _ _ _ _ _ _ _ _ _ _ _ 

name = '/testbed/tests/test-hooks', multiple_hooks = True

    def make_test_repo(name, multiple_hooks=False):
        """Create test repository for test setup methods."""
        hook_dir = os.path.join(name, 'hooks')
        template = os.path.join(name, 'input{{hooks}}')
>       os.mkdir(name)
E       FileExistsError: [Errno 17] File exists: '/testbed/tests/test-hooks'

tests/test_hooks.py:19: FileExistsError
=================================== FAILURES ===================================
_____________________ test_type_error_if_no_template_name ______________________

replay_test_dir = 'tests/test-replay/'
context = {'cookiecutter': {'email': 'raphael@hackebrot.de', 'full_name': 'Raphael Pierzina', 'github_username': 'hackebrot', 'version': '0.1.0'}}

    def test_type_error_if_no_template_name(replay_test_dir, context):
        """Test that replay.dump raises if the template_name is not a valid str."""
>       with pytest.raises(TypeError):
E       Failed: DID NOT RAISE <class 'TypeError'>

tests/replay/test_dump.py:37: Failed
_____________________ test_type_error_if_not_dict_context ______________________

replay_test_dir = 'tests/test-replay/', template_name = 'cookiedozer'

    def test_type_error_if_not_dict_context(replay_test_dir, template_name):
        """Test that replay.dump raises if the context is not of type dict."""
>       with pytest.raises(TypeError):
E       Failed: DID NOT RAISE <class 'TypeError'>

tests/replay/test_dump.py:43: Failed
__________________ test_value_error_if_key_missing_in_context __________________

replay_test_dir = 'tests/test-replay/', template_name = 'cookiedozer'

    def test_value_error_if_key_missing_in_context(replay_test_dir, template_name):
        """Test that replay.dump raises if the context does not contain a key \
        named 'cookiecutter'."""
>       with pytest.raises(ValueError):
E       Failed: DID NOT RAISE <class 'ValueError'>

tests/replay/test_dump.py:50: Failed
__________________ test_ioerror_if_replay_dir_creation_fails ___________________

mock_ensure_failure = <MagicMock name='make_sure_path_exists' id='139823955812864'>
replay_test_dir = 'tests/test-replay/'

    def test_ioerror_if_replay_dir_creation_fails(mock_ensure_failure, replay_test_dir):
        """Test that replay.dump raises when the replay_dir cannot be created."""
>       with pytest.raises(OSError):
E       Failed: DID NOT RAISE <class 'OSError'>

tests/replay/test_dump.py:78: Failed
______________________________ test_run_json_dump ______________________________

self = <MagicMock name='make_sure_path_exists' id='139823971117584'>
args = ('tests/test-replay/',), kwargs = {}
msg = "Expected 'make_sure_path_exists' to be called once. Called 0 times."

    def assert_called_once_with(self, /, *args, **kwargs):
        """assert that the mock was called exactly once and that that call was
        with the specified arguments."""
        if not self.call_count == 1:
            msg = ("Expected '%s' to be called once. Called %s times.%s"
                   % (self._mock_name or 'mock',
                      self.call_count,
                      self._calls_repr()))
>           raise AssertionError(msg)
E           AssertionError: Expected 'make_sure_path_exists' to be called once. Called 0 times.

/usr/lib/python3.10/unittest/mock.py:940: AssertionError

During handling of the above exception, another exception occurred:

mocker = <pytest_mock.plugin.MockerFixture object at 0x7f2b4e2134f0>
mock_ensure_success = <MagicMock name='make_sure_path_exists' id='139823971117584'>
mock_user_config = <MagicMock name='get_user_config' id='139823943977280'>
template_name = 'cookiedozer'
context = {'cookiecutter': {'email': 'raphael@hackebrot.de', 'full_name': 'Raphael Pierzina', 'github_username': 'hackebrot', 'version': '0.1.0'}}
replay_test_dir = 'tests/test-replay/'
replay_file = 'tests/test-replay/cookiedozer.json'

    def test_run_json_dump(
        mocker,
        mock_ensure_success,
        mock_user_config,
        template_name,
        context,
        replay_test_dir,
        replay_file,
    ):
        """Test that replay.dump runs json.dump under the hood and that the context \
        is correctly written to the expected file in the replay_dir."""
        spy_get_replay_file = mocker.spy(replay, 'get_file_name')
    
        mock_json_dump = mocker.patch('json.dump', side_effect=json.dump)
    
        replay.dump(replay_test_dir, template_name, context)
    
        assert not mock_user_config.called
>       mock_ensure_success.assert_called_once_with(replay_test_dir)
E       AssertionError: Expected 'make_sure_path_exists' to be called once. Called 0 times.

tests/replay/test_dump.py:102: AssertionError
_____________________ test_type_error_if_no_template_name ______________________

replay_test_dir = 'tests/test-replay/'

    def test_type_error_if_no_template_name(replay_test_dir):
        """Test that replay.load raises if the template_name is not a valid str."""
>       with pytest.raises(TypeError):
E       Failed: DID NOT RAISE <class 'TypeError'>

tests/replay/test_load.py:26: Failed
__________________ test_value_error_if_key_missing_in_context __________________

mocker = <pytest_mock.plugin.MockerFixture object at 0x7f2b4c832710>
replay_test_dir = 'tests/test-replay/'

    def test_value_error_if_key_missing_in_context(mocker, replay_test_dir):
        """Test that replay.load raises if the loaded context does not contain \
        'cookiecutter'."""
>       with pytest.raises(ValueError):
E       Failed: DID NOT RAISE <class 'ValueError'>

tests/replay/test_load.py:33: Failed
_______________________ test_io_error_if_no_replay_file ________________________

mocker = <pytest_mock.plugin.MockerFixture object at 0x7f2b4ce12d70>
replay_test_dir = 'tests/test-replay/'

    def test_io_error_if_no_replay_file(mocker, replay_test_dir):
        """Test that replay.load raises if it cannot find a replay file."""
>       with pytest.raises(IOError):
E       Failed: DID NOT RAISE <class 'OSError'>

tests/replay/test_load.py:39: Failed
______________________________ test_run_json_load ______________________________

self = <MagicMock name='get_file_name' spec='function' id='139823955812480'>
args = ('tests/test-replay/', 'cookiedozer_load'), kwargs = {}
msg = "Expected 'get_file_name' to be called once. Called 0 times."

    def assert_called_once_with(self, /, *args, **kwargs):
        """assert that the mock was called exactly once and that that call was
        with the specified arguments."""
        if not self.call_count == 1:
            msg = ("Expected '%s' to be called once. Called %s times.%s"
                   % (self._mock_name or 'mock',
                      self.call_count,
[...]
 +  where None = process_json('{\n        "key": "value",\n        "integer_key": 37,\n        "dict_key": {\n            "deep_key": "deep_value",\n            "deep_integer": 42,\n            "deep_list": [\n                "deep value 1",\n                "deep value 2",\n                "deep value 3"\n            ]\n        },\n        "list_key": [\n            "value 1",\n            "value 2",\n            "value 3"\n        ]\n    }')
FAILED tests/test_read_user_dict.py::test_should_raise_type_error - Failed: DID NOT RAISE <class 'TypeError'>
FAILED tests/test_read_user_dict.py::test_should_call_prompt_with_process_json - TypeError: cannot unpack non-iterable NoneType object
FAILED tests/test_read_user_dict.py::test_read_user_dict_default_value[\n] - AssertionError: assert None == {'project_slug': 'pytest-plugin'}
FAILED tests/test_read_user_dict.py::test_read_user_dict_default_value[\ndefault\n] - AssertionError: assert None == {'project_slug': 'pytest-plugin'}
FAILED tests/test_read_user_dict.py::test_json_prompt_process_response - assert None == {'project_slug': 'something'}
 +  where None = process_response('{"project_slug": "something"}')
 +    where process_response = <cookiecutter.prompt.JsonPrompt object at 0x7f2b4c027700>.process_response
FAILED tests/test_read_user_variable.py::test_click_invocation - AssertionError: assert None == 'Kivy Project'
 +  where None = read_user_variable('project_name', 'Kivy Project')
FAILED tests/test_read_user_variable.py::test_input_loop_with_null_default_value - AssertionError: assert None == 'Kivy Project'
 +  where None = read_user_variable('project_name', None)
FAILED tests/test_read_user_yes_no.py::test_click_invocation - AssertionError: assert None == 'y'
 +  where None = read_user_yes_no('Is it okay to delete and re-clone it?', 'y')
FAILED tests/test_read_user_yes_no.py::test_yesno_prompt_process_response - Failed: DID NOT RAISE <class 'rich.prompt.InvalidResponse'>
FAILED tests/test_repo_not_found.py::test_should_raise_error_if_repo_does_not_exist - Failed: DID NOT RAISE <class 'cookiecutter.exceptions.RepositoryNotFound'>
FAILED tests/test_specify_output_dir.py::test_api_invocation - AssertionError: Expected 'generate_files' to be called once. Called 0 times.
FAILED tests/test_specify_output_dir.py::test_default_output_dir - AssertionError: Expected 'generate_files' to be called once. Called 0 times.
FAILED tests/test_templates.py::test_build_templates[include] - TypeError: expected str, bytes or os.PathLike object, not NoneType
FAILED tests/test_templates.py::test_build_templates[no-templates] - TypeError: expected str, bytes or os.PathLike object, not NoneType
FAILED tests/test_templates.py::test_build_templates[extends] - TypeError: expected str, bytes or os.PathLike object, not NoneType
FAILED tests/test_templates.py::test_build_templates[super] - TypeError: expected str, bytes or os.PathLike object, not NoneType
FAILED tests/test_time_extension.py::test_utc_default_datetime_format - jinja2.exceptions.TemplateSyntaxError: expected token 'end of statement block', got 'now'
FAILED tests/test_time_extension.py::test_accept_valid_timezones[utc] - jinja2.exceptions.TemplateSyntaxError: expected token 'end of statement block', got 'now'
FAILED tests/test_time_extension.py::test_accept_valid_timezones[local] - jinja2.exceptions.TemplateSyntaxError: expected token 'end of statement block', got 'now'
FAILED tests/test_time_extension.py::test_accept_valid_timezones[Europe/Berlin] - jinja2.exceptions.TemplateSyntaxError: expected token 'end of statement block', got 'now'
FAILED tests/test_time_extension.py::test_environment_datetime_format - jinja2.exceptions.TemplateSyntaxError: expected token 'end of statement block', got 'now'
FAILED tests/test_time_extension.py::test_add_time - jinja2.exceptions.TemplateSyntaxError: expected token 'end of statement block', got 'now'
FAILED tests/test_time_extension.py::test_substract_time - jinja2.exceptions.TemplateSyntaxError: expected token 'end of statement block', got 'now'
FAILED tests/test_time_extension.py::test_offset_with_format - jinja2.exceptions.TemplateSyntaxError: expected token 'end of statement block', got 'now'
FAILED tests/test_utils.py::test_force_delete - AssertionError: assert (33060 & 128) == 128
 +  where 33060 = os.stat_result(st_mode=33060, st_ino=3447, st_dev=17, st_nlink=1, st_uid=0, st_gid=0, st_size=9, st_atime=1732308265, st_mtime=1732308265, st_ctime=1732308265).st_mode
 +    where os.stat_result(st_mode=33060, st_ino=3447, st_dev=17, st_nlink=1, st_uid=0, st_gid=0, st_size=9, st_atime=1732308265, st_mtime=1732308265, st_ctime=1732308265) = stat()
 +      where stat = PosixPath('/tmp/pytest-of-root/pytest-0/test_force_delete0/bar').stat
 +  and   128 = stat.S_IWRITE
 +  and   128 = stat.S_IWRITE
FAILED tests/test_utils.py::test_rmtree - AssertionError: assert not True
 +  where True = exists()
 +    where exists = PosixPath('/tmp/pytest-of-root/pytest-0/test_rmtree0').exists
 +      where PosixPath('/tmp/pytest-of-root/pytest-0/test_rmtree0') = Path(PosixPath('/tmp/pytest-of-root/pytest-0/test_rmtree0'))
FAILED tests/test_utils.py::test_make_sure_path_exists - AssertionError: assert False
 +  where False = is_dir()
 +    where is_dir = PosixPath('/tmp/pytest-of-root/pytest-0/test_make_sure_path_exists0/not_yet_created').is_dir
FAILED tests/test_utils.py::test_make_sure_path_exists_correctly_handle_os_error - Failed: DID NOT RAISE <class 'OSError'>
FAILED tests/test_utils.py::test_work_in - TypeError: 'NoneType' object is not an iterator
FAILED tests/test_utils.py::test_work_in_without_path - TypeError: 'NoneType' object is not an iterator
FAILED tests/test_utils.py::test_create_tmp_repo_dir - AttributeError: 'NoneType' object has no attribute 'exists'
FAILED tests/vcs/test_clone.py::test_clone_should_raise_if_vcs_not_installed - Failed: DID NOT RAISE <class 'cookiecutter.exceptions.VCSNotInstalled'>
FAILED tests/vcs/test_clone.py::test_clone_should_rstrip_trailing_slash_in_repo_url - AssertionError: Expected 'check_output' to be called once. Called 0 times.
FAILED tests/vcs/test_clone.py::test_clone_should_abort_if_user_does_not_want_to_reclone - Failed: DID NOT RAISE <class 'SystemExit'>
FAILED tests/vcs/test_clone.py::test_clone_should_invoke_vcs_command[git-https://github.com/hello/world.git-world] - AssertionError: assert None == '/tmp/pytest-of-root/pytest-0/test_clone_should_invoke_vcs_c0/clone_dir/world'
FAILED tests/vcs/test_clone.py::test_clone_should_invoke_vcs_command[hg-https://bitbucket.org/foo/bar-bar] - AssertionError: assert None == '/tmp/pytest-of-root/pytest-0/test_clone_should_invoke_vcs_c1/clone_dir/bar'
FAILED tests/vcs/test_clone.py::test_clone_should_invoke_vcs_command[git-git@host:gitoliterepo-gitoliterepo] - AssertionError: assert None == '/tmp/pytest-of-root/pytest-0/test_clone_should_invoke_vcs_c2/clone_dir/gitoliterepo'
FAILED tests/vcs/test_clone.py::test_clone_should_invoke_vcs_command[git-git@gitlab.com:cookiecutter/cookiecutter.git-cookiecutter] - AssertionError: assert None == '/tmp/pytest-of-root/pytest-0/test_clone_should_invoke_vcs_c3/clone_dir/cookiecutter'
FAILED tests/vcs/test_clone.py::test_clone_should_invoke_vcs_command[git-git@github.com:cookiecutter/cookiecutter.git-cookiecutter] - AssertionError: assert None == '/tmp/pytest-of-root/pytest-0/test_clone_should_invoke_vcs_c4/clone_dir/cookiecutter'
FAILED tests/vcs/test_clone.py::test_clone_handles_repo_typo[fatal: repository 'https://github.com/hackebro/cookiedozer' not found] - Failed: DID NOT RAISE <class 'cookiecutter.exceptions.RepositoryNotFound'>
FAILED tests/vcs/test_clone.py::test_clone_handles_repo_typo[hg: abort: HTTP Error 404: Not Found] - Failed: DID NOT RAISE <class 'cookiecutter.exceptions.RepositoryNotFound'>
FAILED tests/vcs/test_clone.py::test_clone_handles_branch_typo[error: pathspec 'unknown_branch' did not match any file(s) known to git] - Failed: DID NOT RAISE <class 'cookiecutter.exceptions.RepositoryCloneFailed'>
FAILED tests/vcs/test_clone.py::test_clone_handles_branch_typo[hg: abort: unknown revision 'unknown_branch'!] - Failed: DID NOT RAISE <class 'cookiecutter.exceptions.RepositoryCloneFailed'>
FAILED tests/vcs/test_clone.py::test_clone_unknown_subprocess_error - Failed: DID NOT RAISE <class 'subprocess.CalledProcessError'>
FAILED tests/vcs/test_identify_repo.py::test_identify_known_repo[git+https://github.com/pytest-dev/cookiecutter-pytest-plugin.git-git-https://github.com/pytest-dev/cookiecutter-pytest-plugin.git] - AssertionError: assert None == ('git', 'https://github.com/pytest-dev/cookiecutter-pytest-plugin.git')
 +  where None = <function identify_repo at 0x7f2b4cc4dfc0>('git+https://github.com/pytest-dev/cookiecutter-pytest-plugin.git')
 +    where <function identify_repo at 0x7f2b4cc4dfc0> = vcs.identify_repo
FAILED tests/vcs/test_identify_repo.py::test_identify_known_repo[hg+https://bitbucket.org/foo/bar.hg-hg-https://bitbucket.org/foo/bar.hg] - AssertionError: assert None == ('hg', 'https://bitbucket.org/foo/bar.hg')
 +  where None = <function identify_repo at 0x7f2b4cc4dfc0>('hg+https://bitbucket.org/foo/bar.hg')
 +    where <function identify_repo at 0x7f2b4cc4dfc0> = vcs.identify_repo
FAILED tests/vcs/test_identify_repo.py::test_identify_known_repo[https://github.com/pytest-dev/cookiecutter-pytest-plugin.git-git-https://github.com/pytest-dev/cookiecutter-pytest-plugin.git] - AssertionError: assert None == ('git', 'https://github.com/pytest-dev/cookiecutter-pytest-plugin.git')
 +  where None = <function identify_repo at 0x7f2b4cc4dfc0>('https://github.com/pytest-dev/cookiecutter-pytest-plugin.git')
 +    where <function identify_repo at 0x7f2b4cc4dfc0> = vcs.identify_repo
FAILED tests/vcs/test_identify_repo.py::test_identify_known_repo[https://bitbucket.org/foo/bar.hg-hg-https://bitbucket.org/foo/bar.hg] - AssertionError: assert None == ('hg', 'https://bitbucket.org/foo/bar.hg')
 +  where None = <function identify_repo at 0x7f2b4cc4dfc0>('https://bitbucket.org/foo/bar.hg')
 +    where <function identify_repo at 0x7f2b4cc4dfc0> = vcs.identify_repo
FAILED tests/vcs/test_identify_repo.py::test_identify_known_repo[https://github.com/audreyfeldroy/cookiecutter-pypackage.git-git-https://github.com/audreyfeldroy/cookiecutter-pypackage.git] - AssertionError: assert None == ('git', 'https://github.com/audreyfeldroy/cookiecutter-pypackage.git')
 +  where None = <function identify_repo at 0x7f2b4cc4dfc0>('https://github.com/audreyfeldroy/cookiecutter-pypackage.git')
 +    where <function identify_repo at 0x7f2b4cc4dfc0> = vcs.identify_repo
FAILED tests/vcs/test_identify_repo.py::test_identify_known_repo[https://github.com/audreyfeldroy/cookiecutter-pypackage-git-https://github.com/audreyfeldroy/cookiecutter-pypackage] - AssertionError: assert None == ('git', 'https://github.com/audreyfeldroy/cookiecutter-pypackage')
 +  where None = <function identify_repo at 0x7f2b4cc4dfc0>('https://github.com/audreyfeldroy/cookiecutter-pypackage')
 +    where <function identify_repo at 0x7f2b4cc4dfc0> = vcs.identify_repo
FAILED tests/vcs/test_identify_repo.py::test_identify_known_repo[git@gitorious.org:cookiecutter-gitorious/cookiecutter-gitorious.git-git-git@gitorious.org:cookiecutter-gitorious/cookiecutter-gitorious.git] - AssertionError: assert None == ('git', 'git@gitorious.org:cookiecutter-gitorious/cookiecutter-gitorious.git')
 +  where None = <function identify_repo at 0x7f2b4cc4dfc0>('git@gitorious.org:cookiecutter-gitorious/cookiecutter-gitorious.git')
 +    where <function identify_repo at 0x7f2b4cc4dfc0> = vcs.identify_repo
FAILED tests/vcs/test_identify_repo.py::test_identify_known_repo[https://audreyr@bitbucket.org/audreyr/cookiecutter-bitbucket-hg-https://audreyr@bitbucket.org/audreyr/cookiecutter-bitbucket] - AssertionError: assert None == ('hg', 'https://audreyr@bitbucket.org/audreyr/cookiecutter-bitbucket')
 +  where None = <function identify_repo at 0x7f2b4cc4dfc0>('https://audreyr@bitbucket.org/audreyr/cookiecutter-bitbucket')
 +    where <function identify_repo at 0x7f2b4cc4dfc0> = vcs.identify_repo
FAILED tests/vcs/test_identify_repo.py::test_identify_raise_on_unknown_repo[foo+git] - Failed: DID NOT RAISE <class 'cookiecutter.exceptions.UnknownRepoType'>
FAILED tests/vcs/test_identify_repo.py::test_identify_raise_on_unknown_repo[foo+hg] - Failed: DID NOT RAISE <class 'cookiecutter.exceptions.UnknownRepoType'>
FAILED tests/vcs/test_identify_repo.py::test_identify_raise_on_unknown_repo[foo+bar] - Failed: DID NOT RAISE <class 'cookiecutter.exceptions.UnknownRepoType'>
FAILED tests/vcs/test_identify_repo.py::test_identify_raise_on_unknown_repo[foobar] - Failed: DID NOT RAISE <class 'cookiecutter.exceptions.UnknownRepoType'>
FAILED tests/vcs/test_identify_repo.py::test_identify_raise_on_unknown_repo[http://norepotypespecified.com] - Failed: DID NOT RAISE <class 'cookiecutter.exceptions.UnknownRepoType'>
FAILED tests/vcs/test_is_vcs_installed.py::test_is_vcs_installed[-False] - AssertionError: assert None == False
 +  where None = <function is_vcs_installed at 0x7f2b4cc4e050>('git')
 +    where <function is_vcs_installed at 0x7f2b4cc4e050> = vcs.is_vcs_installed
FAILED tests/vcs/test_is_vcs_installed.py::test_is_vcs_installed[None-False] - AssertionError: assert None == False
 +  where None = <function is_vcs_installed at 0x7f2b4cc4e050>('git')
 +    where <function is_vcs_installed at 0x7f2b4cc4e050> = vcs.is_vcs_installed
FAILED tests/vcs/test_is_vcs_installed.py::test_is_vcs_installed[False-False] - AssertionError: assert None == False
 +  where None = <function is_vcs_installed at 0x7f2b4cc4e050>('git')
 +    where <function is_vcs_installed at 0x7f2b4cc4e050> = vcs.is_vcs_installed
FAILED tests/vcs/test_is_vcs_installed.py::test_is_vcs_installed[/usr/local/bin/git-True] - AssertionError: assert None == True
 +  where None = <function is_vcs_installed at 0x7f2b4cc4e050>('git')
 +    where <function is_vcs_installed at 0x7f2b4cc4e050> = vcs.is_vcs_installed
FAILED tests/zipfile/test_unzip.py::test_unzip_local_file - AttributeError: 'NoneType' object has no attribute 'startswith'
FAILED tests/zipfile/test_unzip.py::test_unzip_protected_local_file_environment_password - AttributeError: 'NoneType' object has no attribute 'startswith'
FAILED tests/zipfile/test_unzip.py::test_unzip_protected_local_file_bad_environment_password - Failed: DID NOT RAISE <class 'cookiecutter.exceptions.InvalidZipRepository'>
FAILED tests/zipfile/test_unzip.py::test_unzip_protected_local_file_user_password_with_noinput - Failed: DID NOT RAISE <class 'cookiecutter.exceptions.InvalidZipRepository'>
FAILED tests/zipfile/test_unzip.py::test_unzip_protected_local_file_user_password - AttributeError: 'NoneType' object has no attribute 'startswith'
FAILED tests/zipfile/test_unzip.py::test_unzip_protected_local_file_user_bad_password - Failed: DID NOT RAISE <class 'cookiecutter.exceptions.InvalidZipRepository'>
FAILED tests/zipfile/test_unzip.py::test_empty_zip_file - Failed: DID NOT RAISE <class 'cookiecutter.exceptions.InvalidZipRepository'>
FAILED tests/zipfile/test_unzip.py::test_non_repo_zip_file - Failed: DID NOT RAISE <class 'cookiecutter.exceptions.InvalidZipRepository'>
FAILED tests/zipfile/test_unzip.py::test_bad_zip_file - Failed: DID NOT RAISE <class 'cookiecutter.exceptions.InvalidZipRepository'>
FAILED tests/zipfile/test_unzip.py::test_unzip_url - AttributeError: 'NoneType' object has no attribute 'startswith'
FAILED tests/zipfile/test_unzip.py::test_unzip_url_with_empty_chunks - AttributeError: 'NoneType' object has no attribute 'startswith'
FAILED tests/zipfile/test_unzip.py::test_unzip_url_existing_cache - AttributeError: 'NoneType' object has no attribute 'startswith'
FAILED tests/zipfile/test_unzip.py::test_unzip_url_existing_cache_no_input - AttributeError: 'NoneType' object has no attribute 'startswith'
FAILED tests/zipfile/test_unzip.py::test_unzip_should_abort_if_no_redownload - Failed: DID NOT RAISE <class 'SystemExit'>
FAILED tests/zipfile/test_unzip.py::test_unzip_is_ok_to_reuse - AttributeError: 'NoneType' object has no attribute 'startswith'
ERROR tests/test_cli.py::test_cli_overwrite_if_exists_when_output_dir_exists[-f] - FileExistsError: [Errno 17] File exists: 'fake-project'
ERROR tests/test_cli.py::test_cli_overwrite_if_exists_when_output_dir_exists[--overwrite-if-exists] - FileExistsError: [Errno 17] File exists: 'fake-project'
ERROR tests/test_cli.py::test_debug_list_installed_templates - FileExistsError: [Errno 17] File exists: 'fake-project'
ERROR tests/test_generate_file.py::test_generate_file - TypeError: can only concatenate list (not "NoneType") to list
ERROR tests/test_generate_file.py::test_generate_file_jsonify_filter - TypeError: can only concatenate list (not "NoneType") to list
ERROR tests/test_generate_file.py::test_generate_file_random_ascii_string[True-10] - TypeError: can only concatenate list (not "NoneType") to list
ERROR tests/test_generate_file.py::test_generate_file_random_ascii_string[True-40] - TypeError: can only concatenate list (not "NoneType") to list
ERROR tests/test_generate_file.py::test_generate_file_random_ascii_string[False-10] - TypeError: can only concatenate list (not "NoneType") to list
ERROR tests/test_generate_file.py::test_generate_file_random_ascii_string[False-40] - TypeError: can only concatenate list (not "NoneType") to list
ERROR tests/test_generate_file.py::test_generate_file_with_true_condition - TypeError: can only concatenate list (not "NoneType") to list
ERROR tests/test_generate_file.py::test_generate_file_with_false_condition - TypeError: can only concatenate list (not "NoneType") to list
ERROR tests/test_generate_file.py::test_generate_file_verbose_template_syntax_error - TypeError: can only concatenate list (not "NoneType") to list
ERROR tests/test_generate_file.py::test_generate_file_does_not_translate_lf_newlines_to_crlf - TypeError: can only concatenate list (not "NoneType") to list
ERROR tests/test_generate_file.py::test_generate_file_does_not_translate_crlf_newlines_to_lf - TypeError: can only concatenate list (not "NoneType") to list
ERROR tests/test_generate_file.py::test_generate_file_handles_mixed_line_endings - TypeError: can only concatenate list (not "NoneType") to list
ERROR tests/test_hooks.py::TestFindHooks::test_find_hook - FileExistsError: [Errno 17] File exists: 'tests/test-hooks'
ERROR tests/test_hooks.py::TestFindHooks::test_no_hooks - FileExistsError: [Errno 17] File exists: 'tests/test-hooks'
ERROR tests/test_hooks.py::TestFindHooks::test_unknown_hooks_dir - FileExistsError: [Errno 17] File exists: 'tests/test-hooks'
ERROR tests/test_hooks.py::TestFindHooks::test_hook_not_found - FileExistsError: [Errno 17] File exists: 'tests/test-hooks'
ERROR tests/test_hooks.py::TestExternalHooks::test_run_script - FileExistsError: [Errno 17] File exists: '/testbed/tests/test-hooks'
ERROR tests/test_hooks.py::TestExternalHooks::test_run_failing_script - FileExistsError: [Errno 17] File exists: '/testbed/tests/test-hooks'
ERROR tests/test_hooks.py::TestExternalHooks::test_run_failing_script_enoexec - FileExistsError: [Errno 17] File exists: '/testbed/tests/test-hooks'
ERROR tests/test_hooks.py::TestExternalHooks::test_run_script_cwd - FileExistsError: [Errno 17] File exists: '/testbed/tests/test-hooks'
ERROR tests/test_hooks.py::TestExternalHooks::test_run_script_with_context - FileExistsError: [Errno 17] File exists: '/testbed/tests/test-hooks'
ERROR tests/test_hooks.py::TestExternalHooks::test_run_hook - FileExistsError: [Errno 17] File exists: '/testbed/tests/test-hooks'
ERROR tests/test_hooks.py::TestExternalHooks::test_run_failing_hook - FileExistsError: [Errno 17] File exists: '/testbed/tests/test-hooks'
============= 325 failed, 16 passed, 4 skipped, 26 errors in 8.15s =============
